This file contains any messages produced by compilers while
running configure, to aid debugging if configure makes a mistake.

It was created by PostgreSQL configure 8.1.4, which was
generated by GNU Autoconf 2.59.  Invocation command line was

  $ ./configure --prefix=/usr/local/pgsql CFLAGS=-g -O0 --enable-debug --enable-cassert

## --------- ##
## Platform. ##
## --------- ##

hostname = YacineDell
uname -m = x86_64
uname -r = 6.6.87.2-microsoft-standard-WSL2
uname -s = Linux
uname -v = #1 SMP PREEMPT_DYNAMIC Thu Jun  5 18:30:46 UTC 2025

/usr/bin/uname -p = x86_64
/bin/uname -X     = unknown

/bin/arch              = x86_64
/usr/bin/arch -k       = unknown
/usr/convex/getsysinfo = unknown
hostinfo               = unknown
/bin/machine           = unknown
/usr/bin/oslevel       = unknown
/bin/universe          = unknown

PATH: /usr/local/sbin
PATH: /usr/local/bin
PATH: /usr/sbin
PATH: /usr/bin
PATH: /sbin
PATH: /bin
PATH: /usr/games
PATH: /usr/local/games
PATH: /usr/lib/wsl/lib
PATH: /mnt/c/Users/yacin/AppData/Local/activestate/cache/bin
PATH: /mnt/c/Program Files/Common Files/Oracle/Java/javapath
PATH: /mnt/c/Program Files/Eclipse Adoptium/jdk-21.0.2.13-hotspot/bin
PATH: /mnt/c/Program Files (x86)/Common Files/Oracle/Java/javapath
PATH: /mnt/c/WINDOWS/system32
PATH: /mnt/c/WINDOWS
PATH: /mnt/c/WINDOWS/System32/Wbem
PATH: /mnt/c/WINDOWS/System32/WindowsPowerShell/v1.0/
PATH: /mnt/c/WINDOWS/System32/OpenSSH/
PATH: /mnt/c/Program Files/dotnet/
PATH: /mnt/c/Program Files/nodejs/
PATH: /mnt/c/posrgresql-42.7.3
PATH: /mnt/c/prolog
PATH: /mnt/c/php-8.2.0
PATH: /mnt/c/Program Files/Java/jre-1.8/bin
PATH: /mnt/c/Program Files/Go/bin
PATH: /mnt/c/Program Files/Git/cmd
PATH: /mnt/c/Program Files/Git LFS
PATH: /mnt/c/Program Files/Java/jdk-23/bin
PATH: /mnt/c/Program Files/Java/jdk-17/bin
PATH: /mnt/c/Program Files/apache-maven-3.9.9/bin
PATH: /mnt/c/Program Files/glassfish7/bin
PATH: /mnt/c/Program Files/MySQL/MySQL Server 8.0/bin
PATH: /mnt/c/Program Files/PostgreSQL/17/bin
PATH: /mnt/c/MinGW/bin
PATH: /mnt/c/MinGW/msys/1.0/bin
PATH: /mnt/c/Program Files (x86)/GnuWin32
PATH: /mnt/c/Program Files (x86)/Windows Kits/10/Windows Performance Toolkit/
PATH: /mnt/c/Users/yacin/AppData/Local/ActiveState/StateTool/release/bin
PATH: /mnt/c/Windows/system32
PATH: /mnt/c/Windows
PATH: /mnt/c/Windows/System32/Wbem
PATH: /mnt/c/Windows/System32/WindowsPowerShell/v1.0/
PATH: /mnt/c/Windows/System32/OpenSSH/
PATH: /mnt/c/Users/yacin/AppData/Local/Microsoft/WindowsApps
PATH: /mnt/c/Program Files/swipl/bin
PATH: /mnt/c/Users/yacin/go/bin
PATH: /mnt/c/Users/yacin/AppData/Roaming/npm
PATH: /mnt/c/ProgramData/yacin/GitHubDesktop/bin
PATH: /mnt/c/Users/yacin/AppData/Local/GitHubDesktop/bin
PATH: /mnt/c/Users/yacin/AppData/Local/Programs/Microsoft VS Code/bin
PATH: /mnt/c/Users/yacin/AppData/Local/Microsoft/WindowsApps
PATH: /mnt/c/Program Files (x86)/Nmap
PATH: /mnt/c/Users/yacin/.dotnet/tools
PATH: /snap/bin


## ----------- ##
## Core tests. ##
## ----------- ##

configure:1405: checking build system type
configure:1423: result: x86_64-unknown-linux-gnu
configure:1431: checking host system type
configure:1445: result: x86_64-unknown-linux-gnu
configure:1455: checking which template to use
configure:1556: result: linux
configure:1694: checking whether to build with 64-bit integer date/time support
configure:1725: result: no
configure:1732: checking whether NLS is wanted
configure:1766: result: no
configure:1774: checking for default port number
configure:1803: result: 5432
configure:2028: checking for gcc
configure:2044: found /usr/bin/gcc
configure:2054: result: gcc
configure:2075: checking for C compiler version
configure:2078: gcc --version </dev/null >&5
gcc (Ubuntu 13.3.0-6ubuntu2~24.04) 13.3.0
Copyright (C) 2023 Free Software Foundation, Inc.
This is free software; see the source for copying conditions.  There is NO
warranty; not even for MERCHANTABILITY or FITNESS FOR A PARTICULAR PURPOSE.

configure:2081: $? = 0
configure:2083: gcc -v </dev/null >&5
Using built-in specs.
COLLECT_GCC=gcc
COLLECT_LTO_WRAPPER=/usr/libexec/gcc/x86_64-linux-gnu/13/lto-wrapper
OFFLOAD_TARGET_NAMES=nvptx-none:amdgcn-amdhsa
OFFLOAD_TARGET_DEFAULT=1
Target: x86_64-linux-gnu
Configured with: ../src/configure -v --with-pkgversion='Ubuntu 13.3.0-6ubuntu2~24.04' --with-bugurl=file:///usr/share/doc/gcc-13/README.Bugs --enable-languages=c,ada,c++,go,d,fortran,objc,obj-c++,m2 --prefix=/usr --with-gcc-major-version-only --program-suffix=-13 --program-prefix=x86_64-linux-gnu- --enable-shared --enable-linker-build-id --libexecdir=/usr/libexec --without-included-gettext --enable-threads=posix --libdir=/usr/lib --enable-nls --enable-bootstrap --enable-clocale=gnu --enable-libstdcxx-debug --enable-libstdcxx-time=yes --with-default-libstdcxx-abi=new --enable-libstdcxx-backtrace --enable-gnu-unique-object --disable-vtable-verify --enable-plugin --enable-default-pie --with-system-zlib --enable-libphobos-checking=release --with-target-system-zlib=auto --enable-objc-gc=auto --enable-multiarch --disable-werror --enable-cet --with-arch-32=i686 --with-abi=m64 --with-multilib-list=m32,m64,mx32 --enable-multilib --with-tune=generic --enable-offload-targets=nvptx-none=/build/gcc-13-fG75Ri/gcc-13-13.3.0/debian/tmp-nvptx/usr,amdgcn-amdhsa=/build/gcc-13-fG75Ri/gcc-13-13.3.0/debian/tmp-gcn/usr --enable-offload-defaulted --without-cuda-driver --enable-checking=release --build=x86_64-linux-gnu --host=x86_64-linux-gnu --target=x86_64-linux-gnu --with-build-config=bootstrap-lto-lean --enable-link-serialization=2
Thread model: posix
Supported LTO compression algorithms: zlib zstd
gcc version 13.3.0 (Ubuntu 13.3.0-6ubuntu2~24.04) 
configure:2086: $? = 0
configure:2088: gcc -V </dev/null >&5
gcc: error: unrecognized command-line option '-V'
gcc: fatal error: no input files
compilation terminated.
configure:2091: $? = 1
configure:2114: checking for C compiler default output file name
configure:2117: gcc -g -O0   conftest.c  >&5
configure:2120: $? = 0
configure:2166: result: a.out
configure:2171: checking whether the C compiler works
configure:2177: ./a.out
configure:2180: $? = 0
configure:2197: result: yes
configure:2204: checking whether we are cross compiling
configure:2206: result: no
configure:2209: checking for suffix of executables
configure:2211: gcc -o conftest -g -O0   conftest.c  >&5
configure:2214: $? = 0
configure:2239: result: 
configure:2245: checking for suffix of object files
configure:2266: gcc -c -g -O0  conftest.c >&5
configure:2269: $? = 0
configure:2291: result: o
configure:2295: checking whether we are using the GNU C compiler
configure:2319: gcc -c -g -O0  conftest.c >&5
configure:2325: $? = 0
configure:2329: test -z 
			 || test ! -s conftest.err
configure:2332: $? = 0
configure:2335: test -s conftest.o
configure:2338: $? = 0
configure:2351: result: yes
configure:2357: checking whether gcc accepts -g
configure:2378: gcc -c -g  conftest.c >&5
configure:2384: $? = 0
configure:2388: test -z 
			 || test ! -s conftest.err
configure:2391: $? = 0
configure:2394: test -s conftest.o
configure:2397: $? = 0
configure:2408: result: yes
configure:2425: checking for gcc option to accept ANSI C
configure:2495: gcc  -c -g -O0  conftest.c >&5
configure:2501: $? = 0
configure:2505: test -z 
			 || test ! -s conftest.err
configure:2508: $? = 0
configure:2511: test -s conftest.o
configure:2514: $? = 0
configure:2532: result: none needed
configure:2550: gcc -c -g -O0  conftest.c >&5
conftest.c:2:3: error: unknown type name 'choke'
    2 |   choke me
      |   ^~~~~
conftest.c:2:3: error: expected '=', ',', ';', 'asm' or '__attribute__' at end of input
configure:2556: $? = 1
configure: failed program was:
| #ifndef __cplusplus
|   choke me
| #endif
configure:2721: checking if gcc supports -Wdeclaration-after-statement
configure:2741: gcc -c -g -O0 -Wall -Wmissing-prototypes -Wpointer-arith -Winline -Wdeclaration-after-statement -D_GNU_SOURCE conftest.c >&5
configure:2747: $? = 0
configure:2751: test -z 
			 || test ! -s conftest.err
configure:2754: $? = 0
configure:2757: test -s conftest.o
configure:2760: $? = 0
configure:2762: result: yes
configure:2774: checking if gcc supports -Wendif-labels
configure:2794: gcc -c -g -O0 -Wall -Wmissing-prototypes -Wpointer-arith -Winline -Wdeclaration-after-statement -Wendif-labels -D_GNU_SOURCE conftest.c >&5
configure:2800: $? = 0
configure:2804: test -z 
			 || test ! -s conftest.err
configure:2807: $? = 0
configure:2810: test -s conftest.o
configure:2813: $? = 0
configure:2815: result: yes
configure:2829: checking if gcc supports -fno-strict-aliasing
configure:2849: gcc -c -g -O0 -Wall -Wmissing-prototypes -Wpointer-arith -Winline -Wdeclaration-after-statement -Wendif-labels -fno-strict-aliasing -D_GNU_SOURCE conftest.c >&5
configure:2855: $? = 0
configure:2859: test -z 
			 || test ! -s conftest.err
configure:2862: $? = 0
configure:2865: test -s conftest.o
configure:2868: $? = 0
configure:2870: result: yes
configure:2889: using CFLAGS=-g -O0 -Wall -Wmissing-prototypes -Wpointer-arith -Winline -Wdeclaration-after-statement -Wendif-labels -fno-strict-aliasing -g
configure:2898: checking whether the C compiler still works
configure:2917: gcc -o conftest -g -O0 -Wall -Wmissing-prototypes -Wpointer-arith -Winline -Wdeclaration-after-statement -Wendif-labels -fno-strict-aliasing -g -D_GNU_SOURCE  conftest.c  >&5
configure:2923: $? = 0
configure:2927: test -z 
			 || test ! -s conftest.err
configure:2930: $? = 0
configure:2933: test -s conftest
configure:2936: $? = 0
configure:2938: result: yes
configure:2973: gcc -c -g -O0 -Wall -Wmissing-prototypes -Wpointer-arith -Winline -Wdeclaration-after-statement -Wendif-labels -fno-strict-aliasing -g -D_GNU_SOURCE conftest.c >&5
configure:2979: $? = 0
configure:2983: test -z 
			 || test ! -s conftest.err
configure:2986: $? = 0
configure:2989: test -s conftest.o
configure:2992: $? = 0
configure:3011: checking how to run the C preprocessor
configure:3046: gcc -E -D_GNU_SOURCE conftest.c
configure:3052: $? = 0
configure:3084: gcc -E -D_GNU_SOURCE conftest.c
conftest.c:12:10: fatal error: ac_nonexistent.h: No such file or directory
   12 | #include <ac_nonexistent.h>
      |          ^~~~~~~~~~~~~~~~~~
compilation terminated.
configure:3090: $? = 1
configure: failed program was:
| /* confdefs.h.  */
| 
| #define PACKAGE_NAME "PostgreSQL"
| #define PACKAGE_TARNAME "postgresql"
| #define PACKAGE_VERSION "8.1.4"
| #define PACKAGE_STRING "PostgreSQL 8.1.4"
| #define PACKAGE_BUGREPORT "pgsql-bugs@postgresql.org"
| #define PG_VERSION "8.1.4"
| #define DEF_PGPORT 5432
| #define DEF_PGPORT_STR "5432"
| /* end confdefs.h.  */
| #include <ac_nonexistent.h>
configure:3129: result: gcc -E
configure:3153: gcc -E -D_GNU_SOURCE conftest.c
configure:3159: $? = 0
configure:3191: gcc -E -D_GNU_SOURCE conftest.c
conftest.c:12:10: fatal error: ac_nonexistent.h: No such file or directory
   12 | #include <ac_nonexistent.h>
      |          ^~~~~~~~~~~~~~~~~~
compilation terminated.
configure:3197: $? = 1
configure: failed program was:
| /* confdefs.h.  */
| 
| #define PACKAGE_NAME "PostgreSQL"
| #define PACKAGE_TARNAME "postgresql"
| #define PACKAGE_VERSION "8.1.4"
| #define PACKAGE_STRING "PostgreSQL 8.1.4"
| #define PACKAGE_BUGREPORT "pgsql-bugs@postgresql.org"
| #define PG_VERSION "8.1.4"
| #define DEF_PGPORT 5432
| #define DEF_PGPORT_STR "5432"
| /* end confdefs.h.  */
| #include <ac_nonexistent.h>
configure:3372: checking allow thread-safe client libraries
configure:3433: result: no
configure:3440: checking whether to build with Tcl
configure:3468: result: no
configure:3504: checking whether to build Perl modules
configure:3532: result: no
configure:3539: checking whether to build Python modules
configure:3567: result: no
configure:3574: checking whether to build with Kerberos 5 support
configure:3609: result: no
configure:3657: checking whether to build with PAM support
configure:3689: result: no
configure:3697: checking whether to build with Bonjour support
configure:3729: result: no
configure:3737: checking whether to build with OpenSSL support
configure:3769: result: no
configure:3858: checking for egrep
configure:3868: result: grep -E
configure:3905: using CPPFLAGS=-D_GNU_SOURCE 
configure:3907: using LDFLAGS= 
configure:3916: checking for gawk
configure:3932: found /usr/bin/gawk
configure:3942: result: gawk
configure:3952: checking for flex
configure:3991: result: /usr/bin/flex
configure:4026: checking whether ln -s works
configure:4030: result: yes
configure:4048: checking for ld used by GCC
configure:4111: result: /usr/bin/ld
configure:4120: checking if the linker (/usr/bin/ld) is GNU ld
GNU ld (GNU Binutils for Ubuntu) 2.42
configure:4132: result: yes
configure:4242: checking for ranlib
configure:4258: found /usr/bin/ranlib
configure:4269: result: ranlib
configure:4285: checking for lorder
configure:4314: result: no
configure:4323: checking for tar
configure:4341: found /usr/bin/tar
configure:4353: result: /usr/bin/tar
configure:4402: checking for strip
configure:4418: found /usr/bin/strip
configure:4429: result: strip
configure:4442: checking whether it is possible to strip libraries
configure:4447: result: yes
configure:4463: checking for bison
configure:4479: found /usr/bin/bison
configure:4489: result: bison -y
configure:4533: checking for perl
configure:4551: found /usr/bin/perl
configure:4563: result: /usr/bin/perl
configure:4723: checking for main in -lbsd
configure:4747: gcc -o conftest -g -O0 -Wall -Wmissing-prototypes -Wpointer-arith -Winline -Wdeclaration-after-statement -Wendif-labels -fno-strict-aliasing -g -D_GNU_SOURCE    conftest.c -lbsd   >&5
conftest.c: In function 'main':
conftest.c:18:1: warning: infinite recursion detected [-Winfinite-recursion]
   18 | main ()
      | ^~~~
conftest.c:20:1: note: recursive call
   20 | main ();
      | ^~~~~~~
/usr/bin/ld: cannot find -lbsd: No such file or directory
collect2: error: ld returned 1 exit status
configure:4753: $? = 1
configure: failed program was:
| /* confdefs.h.  */
| 
| #define PACKAGE_NAME "PostgreSQL"
| #define PACKAGE_TARNAME "postgresql"
| #define PACKAGE_VERSION "8.1.4"
| #define PACKAGE_STRING "PostgreSQL 8.1.4"
| #define PACKAGE_BUGREPORT "pgsql-bugs@postgresql.org"
| #define PG_VERSION "8.1.4"
| #define DEF_PGPORT 5432
| #define DEF_PGPORT_STR "5432"
| #define PG_VERSION_STR "PostgreSQL 8.1.4 on x86_64-unknown-linux-gnu, compiled by GCC gcc (Ubuntu 13.3.0-6ubuntu2~24.04) 13.3.0"
| #define USE_ASSERT_CHECKING 1
| #define PG_KRB_SRVNAM "postgres"
| /* end confdefs.h.  */
| 
| 
| int
| main ()
| {
| main ();
|   ;
|   return 0;
| }
configure:4779: result: no
configure:4792: checking for setproctitle in -lutil
configure:4822: gcc -o conftest -g -O0 -Wall -Wmissing-prototypes -Wpointer-arith -Winline -Wdeclaration-after-statement -Wendif-labels -fno-strict-aliasing -g -D_GNU_SOURCE    conftest.c -lutil   >&5
/usr/bin/ld: /tmp/ccT2htn2.o: in function `main':
/home/yass_y/postgresql-8.1.4/postgresql-8.1.4/conftest.c:26:(.text+0xe): undefined reference to `setproctitle'
collect2: error: ld returned 1 exit status
configure:4828: $? = 1
configure: failed program was:
| /* confdefs.h.  */
| 
| #define PACKAGE_NAME "PostgreSQL"
| #define PACKAGE_TARNAME "postgresql"
| #define PACKAGE_VERSION "8.1.4"
| #define PACKAGE_STRING "PostgreSQL 8.1.4"
| #define PACKAGE_BUGREPORT "pgsql-bugs@postgresql.org"
| #define PG_VERSION "8.1.4"
| #define DEF_PGPORT 5432
| #define DEF_PGPORT_STR "5432"
| #define PG_VERSION_STR "PostgreSQL 8.1.4 on x86_64-unknown-linux-gnu, compiled by GCC gcc (Ubuntu 13.3.0-6ubuntu2~24.04) 13.3.0"
| #define USE_ASSERT_CHECKING 1
| #define PG_KRB_SRVNAM "postgres"
| /* end confdefs.h.  */
| 
| /* Override any gcc2 internal prototype to avoid an error.  */
| #ifdef __cplusplus
| extern "C"
| #endif
| /* We use char because int might match the return type of a gcc2
|    builtin and then its argument prototype would still apply.  */
| char setproctitle ();
| int
| main ()
| {
| setproctitle ();
|   ;
|   return 0;
| }
configure:4854: result: no
configure:4866: checking for main in -lm
configure:4890: gcc -o conftest -g -O0 -Wall -Wmissing-prototypes -Wpointer-arith -Winline -Wdeclaration-after-statement -Wendif-labels -fno-strict-aliasing -g -D_GNU_SOURCE    conftest.c -lm   >&5
conftest.c: In function 'main':
conftest.c:18:1: warning: infinite recursion detected [-Winfinite-recursion]
   18 | main ()
      | ^~~~
conftest.c:20:1: note: recursive call
   20 | main ();
      | ^~~~~~~
configure:4896: $? = 0
configure:4900: test -z 
			 || test ! -s conftest.err
configure:4903: $? = 0
configure:4906: test -s conftest
configure:4909: $? = 0
configure:4922: result: yes
configure:4934: checking for main in -ldl
configure:4958: gcc -o conftest -g -O0 -Wall -Wmissing-prototypes -Wpointer-arith -Winline -Wdeclaration-after-statement -Wendif-labels -fno-strict-aliasing -g -D_GNU_SOURCE    conftest.c -ldl  -lm  >&5
conftest.c: In function 'main':
conftest.c:19:1: warning: infinite recursion detected [-Winfinite-recursion]
   19 | main ()
      | ^~~~
conftest.c:21:1: note: recursive call
   21 | main ();
      | ^~~~~~~
configure:4964: $? = 0
configure:4968: test -z 
			 || test ! -s conftest.err
configure:4971: $? = 0
configure:4974: test -s conftest
configure:4977: $? = 0
configure:4990: result: yes
configure:5002: checking for main in -lnsl
configure:5026: gcc -o conftest -g -O0 -Wall -Wmissing-prototypes -Wpointer-arith -Winline -Wdeclaration-after-statement -Wendif-labels -fno-strict-aliasing -g -D_GNU_SOURCE    conftest.c -lnsl  -ldl -lm  >&5
conftest.c: In function 'main':
conftest.c:20:1: warning: infinite recursion detected [-Winfinite-recursion]
   20 | main ()
      | ^~~~
conftest.c:22:1: note: recursive call
   22 | main ();
      | ^~~~~~~
/usr/bin/ld: cannot find -lnsl: No such file or directory
collect2: error: ld returned 1 exit status
configure:5032: $? = 1
configure: failed program was:
| /* confdefs.h.  */
| 
| #define PACKAGE_NAME "PostgreSQL"
| #define PACKAGE_TARNAME "postgresql"
| #define PACKAGE_VERSION "8.1.4"
| #define PACKAGE_STRING "PostgreSQL 8.1.4"
| #define PACKAGE_BUGREPORT "pgsql-bugs@postgresql.org"
| #define PG_VERSION "8.1.4"
| #define DEF_PGPORT 5432
| #define DEF_PGPORT_STR "5432"
| #define PG_VERSION_STR "PostgreSQL 8.1.4 on x86_64-unknown-linux-gnu, compiled by GCC gcc (Ubuntu 13.3.0-6ubuntu2~24.04) 13.3.0"
| #define USE_ASSERT_CHECKING 1
| #define PG_KRB_SRVNAM "postgres"
| #define HAVE_LIBM 1
| #define HAVE_LIBDL 1
| /* end confdefs.h.  */
| 
| 
| int
| main ()
| {
| main ();
|   ;
|   return 0;
| }
configure:5058: result: no
configure:5070: checking for main in -lsocket
configure:5094: gcc -o conftest -g -O0 -Wall -Wmissing-prototypes -Wpointer-arith -Winline -Wdeclaration-after-statement -Wendif-labels -fno-strict-aliasing -g -D_GNU_SOURCE    conftest.c -lsocket  -ldl -lm  >&5
conftest.c: In function 'main':
conftest.c:20:1: warning: infinite recursion detected [-Winfinite-recursion]
   20 | main ()
      | ^~~~
conftest.c:22:1: note: recursive call
   22 | main ();
      | ^~~~~~~
/usr/bin/ld: cannot find -lsocket: No such file or directory
collect2: error: ld returned 1 exit status
configure:5100: $? = 1
configure: failed program was:
| /* confdefs.h.  */
| 
| #define PACKAGE_NAME "PostgreSQL"
| #define PACKAGE_TARNAME "postgresql"
| #define PACKAGE_VERSION "8.1.4"
| #define PACKAGE_STRING "PostgreSQL 8.1.4"
| #define PACKAGE_BUGREPORT "pgsql-bugs@postgresql.org"
| #define PG_VERSION "8.1.4"
| #define DEF_PGPORT 5432
| #define DEF_PGPORT_STR "5432"
| #define PG_VERSION_STR "PostgreSQL 8.1.4 on x86_64-unknown-linux-gnu, compiled by GCC gcc (Ubuntu 13.3.0-6ubuntu2~24.04) 13.3.0"
| #define USE_ASSERT_CHECKING 1
| #define PG_KRB_SRVNAM "postgres"
| #define HAVE_LIBM 1
| #define HAVE_LIBDL 1
| /* end confdefs.h.  */
| 
| 
| int
| main ()
| {
| main ();
|   ;
|   return 0;
| }
configure:5126: result: no
configure:5138: checking for main in -lipc
configure:5162: gcc -o conftest -g -O0 -Wall -Wmissing-prototypes -Wpointer-arith -Winline -Wdeclaration-after-statement -Wendif-labels -fno-strict-aliasing -g -D_GNU_SOURCE    conftest.c -lipc  -ldl -lm  >&5
conftest.c: In function 'main':
conftest.c:20:1: warning: infinite recursion detected [-Winfinite-recursion]
   20 | main ()
      | ^~~~
conftest.c:22:1: note: recursive call
   22 | main ();
      | ^~~~~~~
/usr/bin/ld: cannot find -lipc: No such file or directory
collect2: error: ld returned 1 exit status
configure:5168: $? = 1
configure: failed program was:
| /* confdefs.h.  */
| 
| #define PACKAGE_NAME "PostgreSQL"
| #define PACKAGE_TARNAME "postgresql"
| #define PACKAGE_VERSION "8.1.4"
| #define PACKAGE_STRING "PostgreSQL 8.1.4"
| #define PACKAGE_BUGREPORT "pgsql-bugs@postgresql.org"
| #define PG_VERSION "8.1.4"
| #define DEF_PGPORT 5432
| #define DEF_PGPORT_STR "5432"
| #define PG_VERSION_STR "PostgreSQL 8.1.4 on x86_64-unknown-linux-gnu, compiled by GCC gcc (Ubuntu 13.3.0-6ubuntu2~24.04) 13.3.0"
| #define USE_ASSERT_CHECKING 1
| #define PG_KRB_SRVNAM "postgres"
| #define HAVE_LIBM 1
| #define HAVE_LIBDL 1
| /* end confdefs.h.  */
| 
| 
| int
| main ()
| {
| main ();
|   ;
|   return 0;
| }
configure:5194: result: no
configure:5206: checking for main in -lIPC
configure:5230: gcc -o conftest -g -O0 -Wall -Wmissing-prototypes -Wpointer-arith -Winline -Wdeclaration-after-statement -Wendif-labels -fno-strict-aliasing -g -D_GNU_SOURCE    conftest.c -lIPC  -ldl -lm  >&5
conftest.c: In function 'main':
conftest.c:20:1: warning: infinite recursion detected [-Winfinite-recursion]
   20 | main ()
      | ^~~~
conftest.c:22:1: note: recursive call
   22 | main ();
      | ^~~~~~~
/usr/bin/ld: cannot find -lIPC: No such file or directory
collect2: error: ld returned 1 exit status
configure:5236: $? = 1
configure: failed program was:
| /* confdefs.h.  */
| 
| #define PACKAGE_NAME "PostgreSQL"
| #define PACKAGE_TARNAME "postgresql"
| #define PACKAGE_VERSION "8.1.4"
| #define PACKAGE_STRING "PostgreSQL 8.1.4"
| #define PACKAGE_BUGREPORT "pgsql-bugs@postgresql.org"
| #define PG_VERSION "8.1.4"
| #define DEF_PGPORT 5432
| #define DEF_PGPORT_STR "5432"
| #define PG_VERSION_STR "PostgreSQL 8.1.4 on x86_64-unknown-linux-gnu, compiled by GCC gcc (Ubuntu 13.3.0-6ubuntu2~24.04) 13.3.0"
| #define USE_ASSERT_CHECKING 1
| #define PG_KRB_SRVNAM "postgres"
| #define HAVE_LIBM 1
| #define HAVE_LIBDL 1
| /* end confdefs.h.  */
| 
| 
| int
| main ()
| {
| main ();
|   ;
|   return 0;
| }
configure:5262: result: no
configure:5274: checking for main in -llc
configure:5298: gcc -o conftest -g -O0 -Wall -Wmissing-prototypes -Wpointer-arith -Winline -Wdeclaration-after-statement -Wendif-labels -fno-strict-aliasing -g -D_GNU_SOURCE    conftest.c -llc  -ldl -lm  >&5
conftest.c: In function 'main':
conftest.c:20:1: warning: infinite recursion detected [-Winfinite-recursion]
   20 | main ()
      | ^~~~
conftest.c:22:1: note: recursive call
   22 | main ();
      | ^~~~~~~
/usr/bin/ld: cannot find -llc: No such file or directory
collect2: error: ld returned 1 exit status
configure:5304: $? = 1
configure: failed program was:
| /* confdefs.h.  */
| 
| #define PACKAGE_NAME "PostgreSQL"
| #define PACKAGE_TARNAME "postgresql"
| #define PACKAGE_VERSION "8.1.4"
| #define PACKAGE_STRING "PostgreSQL 8.1.4"
| #define PACKAGE_BUGREPORT "pgsql-bugs@postgresql.org"
| #define PG_VERSION "8.1.4"
| #define DEF_PGPORT 5432
| #define DEF_PGPORT_STR "5432"
| #define PG_VERSION_STR "PostgreSQL 8.1.4 on x86_64-unknown-linux-gnu, compiled by GCC gcc (Ubuntu 13.3.0-6ubuntu2~24.04) 13.3.0"
| #define USE_ASSERT_CHECKING 1
| #define PG_KRB_SRVNAM "postgres"
| #define HAVE_LIBM 1
| #define HAVE_LIBDL 1
| /* end confdefs.h.  */
| 
| 
| int
| main ()
| {
| main ();
|   ;
|   return 0;
| }
configure:5330: result: no
configure:5342: checking for main in -ldld
configure:5366: gcc -o conftest -g -O0 -Wall -Wmissing-prototypes -Wpointer-arith -Winline -Wdeclaration-after-statement -Wendif-labels -fno-strict-aliasing -g -D_GNU_SOURCE    conftest.c -ldld  -ldl -lm  >&5
conftest.c: In function 'main':
conftest.c:20:1: warning: infinite recursion detected [-Winfinite-recursion]
   20 | main ()
      | ^~~~
conftest.c:22:1: note: recursive call
   22 | main ();
      | ^~~~~~~
/usr/bin/ld: cannot find -ldld: No such file or directory
collect2: error: ld returned 1 exit status
configure:5372: $? = 1
configure: failed program was:
| /* confdefs.h.  */
| 
| #define PACKAGE_NAME "PostgreSQL"
| #define PACKAGE_TARNAME "postgresql"
| #define PACKAGE_VERSION "8.1.4"
| #define PACKAGE_STRING "PostgreSQL 8.1.4"
| #define PACKAGE_BUGREPORT "pgsql-bugs@postgresql.org"
| #define PG_VERSION "8.1.4"
| #define DEF_PGPORT 5432
| #define DEF_PGPORT_STR "5432"
| #define PG_VERSION_STR "PostgreSQL 8.1.4 on x86_64-unknown-linux-gnu, compiled by GCC gcc (Ubuntu 13.3.0-6ubuntu2~24.04) 13.3.0"
| #define USE_ASSERT_CHECKING 1
| #define PG_KRB_SRVNAM "postgres"
| #define HAVE_LIBM 1
| #define HAVE_LIBDL 1
| /* end confdefs.h.  */
| 
| 
| int
| main ()
| {
| main ();
|   ;
|   return 0;
| }
configure:5398: result: no
configure:5410: checking for main in -lld
configure:5434: gcc -o conftest -g -O0 -Wall -Wmissing-prototypes -Wpointer-arith -Winline -Wdeclaration-after-statement -Wendif-labels -fno-strict-aliasing -g -D_GNU_SOURCE    conftest.c -lld  -ldl -lm  >&5
conftest.c: In function 'main':
conftest.c:20:1: warning: infinite recursion detected [-Winfinite-recursion]
   20 | main ()
      | ^~~~
conftest.c:22:1: note: recursive call
   22 | main ();
      | ^~~~~~~
/usr/bin/ld: cannot find -lld: No such file or directory
collect2: error: ld returned 1 exit status
configure:5440: $? = 1
configure: failed program was:
| /* confdefs.h.  */
| 
| #define PACKAGE_NAME "PostgreSQL"
| #define PACKAGE_TARNAME "postgresql"
| #define PACKAGE_VERSION "8.1.4"
| #define PACKAGE_STRING "PostgreSQL 8.1.4"
| #define PACKAGE_BUGREPORT "pgsql-bugs@postgresql.org"
| #define PG_VERSION "8.1.4"
| #define DEF_PGPORT 5432
| #define DEF_PGPORT_STR "5432"
| #define PG_VERSION_STR "PostgreSQL 8.1.4 on x86_64-unknown-linux-gnu, compiled by GCC gcc (Ubuntu 13.3.0-6ubuntu2~24.04) 13.3.0"
| #define USE_ASSERT_CHECKING 1
| #define PG_KRB_SRVNAM "postgres"
| #define HAVE_LIBM 1
| #define HAVE_LIBDL 1
| /* end confdefs.h.  */
| 
| 
| int
| main ()
| {
| main ();
|   ;
|   return 0;
| }
configure:5466: result: no
configure:5478: checking for main in -lcompat
configure:5502: gcc -o conftest -g -O0 -Wall -Wmissing-prototypes -Wpointer-arith -Winline -Wdeclaration-after-statement -Wendif-labels -fno-strict-aliasing -g -D_GNU_SOURCE    conftest.c -lcompat  -ldl -lm  >&5
conftest.c: In function 'main':
conftest.c:20:1: warning: infinite recursion detected [-Winfinite-recursion]
   20 | main ()
      | ^~~~
conftest.c:22:1: note: recursive call
   22 | main ();
      | ^~~~~~~
/usr/bin/ld: cannot find -lcompat: No such file or directory
collect2: error: ld returned 1 exit status
configure:5508: $? = 1
configure: failed program was:
| /* confdefs.h.  */
| 
| #define PACKAGE_NAME "PostgreSQL"
| #define PACKAGE_TARNAME "postgresql"
| #define PACKAGE_VERSION "8.1.4"
| #define PACKAGE_STRING "PostgreSQL 8.1.4"
| #define PACKAGE_BUGREPORT "pgsql-bugs@postgresql.org"
| #define PG_VERSION "8.1.4"
| #define DEF_PGPORT 5432
| #define DEF_PGPORT_STR "5432"
| #define PG_VERSION_STR "PostgreSQL 8.1.4 on x86_64-unknown-linux-gnu, compiled by GCC gcc (Ubuntu 13.3.0-6ubuntu2~24.04) 13.3.0"
| #define USE_ASSERT_CHECKING 1
| #define PG_KRB_SRVNAM "postgres"
| #define HAVE_LIBM 1
| #define HAVE_LIBDL 1
| /* end confdefs.h.  */
| 
| 
| int
| main ()
| {
| main ();
|   ;
|   return 0;
| }
configure:5534: result: no
configure:5546: checking for main in -lBSD
configure:5570: gcc -o conftest -g -O0 -Wall -Wmissing-prototypes -Wpointer-arith -Winline -Wdeclaration-after-statement -Wendif-labels -fno-strict-aliasing -g -D_GNU_SOURCE    conftest.c -lBSD  -ldl -lm  >&5
conftest.c: In function 'main':
conftest.c:20:1: warning: infinite recursion detected [-Winfinite-recursion]
   20 | main ()
      | ^~~~
conftest.c:22:1: note: recursive call
   22 | main ();
      | ^~~~~~~
/usr/bin/ld: cannot find -lBSD: No such file or directory
collect2: error: ld returned 1 exit status
configure:5576: $? = 1
configure: failed program was:
| /* confdefs.h.  */
| 
| #define PACKAGE_NAME "PostgreSQL"
| #define PACKAGE_TARNAME "postgresql"
| #define PACKAGE_VERSION "8.1.4"
| #define PACKAGE_STRING "PostgreSQL 8.1.4"
| #define PACKAGE_BUGREPORT "pgsql-bugs@postgresql.org"
| #define PG_VERSION "8.1.4"
| #define DEF_PGPORT 5432
| #define DEF_PGPORT_STR "5432"
| #define PG_VERSION_STR "PostgreSQL 8.1.4 on x86_64-unknown-linux-gnu, compiled by GCC gcc (Ubuntu 13.3.0-6ubuntu2~24.04) 13.3.0"
| #define USE_ASSERT_CHECKING 1
| #define PG_KRB_SRVNAM "postgres"
| #define HAVE_LIBM 1
| #define HAVE_LIBDL 1
| /* end confdefs.h.  */
| 
| 
| int
| main ()
| {
| main ();
|   ;
|   return 0;
| }
configure:5602: result: no
configure:5614: checking for main in -lgen
configure:5638: gcc -o conftest -g -O0 -Wall -Wmissing-prototypes -Wpointer-arith -Winline -Wdeclaration-after-statement -Wendif-labels -fno-strict-aliasing -g -D_GNU_SOURCE    conftest.c -lgen  -ldl -lm  >&5
conftest.c: In function 'main':
conftest.c:20:1: warning: infinite recursion detected [-Winfinite-recursion]
   20 | main ()
      | ^~~~
conftest.c:22:1: note: recursive call
   22 | main ();
      | ^~~~~~~
/usr/bin/ld: cannot find -lgen: No such file or directory
collect2: error: ld returned 1 exit status
configure:5644: $? = 1
configure: failed program was:
| /* confdefs.h.  */
| 
| #define PACKAGE_NAME "PostgreSQL"
| #define PACKAGE_TARNAME "postgresql"
| #define PACKAGE_VERSION "8.1.4"
| #define PACKAGE_STRING "PostgreSQL 8.1.4"
| #define PACKAGE_BUGREPORT "pgsql-bugs@postgresql.org"
| #define PG_VERSION "8.1.4"
| #define DEF_PGPORT 5432
| #define DEF_PGPORT_STR "5432"
| #define PG_VERSION_STR "PostgreSQL 8.1.4 on x86_64-unknown-linux-gnu, compiled by GCC gcc (Ubuntu 13.3.0-6ubuntu2~24.04) 13.3.0"
| #define USE_ASSERT_CHECKING 1
| #define PG_KRB_SRVNAM "postgres"
| #define HAVE_LIBM 1
| #define HAVE_LIBDL 1
| /* end confdefs.h.  */
| 
| 
| int
| main ()
| {
| main ();
|   ;
|   return 0;
| }
configure:5670: result: no
configure:5682: checking for main in -lPW
configure:5706: gcc -o conftest -g -O0 -Wall -Wmissing-prototypes -Wpointer-arith -Winline -Wdeclaration-after-statement -Wendif-labels -fno-strict-aliasing -g -D_GNU_SOURCE    conftest.c -lPW  -ldl -lm  >&5
conftest.c: In function 'main':
conftest.c:20:1: warning: infinite recursion detected [-Winfinite-recursion]
   20 | main ()
      | ^~~~
conftest.c:22:1: note: recursive call
   22 | main ();
      | ^~~~~~~
/usr/bin/ld: cannot find -lPW: No such file or directory
collect2: error: ld returned 1 exit status
configure:5712: $? = 1
configure: failed program was:
| /* confdefs.h.  */
| 
| #define PACKAGE_NAME "PostgreSQL"
| #define PACKAGE_TARNAME "postgresql"
| #define PACKAGE_VERSION "8.1.4"
| #define PACKAGE_STRING "PostgreSQL 8.1.4"
| #define PACKAGE_BUGREPORT "pgsql-bugs@postgresql.org"
| #define PG_VERSION "8.1.4"
| #define DEF_PGPORT 5432
| #define DEF_PGPORT_STR "5432"
| #define PG_VERSION_STR "PostgreSQL 8.1.4 on x86_64-unknown-linux-gnu, compiled by GCC gcc (Ubuntu 13.3.0-6ubuntu2~24.04) 13.3.0"
| #define USE_ASSERT_CHECKING 1
| #define PG_KRB_SRVNAM "postgres"
| #define HAVE_LIBM 1
| #define HAVE_LIBDL 1
| /* end confdefs.h.  */
| 
| 
| int
| main ()
| {
| main ();
|   ;
|   return 0;
| }
configure:5738: result: no
configure:5750: checking for main in -lresolv
configure:5774: gcc -o conftest -g -O0 -Wall -Wmissing-prototypes -Wpointer-arith -Winline -Wdeclaration-after-statement -Wendif-labels -fno-strict-aliasing -g -D_GNU_SOURCE    conftest.c -lresolv  -ldl -lm  >&5
conftest.c: In function 'main':
conftest.c:20:1: warning: infinite recursion detected [-Winfinite-recursion]
   20 | main ()
      | ^~~~
conftest.c:22:1: note: recursive call
   22 | main ();
      | ^~~~~~~
configure:5780: $? = 0
configure:5784: test -z 
			 || test ! -s conftest.err
configure:5787: $? = 0
configure:5790: test -s conftest
configure:5793: $? = 0
configure:5806: result: yes
configure:5817: checking for library containing getopt_long
configure:5847: gcc -o conftest -g -O0 -Wall -Wmissing-prototypes -Wpointer-arith -Winline -Wdeclaration-after-statement -Wendif-labels -fno-strict-aliasing -g -D_GNU_SOURCE    conftest.c -lresolv -ldl -lm  >&5
configure:5853: $? = 0
configure:5857: test -z 
			 || test ! -s conftest.err
configure:5860: $? = 0
configure:5863: test -s conftest
configure:5866: $? = 0
configure:5936: result: none required
configure:5945: checking for main in -lunix
configure:5969: gcc -o conftest -g -O0 -Wall -Wmissing-prototypes -Wpointer-arith -Winline -Wdeclaration-after-statement -Wendif-labels -fno-strict-aliasing -g -D_GNU_SOURCE    conftest.c -lunix  -lresolv -ldl -lm  >&5
conftest.c: In function 'main':
conftest.c:21:1: warning: infinite recursion detected [-Winfinite-recursion]
   21 | main ()
      | ^~~~
conftest.c:23:1: note: recursive call
   23 | main ();
      | ^~~~~~~
/usr/bin/ld: cannot find -lunix: No such file or directory
collect2: error: ld returned 1 exit status
configure:5975: $? = 1
configure: failed program was:
| /* confdefs.h.  */
| 
| #define PACKAGE_NAME "PostgreSQL"
| #define PACKAGE_TARNAME "postgresql"
| #define PACKAGE_VERSION "8.1.4"
| #define PACKAGE_STRING "PostgreSQL 8.1.4"
| #define PACKAGE_BUGREPORT "pgsql-bugs@postgresql.org"
| #define PG_VERSION "8.1.4"
| #define DEF_PGPORT 5432
| #define DEF_PGPORT_STR "5432"
| #define PG_VERSION_STR "PostgreSQL 8.1.4 on x86_64-unknown-linux-gnu, compiled by GCC gcc (Ubuntu 13.3.0-6ubuntu2~24.04) 13.3.0"
| #define USE_ASSERT_CHECKING 1
| #define PG_KRB_SRVNAM "postgres"
| #define HAVE_LIBM 1
| #define HAVE_LIBDL 1
| #define HAVE_LIBRESOLV 1
| /* end confdefs.h.  */
| 
| 
| int
| main ()
| {
| main ();
|   ;
|   return 0;
| }
configure:6001: result: no
configure:6012: checking for library containing crypt
configure:6042: gcc -o conftest -g -O0 -Wall -Wmissing-prototypes -Wpointer-arith -Winline -Wdeclaration-after-statement -Wendif-labels -fno-strict-aliasing -g -D_GNU_SOURCE    conftest.c -lresolv -ldl -lm  >&5
/usr/bin/ld: /tmp/cceuGMSH.o: in function `main':
/home/yass_y/postgresql-8.1.4/postgresql-8.1.4/conftest.c:29:(.text+0xe): undefined reference to `crypt'
collect2: error: ld returned 1 exit status
configure:6048: $? = 1
configure: failed program was:
| /* confdefs.h.  */
| 
| #define PACKAGE_NAME "PostgreSQL"
| #define PACKAGE_TARNAME "postgresql"
| #define PACKAGE_VERSION "8.1.4"
| #define PACKAGE_STRING "PostgreSQL 8.1.4"
| #define PACKAGE_BUGREPORT "pgsql-bugs@postgresql.org"
| #define PG_VERSION "8.1.4"
| #define DEF_PGPORT 5432
| #define DEF_PGPORT_STR "5432"
| #define PG_VERSION_STR "PostgreSQL 8.1.4 on x86_64-unknown-linux-gnu, compiled by GCC gcc (Ubuntu 13.3.0-6ubuntu2~24.04) 13.3.0"
| #define USE_ASSERT_CHECKING 1
| #define PG_KRB_SRVNAM "postgres"
| #define HAVE_LIBM 1
| #define HAVE_LIBDL 1
| #define HAVE_LIBRESOLV 1
| /* end confdefs.h.  */
| 
| /* Override any gcc2 internal prototype to avoid an error.  */
| #ifdef __cplusplus
| extern "C"
| #endif
| /* We use char because int might match the return type of a gcc2
|    builtin and then its argument prototype would still apply.  */
| char crypt ();
| int
| main ()
| {
| crypt ();
|   ;
|   return 0;
| }
configure:6097: gcc -o conftest -g -O0 -Wall -Wmissing-prototypes -Wpointer-arith -Winline -Wdeclaration-after-statement -Wendif-labels -fno-strict-aliasing -g -D_GNU_SOURCE    conftest.c -lcrypt  -lresolv -ldl -lm  >&5
configure:6103: $? = 0
configure:6107: test -z 
			 || test ! -s conftest.err
configure:6110: $? = 0
configure:6113: test -s conftest
configure:6116: $? = 0
configure:6131: result: -lcrypt
configure:6217: checking for library containing fdatasync
configure:6247: gcc -o conftest -g -O0 -Wall -Wmissing-prototypes -Wpointer-arith -Winline -Wdeclaration-after-statement -Wendif-labels -fno-strict-aliasing -g -D_GNU_SOURCE    conftest.c -lcrypt -lresolv -ldl -lm  >&5
configure:6253: $? = 0
configure:6257: test -z 
			 || test ! -s conftest.err
configure:6260: $? = 0
configure:6263: test -s conftest
configure:6266: $? = 0
configure:6336: result: none required
configure:6345: checking for shmget in -lcygipc
configure:6375: gcc -o conftest -g -O0 -Wall -Wmissing-prototypes -Wpointer-arith -Winline -Wdeclaration-after-statement -Wendif-labels -fno-strict-aliasing -g -D_GNU_SOURCE    conftest.c -lcygipc  -lcrypt -lresolv -ldl -lm  >&5
/usr/bin/ld: cannot find -lcygipc: No such file or directory
collect2: error: ld returned 1 exit status
configure:6381: $? = 1
configure: failed program was:
| /* confdefs.h.  */
| 
| #define PACKAGE_NAME "PostgreSQL"
| #define PACKAGE_TARNAME "postgresql"
| #define PACKAGE_VERSION "8.1.4"
| #define PACKAGE_STRING "PostgreSQL 8.1.4"
| #define PACKAGE_BUGREPORT "pgsql-bugs@postgresql.org"
| #define PG_VERSION "8.1.4"
| #define DEF_PGPORT 5432
| #define DEF_PGPORT_STR "5432"
| #define PG_VERSION_STR "PostgreSQL 8.1.4 on x86_64-unknown-linux-gnu, compiled by GCC gcc (Ubuntu 13.3.0-6ubuntu2~24.04) 13.3.0"
| #define USE_ASSERT_CHECKING 1
| #define PG_KRB_SRVNAM "postgres"
| #define HAVE_LIBM 1
| #define HAVE_LIBDL 1
| #define HAVE_LIBRESOLV 1
| /* end confdefs.h.  */
| 
| /* Override any gcc2 internal prototype to avoid an error.  */
| #ifdef __cplusplus
| extern "C"
| #endif
| /* We use char because int might match the return type of a gcc2
|    builtin and then its argument prototype would still apply.  */
| char shmget ();
| int
| main ()
| {
| shmget ();
|   ;
|   return 0;
| }
configure:6407: result: no
configure:6493: checking for readline
configure:6527: gcc -o conftest -g -O0 -Wall -Wmissing-prototypes -Wpointer-arith -Winline -Wdeclaration-after-statement -Wendif-labels -fno-strict-aliasing -g -D_GNU_SOURCE    conftest.c -lreadline -lcrypt -lresolv -ldl -lm  >&5
configure:6533: $? = 0
configure:6537: test -z 
			 || test ! -s conftest.err
configure:6540: $? = 0
configure:6543: test -s conftest
configure:6546: $? = 0
configure:6582: result: yes (-lreadline)
configure:6603: checking for inflate in -lz
configure:6633: gcc -o conftest -g -O0 -Wall -Wmissing-prototypes -Wpointer-arith -Winline -Wdeclaration-after-statement -Wendif-labels -fno-strict-aliasing -g -D_GNU_SOURCE    conftest.c -lz  -lreadline -lcrypt -lresolv -ldl -lm  >&5
configure:6639: $? = 0
configure:6643: test -z 
			 || test ! -s conftest.err
configure:6646: $? = 0
configure:6649: test -s conftest
configure:6652: $? = 0
configure:6665: result: yes
configure:7631: checking for ANSI C header files
configure:7656: gcc -c -g -O0 -Wall -Wmissing-prototypes -Wpointer-arith -Winline -Wdeclaration-after-statement -Wendif-labels -fno-strict-aliasing -g -D_GNU_SOURCE  conftest.c >&5
configure:7662: $? = 0
configure:7666: test -z 
			 || test ! -s conftest.err
configure:7669: $? = 0
configure:7672: test -s conftest.o
configure:7675: $? = 0
configure:7764: gcc -o conftest -g -O0 -Wall -Wmissing-prototypes -Wpointer-arith -Winline -Wdeclaration-after-statement -Wendif-labels -fno-strict-aliasing -g -D_GNU_SOURCE    conftest.c -lz -lreadline -lcrypt -lresolv -ldl -lm  >&5
conftest.c: In function 'main':
conftest.c:38:7: warning: implicit declaration of function 'exit' [-Wimplicit-function-declaration]
   38 |       exit(2);
      |       ^~~~
conftest.c:22:1: note: include '<stdlib.h>' or provide a declaration of 'exit'
   21 | #include <ctype.h>
  +++ |+#include <stdlib.h>
   22 | #if ((' ' & 0x0FF) == 0x020)
conftest.c:38:7: warning: incompatible implicit declaration of built-in function 'exit' [-Wbuiltin-declaration-mismatch]
   38 |       exit(2);
      |       ^~~~
conftest.c:38:7: note: include '<stdlib.h>' or provide a declaration of 'exit'
conftest.c:39:3: warning: incompatible implicit declaration of built-in function 'exit' [-Wbuiltin-declaration-mismatch]
   39 |   exit (0);
      |   ^~~~
conftest.c:39:3: note: include '<stdlib.h>' or provide a declaration of 'exit'
configure:7767: $? = 0
configure:7769: ./conftest
configure:7772: $? = 0
configure:7787: result: yes
configure:7811: checking for sys/types.h
configure:7827: gcc -c -g -O0 -Wall -Wmissing-prototypes -Wpointer-arith -Winline -Wdeclaration-after-statement -Wendif-labels -fno-strict-aliasing -g -D_GNU_SOURCE  conftest.c >&5
configure:7833: $? = 0
configure:7837: test -z 
			 || test ! -s conftest.err
configure:7840: $? = 0
configure:7843: test -s conftest.o
configure:7846: $? = 0
configure:7857: result: yes
configure:7811: checking for sys/stat.h
configure:7827: gcc -c -g -O0 -Wall -Wmissing-prototypes -Wpointer-arith -Winline -Wdeclaration-after-statement -Wendif-labels -fno-strict-aliasing -g -D_GNU_SOURCE  conftest.c >&5
configure:7833: $? = 0
configure:7837: test -z 
			 || test ! -s conftest.err
configure:7840: $? = 0
configure:7843: test -s conftest.o
configure:7846: $? = 0
configure:7857: result: yes
configure:7811: checking for stdlib.h
configure:7827: gcc -c -g -O0 -Wall -Wmissing-prototypes -Wpointer-arith -Winline -Wdeclaration-after-statement -Wendif-labels -fno-strict-aliasing -g -D_GNU_SOURCE  conftest.c >&5
configure:7833: $? = 0
configure:7837: test -z 
			 || test ! -s conftest.err
configure:7840: $? = 0
configure:7843: test -s conftest.o
configure:7846: $? = 0
configure:7857: result: yes
configure:7811: checking for string.h
configure:7827: gcc -c -g -O0 -Wall -Wmissing-prototypes -Wpointer-arith -Winline -Wdeclaration-after-statement -Wendif-labels -fno-strict-aliasing -g -D_GNU_SOURCE  conftest.c >&5
configure:7833: $? = 0
configure:7837: test -z 
			 || test ! -s conftest.err
configure:7840: $? = 0
configure:7843: test -s conftest.o
configure:7846: $? = 0
configure:7857: result: yes
configure:7811: checking for memory.h
configure:7827: gcc -c -g -O0 -Wall -Wmissing-prototypes -Wpointer-arith -Winline -Wdeclaration-after-statement -Wendif-labels -fno-strict-aliasing -g -D_GNU_SOURCE  conftest.c >&5
configure:7833: $? = 0
configure:7837: test -z 
			 || test ! -s conftest.err
configure:7840: $? = 0
configure:7843: test -s conftest.o
configure:7846: $? = 0
configure:7857: result: yes
configure:7811: checking for strings.h
configure:7827: gcc -c -g -O0 -Wall -Wmissing-prototypes -Wpointer-arith -Winline -Wdeclaration-after-statement -Wendif-labels -fno-strict-aliasing -g -D_GNU_SOURCE  conftest.c >&5
configure:7833: $? = 0
configure:7837: test -z 
			 || test ! -s conftest.err
configure:7840: $? = 0
configure:7843: test -s conftest.o
configure:7846: $? = 0
configure:7857: result: yes
configure:7811: checking for inttypes.h
configure:7827: gcc -c -g -O0 -Wall -Wmissing-prototypes -Wpointer-arith -Winline -Wdeclaration-after-statement -Wendif-labels -fno-strict-aliasing -g -D_GNU_SOURCE  conftest.c >&5
configure:7833: $? = 0
configure:7837: test -z 
			 || test ! -s conftest.err
configure:7840: $? = 0
configure:7843: test -s conftest.o
configure:7846: $? = 0
configure:7857: result: yes
configure:7811: checking for stdint.h
configure:7827: gcc -c -g -O0 -Wall -Wmissing-prototypes -Wpointer-arith -Winline -Wdeclaration-after-statement -Wendif-labels -fno-strict-aliasing -g -D_GNU_SOURCE  conftest.c >&5
configure:7833: $? = 0
configure:7837: test -z 
			 || test ! -s conftest.err
configure:7840: $? = 0
configure:7843: test -s conftest.o
configure:7846: $? = 0
configure:7857: result: yes
configure:7811: checking for unistd.h
configure:7827: gcc -c -g -O0 -Wall -Wmissing-prototypes -Wpointer-arith -Winline -Wdeclaration-after-statement -Wendif-labels -fno-strict-aliasing -g -D_GNU_SOURCE  conftest.c >&5
configure:7833: $? = 0
configure:7837: test -z 
			 || test ! -s conftest.err
configure:7840: $? = 0
configure:7843: test -s conftest.o
configure:7846: $? = 0
configure:7857: result: yes
configure:7907: checking crypt.h usability
configure:7919: gcc -c -g -O0 -Wall -Wmissing-prototypes -Wpointer-arith -Winline -Wdeclaration-after-statement -Wendif-labels -fno-strict-aliasing -g -D_GNU_SOURCE  conftest.c >&5
configure:7925: $? = 0
configure:7929: test -z 
			 || test ! -s conftest.err
configure:7932: $? = 0
configure:7935: test -s conftest.o
configure:7938: $? = 0
configure:7948: result: yes
configure:7952: checking crypt.h presence
configure:7962: gcc -E -D_GNU_SOURCE  conftest.c
configure:7968: $? = 0
configure:7988: result: yes
configure:8023: checking for crypt.h
configure:8030: result: yes
configure:7907: checking dld.h usability
configure:7919: gcc -c -g -O0 -Wall -Wmissing-prototypes -Wpointer-arith -Winline -Wdeclaration-after-statement -Wendif-labels -fno-strict-aliasing -g -D_GNU_SOURCE  conftest.c >&5
conftest.c:66:10: fatal error: dld.h: No such file or directory
   66 | #include <dld.h>
      |          ^~~~~~~
compilation terminated.
configure:7925: $? = 1
configure: failed program was:
| /* confdefs.h.  */
| 
| #define PACKAGE_NAME "PostgreSQL"
| #define PACKAGE_TARNAME "postgresql"
| #define PACKAGE_VERSION "8.1.4"
| #define PACKAGE_STRING "PostgreSQL 8.1.4"
| #define PACKAGE_BUGREPORT "pgsql-bugs@postgresql.org"
| #define PG_VERSION "8.1.4"
| #define DEF_PGPORT 5432
| #define DEF_PGPORT_STR "5432"
| #define PG_VERSION_STR "PostgreSQL 8.1.4 on x86_64-unknown-linux-gnu, compiled by GCC gcc (Ubuntu 13.3.0-6ubuntu2~24.04) 13.3.0"
| #define USE_ASSERT_CHECKING 1
| #define PG_KRB_SRVNAM "postgres"
| #define HAVE_LIBM 1
| #define HAVE_LIBDL 1
| #define HAVE_LIBRESOLV 1
| #define HAVE_LIBREADLINE 1
| #define HAVE_LIBZ 1
| #define HAVE_SPINLOCKS 1
| #define STDC_HEADERS 1
| #define HAVE_SYS_TYPES_H 1
| #define HAVE_SYS_STAT_H 1
| #define HAVE_STDLIB_H 1
| #define HAVE_STRING_H 1
| #define HAVE_MEMORY_H 1
| #define HAVE_STRINGS_H 1
| #define HAVE_INTTYPES_H 1
| #define HAVE_STDINT_H 1
| #define HAVE_UNISTD_H 1
| #define HAVE_CRYPT_H 1
| /* end confdefs.h.  */
| #include <stdio.h>
| #if HAVE_SYS_TYPES_H
| # include <sys/types.h>
| #endif
| #if HAVE_SYS_STAT_H
| # include <sys/stat.h>
| #endif
| #if STDC_HEADERS
| # include <stdlib.h>
| # include <stddef.h>
| #else
| # if HAVE_STDLIB_H
| #  include <stdlib.h>
| # endif
| #endif
| #if HAVE_STRING_H
| # if !STDC_HEADERS && HAVE_MEMORY_H
| #  include <memory.h>
| # endif
| # include <string.h>
| #endif
| #if HAVE_STRINGS_H
| # include <strings.h>
| #endif
| #if HAVE_INTTYPES_H
| # include <inttypes.h>
| #else
| # if HAVE_STDINT_H
| #  include <stdint.h>
| # endif
| #endif
| #if HAVE_UNISTD_H
| # include <unistd.h>
| #endif
| #include <dld.h>
configure:7948: result: no
configure:7952: checking dld.h presence
configure:7962: gcc -E -D_GNU_SOURCE  conftest.c
conftest.c:32:10: fatal error: dld.h: No such file or directory
   32 | #include <dld.h>
      |          ^~~~~~~
compilation terminated.
configure:7968: $? = 1
configure: failed program was:
| /* confdefs.h.  */
| 
| #define PACKAGE_NAME "PostgreSQL"
| #define PACKAGE_TARNAME "postgresql"
| #define PACKAGE_VERSION "8.1.4"
| #define PACKAGE_STRING "PostgreSQL 8.1.4"
| #define PACKAGE_BUGREPORT "pgsql-bugs@postgresql.org"
| #define PG_VERSION "8.1.4"
| #define DEF_PGPORT 5432
| #define DEF_PGPORT_STR "5432"
| #define PG_VERSION_STR "PostgreSQL 8.1.4 on x86_64-unknown-linux-gnu, compiled by GCC gcc (Ubuntu 13.3.0-6ubuntu2~24.04) 13.3.0"
| #define USE_ASSERT_CHECKING 1
| #define PG_KRB_SRVNAM "postgres"
| #define HAVE_LIBM 1
| #define HAVE_LIBDL 1
| #define HAVE_LIBRESOLV 1
| #define HAVE_LIBREADLINE 1
| #define HAVE_LIBZ 1
| #define HAVE_SPINLOCKS 1
| #define STDC_HEADERS 1
| #define HAVE_SYS_TYPES_H 1
| #define HAVE_SYS_STAT_H 1
| #define HAVE_STDLIB_H 1
| #define HAVE_STRING_H 1
| #define HAVE_MEMORY_H 1
| #define HAVE_STRINGS_H 1
| #define HAVE_INTTYPES_H 1
| #define HAVE_STDINT_H 1
| #define HAVE_UNISTD_H 1
| #define HAVE_CRYPT_H 1
| /* end confdefs.h.  */
| #include <dld.h>
configure:7988: result: no
configure:8023: checking for dld.h
configure:8030: result: no
configure:7907: checking endian.h usability
configure:7919: gcc -c -g -O0 -Wall -Wmissing-prototypes -Wpointer-arith -Winline -Wdeclaration-after-statement -Wendif-labels -fno-strict-aliasing -g -D_GNU_SOURCE  conftest.c >&5
configure:7925: $? = 0
configure:7929: test -z 
			 || test ! -s conftest.err
configure:7932: $? = 0
configure:7935: test -s conftest.o
configure:7938: $? = 0
configure:7948: result: yes
configure:7952: checking endian.h presence
configure:7962: gcc -E -D_GNU_SOURCE  conftest.c
configure:7968: $? = 0
configure:7988: result: yes
configure:8023: checking for endian.h
configure:8030: result: yes
configure:7907: checking fp_class.h usability
configure:7919: gcc -c -g -O0 -Wall -Wmissing-prototypes -Wpointer-arith -Winline -Wdeclaration-after-statement -Wendif-labels -fno-strict-aliasing -g -D_GNU_SOURCE  conftest.c >&5
conftest.c:67:10: fatal error: fp_class.h: No such file or directory
   67 | #include <fp_class.h>
      |          ^~~~~~~~~~~~
compilation terminated.
configure:7925: $? = 1
configure: failed program was:
| /* confdefs.h.  */
| 
| #define PACKAGE_NAME "PostgreSQL"
| #define PACKAGE_TARNAME "postgresql"
| #define PACKAGE_VERSION "8.1.4"
| #define PACKAGE_STRING "PostgreSQL 8.1.4"
| #define PACKAGE_BUGREPORT "pgsql-bugs@postgresql.org"
| #define PG_VERSION "8.1.4"
| #define DEF_PGPORT 5432
| #define DEF_PGPORT_STR "5432"
| #define PG_VERSION_STR "PostgreSQL 8.1.4 on x86_64-unknown-linux-gnu, compiled by GCC gcc (Ubuntu 13.3.0-6ubuntu2~24.04) 13.3.0"
| #define USE_ASSERT_CHECKING 1
| #define PG_KRB_SRVNAM "postgres"
| #define HAVE_LIBM 1
| #define HAVE_LIBDL 1
| #define HAVE_LIBRESOLV 1
| #define HAVE_LIBREADLINE 1
| #define HAVE_LIBZ 1
| #define HAVE_SPINLOCKS 1
| #define STDC_HEADERS 1
| #define HAVE_SYS_TYPES_H 1
| #define HAVE_SYS_STAT_H 1
| #define HAVE_STDLIB_H 1
| #define HAVE_STRING_H 1
| #define HAVE_MEMORY_H 1
| #define HAVE_STRINGS_H 1
| #define HAVE_INTTYPES_H 1
| #define HAVE_STDINT_H 1
| #define HAVE_UNISTD_H 1
| #define HAVE_CRYPT_H 1
| #define HAVE_ENDIAN_H 1
| /* end confdefs.h.  */
| #include <stdio.h>
| #if HAVE_SYS_TYPES_H
| # include <sys/types.h>
| #endif
| #if HAVE_SYS_STAT_H
| # include <sys/stat.h>
| #endif
| #if STDC_HEADERS
| # include <stdlib.h>
| # include <stddef.h>
| #else
| # if HAVE_STDLIB_H
| #  include <stdlib.h>
| # endif
| #endif
| #if HAVE_STRING_H
| # if !STDC_HEADERS && HAVE_MEMORY_H
| #  include <memory.h>
| # endif
| # include <string.h>
| #endif
| #if HAVE_STRINGS_H
| # include <strings.h>
| #endif
| #if HAVE_INTTYPES_H
| # include <inttypes.h>
| #else
| # if HAVE_STDINT_H
| #  include <stdint.h>
| # endif
| #endif
| #if HAVE_UNISTD_H
| # include <unistd.h>
| #endif
| #include <fp_class.h>
configure:7948: result: no
configure:7952: checking fp_class.h presence
configure:7962: gcc -E -D_GNU_SOURCE  conftest.c
conftest.c:33:10: fatal error: fp_class.h: No such file or directory
   33 | #include <fp_class.h>
      |          ^~~~~~~~~~~~
compilation terminated.
configure:7968: $? = 1
configure: failed program was:
| /* confdefs.h.  */
| 
| #define PACKAGE_NAME "PostgreSQL"
| #define PACKAGE_TARNAME "postgresql"
| #define PACKAGE_VERSION "8.1.4"
| #define PACKAGE_STRING "PostgreSQL 8.1.4"
| #define PACKAGE_BUGREPORT "pgsql-bugs@postgresql.org"
| #define PG_VERSION "8.1.4"
| #define DEF_PGPORT 5432
| #define DEF_PGPORT_STR "5432"
| #define PG_VERSION_STR "PostgreSQL 8.1.4 on x86_64-unknown-linux-gnu, compiled by GCC gcc (Ubuntu 13.3.0-6ubuntu2~24.04) 13.3.0"
| #define USE_ASSERT_CHECKING 1
| #define PG_KRB_SRVNAM "postgres"
| #define HAVE_LIBM 1
| #define HAVE_LIBDL 1
| #define HAVE_LIBRESOLV 1
| #define HAVE_LIBREADLINE 1
| #define HAVE_LIBZ 1
| #define HAVE_SPINLOCKS 1
| #define STDC_HEADERS 1
| #define HAVE_SYS_TYPES_H 1
| #define HAVE_SYS_STAT_H 1
| #define HAVE_STDLIB_H 1
| #define HAVE_STRING_H 1
| #define HAVE_MEMORY_H 1
| #define HAVE_STRINGS_H 1
| #define HAVE_INTTYPES_H 1
| #define HAVE_STDINT_H 1
| #define HAVE_UNISTD_H 1
| #define HAVE_CRYPT_H 1
| #define HAVE_ENDIAN_H 1
| /* end confdefs.h.  */
| #include <fp_class.h>
configure:7988: result: no
configure:8023: checking for fp_class.h
configure:8030: result: no
configure:7907: checking getopt.h usability
configure:7919: gcc -c -g -O0 -Wall -Wmissing-prototypes -Wpointer-arith -Winline -Wdeclaration-after-statement -Wendif-labels -fno-strict-aliasing -g -D_GNU_SOURCE  conftest.c >&5
configure:7925: $? = 0
configure:7929: test -z 
			 || test ! -s conftest.err
configure:7932: $? = 0
configure:7935: test -s conftest.o
configure:7938: $? = 0
configure:7948: result: yes
configure:7952: checking getopt.h presence
configure:7962: gcc -E -D_GNU_SOURCE  conftest.c
configure:7968: $? = 0
configure:7988: result: yes
configure:8023: checking for getopt.h
configure:8030: result: yes
configure:7907: checking ieeefp.h usability
configure:7919: gcc -c -g -O0 -Wall -Wmissing-prototypes -Wpointer-arith -Winline -Wdeclaration-after-statement -Wendif-labels -fno-strict-aliasing -g -D_GNU_SOURCE  conftest.c >&5
conftest.c:68:10: fatal error: ieeefp.h: No such file or directory
   68 | #include <ieeefp.h>
      |          ^~~~~~~~~~
compilation terminated.
configure:7925: $? = 1
configure: failed program was:
| /* confdefs.h.  */
| 
| #define PACKAGE_NAME "PostgreSQL"
| #define PACKAGE_TARNAME "postgresql"
| #define PACKAGE_VERSION "8.1.4"
| #define PACKAGE_STRING "PostgreSQL 8.1.4"
| #define PACKAGE_BUGREPORT "pgsql-bugs@postgresql.org"
| #define PG_VERSION "8.1.4"
| #define DEF_PGPORT 5432
| #define DEF_PGPORT_STR "5432"
| #define PG_VERSION_STR "PostgreSQL 8.1.4 on x86_64-unknown-linux-gnu, compiled by GCC gcc (Ubuntu 13.3.0-6ubuntu2~24.04) 13.3.0"
| #define USE_ASSERT_CHECKING 1
| #define PG_KRB_SRVNAM "postgres"
| #define HAVE_LIBM 1
| #define HAVE_LIBDL 1
| #define HAVE_LIBRESOLV 1
| #define HAVE_LIBREADLINE 1
| #define HAVE_LIBZ 1
| #define HAVE_SPINLOCKS 1
| #define STDC_HEADERS 1
| #define HAVE_SYS_TYPES_H 1
| #define HAVE_SYS_STAT_H 1
| #define HAVE_STDLIB_H 1
| #define HAVE_STRING_H 1
| #define HAVE_MEMORY_H 1
| #define HAVE_STRINGS_H 1
| #define HAVE_INTTYPES_H 1
| #define HAVE_STDINT_H 1
| #define HAVE_UNISTD_H 1
| #define HAVE_CRYPT_H 1
| #define HAVE_ENDIAN_H 1
| #define HAVE_GETOPT_H 1
| /* end confdefs.h.  */
| #include <stdio.h>
| #if HAVE_SYS_TYPES_H
| # include <sys/types.h>
| #endif
| #if HAVE_SYS_STAT_H
| # include <sys/stat.h>
| #endif
| #if STDC_HEADERS
| # include <stdlib.h>
| # include <stddef.h>
| #else
| # if HAVE_STDLIB_H
| #  include <stdlib.h>
| # endif
| #endif
| #if HAVE_STRING_H
| # if !STDC_HEADERS && HAVE_MEMORY_H
| #  include <memory.h>
| # endif
| # include <string.h>
| #endif
| #if HAVE_STRINGS_H
| # include <strings.h>
| #endif
| #if HAVE_INTTYPES_H
| # include <inttypes.h>
| #else
| # if HAVE_STDINT_H
| #  include <stdint.h>
| # endif
| #endif
| #if HAVE_UNISTD_H
| # include <unistd.h>
| #endif
| #include <ieeefp.h>
configure:7948: result: no
configure:7952: checking ieeefp.h presence
configure:7962: gcc -E -D_GNU_SOURCE  conftest.c
conftest.c:34:10: fatal error: ieeefp.h: No such file or directory
   34 | #include <ieeefp.h>
      |          ^~~~~~~~~~
compilation terminated.
configure:7968: $? = 1
configure: failed program was:
| /* confdefs.h.  */
| 
| #define PACKAGE_NAME "PostgreSQL"
| #define PACKAGE_TARNAME "postgresql"
| #define PACKAGE_VERSION "8.1.4"
| #define PACKAGE_STRING "PostgreSQL 8.1.4"
| #define PACKAGE_BUGREPORT "pgsql-bugs@postgresql.org"
| #define PG_VERSION "8.1.4"
| #define DEF_PGPORT 5432
| #define DEF_PGPORT_STR "5432"
| #define PG_VERSION_STR "PostgreSQL 8.1.4 on x86_64-unknown-linux-gnu, compiled by GCC gcc (Ubuntu 13.3.0-6ubuntu2~24.04) 13.3.0"
| #define USE_ASSERT_CHECKING 1
| #define PG_KRB_SRVNAM "postgres"
| #define HAVE_LIBM 1
| #define HAVE_LIBDL 1
| #define HAVE_LIBRESOLV 1
| #define HAVE_LIBREADLINE 1
| #define HAVE_LIBZ 1
| #define HAVE_SPINLOCKS 1
| #define STDC_HEADERS 1
| #define HAVE_SYS_TYPES_H 1
| #define HAVE_SYS_STAT_H 1
| #define HAVE_STDLIB_H 1
| #define HAVE_STRING_H 1
| #define HAVE_MEMORY_H 1
| #define HAVE_STRINGS_H 1
| #define HAVE_INTTYPES_H 1
| #define HAVE_STDINT_H 1
| #define HAVE_UNISTD_H 1
| #define HAVE_CRYPT_H 1
| #define HAVE_ENDIAN_H 1
| #define HAVE_GETOPT_H 1
| /* end confdefs.h.  */
| #include <ieeefp.h>
configure:7988: result: no
configure:8023: checking for ieeefp.h
configure:8030: result: no
configure:7907: checking langinfo.h usability
configure:7919: gcc -c -g -O0 -Wall -Wmissing-prototypes -Wpointer-arith -Winline -Wdeclaration-after-statement -Wendif-labels -fno-strict-aliasing -g -D_GNU_SOURCE  conftest.c >&5
configure:7925: $? = 0
configure:7929: test -z 
			 || test ! -s conftest.err
configure:7932: $? = 0
configure:7935: test -s conftest.o
configure:7938: $? = 0
configure:7948: result: yes
configure:7952: checking langinfo.h presence
configure:7962: gcc -E -D_GNU_SOURCE  conftest.c
configure:7968: $? = 0
configure:7988: result: yes
configure:8023: checking for langinfo.h
configure:8030: result: yes
configure:7907: checking poll.h usability
configure:7919: gcc -c -g -O0 -Wall -Wmissing-prototypes -Wpointer-arith -Winline -Wdeclaration-after-statement -Wendif-labels -fno-strict-aliasing -g -D_GNU_SOURCE  conftest.c >&5
configure:7925: $? = 0
configure:7929: test -z 
			 || test ! -s conftest.err
configure:7932: $? = 0
configure:7935: test -s conftest.o
configure:7938: $? = 0
configure:7948: result: yes
configure:7952: checking poll.h presence
configure:7962: gcc -E -D_GNU_SOURCE  conftest.c
configure:7968: $? = 0
configure:7988: result: yes
configure:8023: checking for poll.h
configure:8030: result: yes
configure:7907: checking pwd.h usability
configure:7919: gcc -c -g -O0 -Wall -Wmissing-prototypes -Wpointer-arith -Winline -Wdeclaration-after-statement -Wendif-labels -fno-strict-aliasing -g -D_GNU_SOURCE  conftest.c >&5
configure:7925: $? = 0
configure:7929: test -z 
			 || test ! -s conftest.err
configure:7932: $? = 0
configure:7935: test -s conftest.o
configure:7938: $? = 0
configure:7948: result: yes
configure:7952: checking pwd.h presence
configure:7962: gcc -E -D_GNU_SOURCE  conftest.c
configure:7968: $? = 0
configure:7988: result: yes
configure:8023: checking for pwd.h
configure:8030: result: yes
configure:7907: checking sys/ipc.h usability
configure:7919: gcc -c -g -O0 -Wall -Wmissing-prototypes -Wpointer-arith -Winline -Wdeclaration-after-statement -Wendif-labels -fno-strict-aliasing -g -D_GNU_SOURCE  conftest.c >&5
configure:7925: $? = 0
configure:7929: test -z 
			 || test ! -s conftest.err
configure:7932: $? = 0
configure:7935: test -s conftest.o
configure:7938: $? = 0
configure:7948: result: yes
configure:7952: checking sys/ipc.h presence
configure:7962: gcc -E -D_GNU_SOURCE  conftest.c
configure:7968: $? = 0
configure:7988: result: yes
configure:8023: checking for sys/ipc.h
configure:8030: result: yes
configure:7907: checking sys/poll.h usability
configure:7919: gcc -c -g -O0 -Wall -Wmissing-prototypes -Wpointer-arith -Winline -Wdeclaration-after-statement -Wendif-labels -fno-strict-aliasing -g -D_GNU_SOURCE  conftest.c >&5
configure:7925: $? = 0
configure:7929: test -z 
			 || test ! -s conftest.err
configure:7932: $? = 0
configure:7935: test -s conftest.o
configure:7938: $? = 0
configure:7948: result: yes
configure:7952: checking sys/poll.h presence
configure:7962: gcc -E -D_GNU_SOURCE  conftest.c
configure:7968: $? = 0
configure:7988: result: yes
configure:8023: checking for sys/poll.h
configure:8030: result: yes
configure:7907: checking sys/pstat.h usability
configure:7919: gcc -c -g -O0 -Wall -Wmissing-prototypes -Wpointer-arith -Winline -Wdeclaration-after-statement -Wendif-labels -fno-strict-aliasing -g -D_GNU_SOURCE  conftest.c >&5
conftest.c:73:10: fatal error: sys/pstat.h: No such file or directory
   73 | #include <sys/pstat.h>
      |          ^~~~~~~~~~~~~
compilation terminated.
configure:7925: $? = 1
configure: failed program was:
| /* confdefs.h.  */
| 
| #define PACKAGE_NAME "PostgreSQL"
| #define PACKAGE_TARNAME "postgresql"
| #define PACKAGE_VERSION "8.1.4"
| #define PACKAGE_STRING "PostgreSQL 8.1.4"
| #define PACKAGE_BUGREPORT "pgsql-bugs@postgresql.org"
| #define PG_VERSION "8.1.4"
| #define DEF_PGPORT 5432
| #define DEF_PGPORT_STR "5432"
| #define PG_VERSION_STR "PostgreSQL 8.1.4 on x86_64-unknown-linux-gnu, compiled by GCC gcc (Ubuntu 13.3.0-6ubuntu2~24.04) 13.3.0"
| #define USE_ASSERT_CHECKING 1
| #define PG_KRB_SRVNAM "postgres"
| #define HAVE_LIBM 1
| #define HAVE_LIBDL 1
| #define HAVE_LIBRESOLV 1
| #define HAVE_LIBREADLINE 1
| #define HAVE_LIBZ 1
| #define HAVE_SPINLOCKS 1
| #define STDC_HEADERS 1
| #define HAVE_SYS_TYPES_H 1
| #define HAVE_SYS_STAT_H 1
| #define HAVE_STDLIB_H 1
| #define HAVE_STRING_H 1
| #define HAVE_MEMORY_H 1
| #define HAVE_STRINGS_H 1
| #define HAVE_INTTYPES_H 1
| #define HAVE_STDINT_H 1
| #define HAVE_UNISTD_H 1
| #define HAVE_CRYPT_H 1
| #define HAVE_ENDIAN_H 1
| #define HAVE_GETOPT_H 1
| #define HAVE_LANGINFO_H 1
| #define HAVE_POLL_H 1
| #define HAVE_PWD_H 1
| #define HAVE_SYS_IPC_H 1
| #define HAVE_SYS_POLL_H 1
| /* end confdefs.h.  */
| #include <stdio.h>
| #if HAVE_SYS_TYPES_H
| # include <sys/types.h>
| #endif
| #if HAVE_SYS_STAT_H
| # include <sys/stat.h>
| #endif
| #if STDC_HEADERS
| # include <stdlib.h>
| # include <stddef.h>
| #else
| # if HAVE_STDLIB_H
| #  include <stdlib.h>
| # endif
| #endif
| #if HAVE_STRING_H
| # if !STDC_HEADERS && HAVE_MEMORY_H
| #  include <memory.h>
| # endif
| # include <string.h>
| #endif
| #if HAVE_STRINGS_H
| # include <strings.h>
| #endif
| #if HAVE_INTTYPES_H
| # include <inttypes.h>
| #else
| # if HAVE_STDINT_H
| #  include <stdint.h>
| # endif
| #endif
| #if HAVE_UNISTD_H
| # include <unistd.h>
| #endif
| #include <sys/pstat.h>
configure:7948: result: no
configure:7952: checking sys/pstat.h presence
configure:7962: gcc -E -D_GNU_SOURCE  conftest.c
conftest.c:39:10: fatal error: sys/pstat.h: No such file or directory
   39 | #include <sys/pstat.h>
      |          ^~~~~~~~~~~~~
compilation terminated.
configure:7968: $? = 1
configure: failed program was:
| /* confdefs.h.  */
| 
| #define PACKAGE_NAME "PostgreSQL"
| #define PACKAGE_TARNAME "postgresql"
| #define PACKAGE_VERSION "8.1.4"
| #define PACKAGE_STRING "PostgreSQL 8.1.4"
| #define PACKAGE_BUGREPORT "pgsql-bugs@postgresql.org"
| #define PG_VERSION "8.1.4"
| #define DEF_PGPORT 5432
| #define DEF_PGPORT_STR "5432"
| #define PG_VERSION_STR "PostgreSQL 8.1.4 on x86_64-unknown-linux-gnu, compiled by GCC gcc (Ubuntu 13.3.0-6ubuntu2~24.04) 13.3.0"
| #define USE_ASSERT_CHECKING 1
| #define PG_KRB_SRVNAM "postgres"
| #define HAVE_LIBM 1
| #define HAVE_LIBDL 1
| #define HAVE_LIBRESOLV 1
| #define HAVE_LIBREADLINE 1
| #define HAVE_LIBZ 1
| #define HAVE_SPINLOCKS 1
| #define STDC_HEADERS 1
| #define HAVE_SYS_TYPES_H 1
| #define HAVE_SYS_STAT_H 1
| #define HAVE_STDLIB_H 1
| #define HAVE_STRING_H 1
| #define HAVE_MEMORY_H 1
| #define HAVE_STRINGS_H 1
| #define HAVE_INTTYPES_H 1
| #define HAVE_STDINT_H 1
| #define HAVE_UNISTD_H 1
| #define HAVE_CRYPT_H 1
| #define HAVE_ENDIAN_H 1
| #define HAVE_GETOPT_H 1
| #define HAVE_LANGINFO_H 1
| #define HAVE_POLL_H 1
| #define HAVE_PWD_H 1
| #define HAVE_SYS_IPC_H 1
| #define HAVE_SYS_POLL_H 1
| /* end confdefs.h.  */
| #include <sys/pstat.h>
configure:7988: result: no
configure:8023: checking for sys/pstat.h
configure:8030: result: no
configure:7907: checking sys/select.h usability
configure:7919: gcc -c -g -O0 -Wall -Wmissing-prototypes -Wpointer-arith -Winline -Wdeclaration-after-statement -Wendif-labels -fno-strict-aliasing -g -D_GNU_SOURCE  conftest.c >&5
configure:7925: $? = 0
configure:7929: test -z 
			 || test ! -s conftest.err
configure:7932: $? = 0
configure:7935: test -s conftest.o
configure:7938: $? = 0
configure:7948: result: yes
configure:7952: checking sys/select.h presence
configure:7962: gcc -E -D_GNU_SOURCE  conftest.c
configure:7968: $? = 0
configure:7988: result: yes
configure:8023: checking for sys/select.h
configure:8030: result: yes
configure:7907: checking sys/sem.h usability
configure:7919: gcc -c -g -O0 -Wall -Wmissing-prototypes -Wpointer-arith -Winline -Wdeclaration-after-statement -Wendif-labels -fno-strict-aliasing -g -D_GNU_SOURCE  conftest.c >&5
configure:7925: $? = 0
configure:7929: test -z 
			 || test ! -s conftest.err
configure:7932: $? = 0
configure:7935: test -s conftest.o
configure:7938: $? = 0
configure:7948: result: yes
configure:7952: checking sys/sem.h presence
configure:7962: gcc -E -D_GNU_SOURCE  conftest.c
configure:7968: $? = 0
configure:7988: result: yes
configure:8023: checking for sys/sem.h
configure:8030: result: yes
configure:7907: checking sys/socket.h usability
configure:7919: gcc -c -g -O0 -Wall -Wmissing-prototypes -Wpointer-arith -Winline -Wdeclaration-after-statement -Wendif-labels -fno-strict-aliasing -g -D_GNU_SOURCE  conftest.c >&5
configure:7925: $? = 0
configure:7929: test -z 
			 || test ! -s conftest.err
configure:7932: $? = 0
configure:7935: test -s conftest.o
configure:7938: $? = 0
configure:7948: result: yes
configure:7952: checking sys/socket.h presence
configure:7962: gcc -E -D_GNU_SOURCE  conftest.c
configure:7968: $? = 0
configure:7988: result: yes
configure:8023: checking for sys/socket.h
configure:8030: result: yes
configure:7907: checking sys/shm.h usability
configure:7919: gcc -c -g -O0 -Wall -Wmissing-prototypes -Wpointer-arith -Winline -Wdeclaration-after-statement -Wendif-labels -fno-strict-aliasing -g -D_GNU_SOURCE  conftest.c >&5
configure:7925: $? = 0
configure:7929: test -z 
			 || test ! -s conftest.err
configure:7932: $? = 0
configure:7935: test -s conftest.o
configure:7938: $? = 0
configure:7948: result: yes
configure:7952: checking sys/shm.h presence
configure:7962: gcc -E -D_GNU_SOURCE  conftest.c
configure:7968: $? = 0
configure:7988: result: yes
configure:8023: checking for sys/shm.h
configure:8030: result: yes
configure:7907: checking sys/time.h usability
configure:7919: gcc -c -g -O0 -Wall -Wmissing-prototypes -Wpointer-arith -Winline -Wdeclaration-after-statement -Wendif-labels -fno-strict-aliasing -g -D_GNU_SOURCE  conftest.c >&5
configure:7925: $? = 0
configure:7929: test -z 
			 || test ! -s conftest.err
configure:7932: $? = 0
configure:7935: test -s conftest.o
configure:7938: $? = 0
configure:7948: result: yes
configure:7952: checking sys/time.h presence
configure:7962: gcc -E -D_GNU_SOURCE  conftest.c
configure:7968: $? = 0
configure:7988: result: yes
configure:8023: checking for sys/time.h
configure:8030: result: yes
configure:7907: checking sys/un.h usability
configure:7919: gcc -c -g -O0 -Wall -Wmissing-prototypes -Wpointer-arith -Winline -Wdeclaration-after-statement -Wendif-labels -fno-strict-aliasing -g -D_GNU_SOURCE  conftest.c >&5
configure:7925: $? = 0
configure:7929: test -z 
			 || test ! -s conftest.err
configure:7932: $? = 0
configure:7935: test -s conftest.o
configure:7938: $? = 0
configure:7948: result: yes
configure:7952: checking sys/un.h presence
configure:7962: gcc -E -D_GNU_SOURCE  conftest.c
configure:7968: $? = 0
configure:7988: result: yes
configure:8023: checking for sys/un.h
configure:8030: result: yes
configure:7907: checking termios.h usability
configure:7919: gcc -c -g -O0 -Wall -Wmissing-prototypes -Wpointer-arith -Winline -Wdeclaration-after-statement -Wendif-labels -fno-strict-aliasing -g -D_GNU_SOURCE  conftest.c >&5
configure:7925: $? = 0
configure:7929: test -z 
			 || test ! -s conftest.err
configure:7932: $? = 0
configure:7935: test -s conftest.o
configure:7938: $? = 0
configure:7948: result: yes
configure:7952: checking termios.h presence
configure:7962: gcc -E -D_GNU_SOURCE  conftest.c
configure:7968: $? = 0
configure:7988: result: yes
configure:8023: checking for termios.h
configure:8030: result: yes
configure:7907: checking utime.h usability
configure:7919: gcc -c -g -O0 -Wall -Wmissing-prototypes -Wpointer-arith -Winline -Wdeclaration-after-statement -Wendif-labels -fno-strict-aliasing -g -D_GNU_SOURCE  conftest.c >&5
configure:7925: $? = 0
configure:7929: test -z 
			 || test ! -s conftest.err
configure:7932: $? = 0
configure:7935: test -s conftest.o
configure:7938: $? = 0
configure:7948: result: yes
configure:7952: checking utime.h presence
configure:7962: gcc -E -D_GNU_SOURCE  conftest.c
configure:7968: $? = 0
configure:7988: result: yes
configure:8023: checking for utime.h
configure:8030: result: yes
configure:7907: checking wchar.h usability
configure:7919: gcc -c -g -O0 -Wall -Wmissing-prototypes -Wpointer-arith -Winline -Wdeclaration-after-statement -Wendif-labels -fno-strict-aliasing -g -D_GNU_SOURCE  conftest.c >&5
configure:7925: $? = 0
configure:7929: test -z 
			 || test ! -s conftest.err
configure:7932: $? = 0
configure:7935: test -s conftest.o
configure:7938: $? = 0
configure:7948: result: yes
configure:7952: checking wchar.h presence
configure:7962: gcc -E -D_GNU_SOURCE  conftest.c
configure:7968: $? = 0
configure:7988: result: yes
configure:8023: checking for wchar.h
configure:8030: result: yes
configure:7907: checking wctype.h usability
configure:7919: gcc -c -g -O0 -Wall -Wmissing-prototypes -Wpointer-arith -Winline -Wdeclaration-after-statement -Wendif-labels -fno-strict-aliasing -g -D_GNU_SOURCE  conftest.c >&5
configure:7925: $? = 0
configure:7929: test -z 
			 || test ! -s conftest.err
configure:7932: $? = 0
configure:7935: test -s conftest.o
configure:7938: $? = 0
configure:7948: result: yes
configure:7952: checking wctype.h presence
configure:7962: gcc -E -D_GNU_SOURCE  conftest.c
configure:7968: $? = 0
configure:7988: result: yes
configure:8023: checking for wctype.h
configure:8030: result: yes
configure:7907: checking kernel/OS.h usability
configure:7919: gcc -c -g -O0 -Wall -Wmissing-prototypes -Wpointer-arith -Winline -Wdeclaration-after-statement -Wendif-labels -fno-strict-aliasing -g -D_GNU_SOURCE  conftest.c >&5
conftest.c:83:10: fatal error: kernel/OS.h: No such file or directory
   83 | #include <kernel/OS.h>
      |          ^~~~~~~~~~~~~
compilation terminated.
configure:7925: $? = 1
configure: failed program was:
| /* confdefs.h.  */
| 
| #define PACKAGE_NAME "PostgreSQL"
| #define PACKAGE_TARNAME "postgresql"
| #define PACKAGE_VERSION "8.1.4"
| #define PACKAGE_STRING "PostgreSQL 8.1.4"
| #define PACKAGE_BUGREPORT "pgsql-bugs@postgresql.org"
| #define PG_VERSION "8.1.4"
| #define DEF_PGPORT 5432
| #define DEF_PGPORT_STR "5432"
| #define PG_VERSION_STR "PostgreSQL 8.1.4 on x86_64-unknown-linux-gnu, compiled by GCC gcc (Ubuntu 13.3.0-6ubuntu2~24.04) 13.3.0"
| #define USE_ASSERT_CHECKING 1
| #define PG_KRB_SRVNAM "postgres"
| #define HAVE_LIBM 1
| #define HAVE_LIBDL 1
| #define HAVE_LIBRESOLV 1
| #define HAVE_LIBREADLINE 1
| #define HAVE_LIBZ 1
| #define HAVE_SPINLOCKS 1
| #define STDC_HEADERS 1
| #define HAVE_SYS_TYPES_H 1
| #define HAVE_SYS_STAT_H 1
| #define HAVE_STDLIB_H 1
| #define HAVE_STRING_H 1
| #define HAVE_MEMORY_H 1
| #define HAVE_STRINGS_H 1
| #define HAVE_INTTYPES_H 1
| #define HAVE_STDINT_H 1
| #define HAVE_UNISTD_H 1
| #define HAVE_CRYPT_H 1
| #define HAVE_ENDIAN_H 1
| #define HAVE_GETOPT_H 1
| #define HAVE_LANGINFO_H 1
| #define HAVE_POLL_H 1
| #define HAVE_PWD_H 1
| #define HAVE_SYS_IPC_H 1
| #define HAVE_SYS_POLL_H 1
| #define HAVE_SYS_SELECT_H 1
| #define HAVE_SYS_SEM_H 1
| #define HAVE_SYS_SOCKET_H 1
| #define HAVE_SYS_SHM_H 1
| #define HAVE_SYS_TIME_H 1
| #define HAVE_SYS_UN_H 1
| #define HAVE_TERMIOS_H 1
| #define HAVE_UTIME_H 1
| #define HAVE_WCHAR_H 1
| #define HAVE_WCTYPE_H 1
| /* end confdefs.h.  */
| #include <stdio.h>
| #if HAVE_SYS_TYPES_H
| # include <sys/types.h>
| #endif
| #if HAVE_SYS_STAT_H
| # include <sys/stat.h>
| #endif
| #if STDC_HEADERS
| # include <stdlib.h>
| # include <stddef.h>
| #else
| # if HAVE_STDLIB_H
| #  include <stdlib.h>
| # endif
| #endif
| #if HAVE_STRING_H
| # if !STDC_HEADERS && HAVE_MEMORY_H
| #  include <memory.h>
| # endif
| # include <string.h>
| #endif
| #if HAVE_STRINGS_H
| # include <strings.h>
| #endif
| #if HAVE_INTTYPES_H
| # include <inttypes.h>
| #else
| # if HAVE_STDINT_H
| #  include <stdint.h>
| # endif
| #endif
| #if HAVE_UNISTD_H
| # include <unistd.h>
| #endif
| #include <kernel/OS.h>
configure:7948: result: no
configure:7952: checking kernel/OS.h presence
configure:7962: gcc -E -D_GNU_SOURCE  conftest.c
conftest.c:49:10: fatal error: kernel/OS.h: No such file or directory
   49 | #include <kernel/OS.h>
      |          ^~~~~~~~~~~~~
compilation terminated.
configure:7968: $? = 1
configure: failed program was:
| /* confdefs.h.  */
| 
| #define PACKAGE_NAME "PostgreSQL"
| #define PACKAGE_TARNAME "postgresql"
| #define PACKAGE_VERSION "8.1.4"
| #define PACKAGE_STRING "PostgreSQL 8.1.4"
| #define PACKAGE_BUGREPORT "pgsql-bugs@postgresql.org"
| #define PG_VERSION "8.1.4"
| #define DEF_PGPORT 5432
| #define DEF_PGPORT_STR "5432"
| #define PG_VERSION_STR "PostgreSQL 8.1.4 on x86_64-unknown-linux-gnu, compiled by GCC gcc (Ubuntu 13.3.0-6ubuntu2~24.04) 13.3.0"
| #define USE_ASSERT_CHECKING 1
| #define PG_KRB_SRVNAM "postgres"
| #define HAVE_LIBM 1
| #define HAVE_LIBDL 1
| #define HAVE_LIBRESOLV 1
| #define HAVE_LIBREADLINE 1
| #define HAVE_LIBZ 1
| #define HAVE_SPINLOCKS 1
| #define STDC_HEADERS 1
| #define HAVE_SYS_TYPES_H 1
| #define HAVE_SYS_STAT_H 1
| #define HAVE_STDLIB_H 1
| #define HAVE_STRING_H 1
| #define HAVE_MEMORY_H 1
| #define HAVE_STRINGS_H 1
| #define HAVE_INTTYPES_H 1
| #define HAVE_STDINT_H 1
| #define HAVE_UNISTD_H 1
| #define HAVE_CRYPT_H 1
| #define HAVE_ENDIAN_H 1
| #define HAVE_GETOPT_H 1
| #define HAVE_LANGINFO_H 1
| #define HAVE_POLL_H 1
| #define HAVE_PWD_H 1
| #define HAVE_SYS_IPC_H 1
| #define HAVE_SYS_POLL_H 1
| #define HAVE_SYS_SELECT_H 1
| #define HAVE_SYS_SEM_H 1
| #define HAVE_SYS_SOCKET_H 1
| #define HAVE_SYS_SHM_H 1
| #define HAVE_SYS_TIME_H 1
| #define HAVE_SYS_UN_H 1
| #define HAVE_TERMIOS_H 1
| #define HAVE_UTIME_H 1
| #define HAVE_WCHAR_H 1
| #define HAVE_WCTYPE_H 1
| /* end confdefs.h.  */
| #include <kernel/OS.h>
configure:7988: result: no
configure:8023: checking for kernel/OS.h
configure:8030: result: no
configure:7907: checking kernel/image.h usability
configure:7919: gcc -c -g -O0 -Wall -Wmissing-prototypes -Wpointer-arith -Winline -Wdeclaration-after-statement -Wendif-labels -fno-strict-aliasing -g -D_GNU_SOURCE  conftest.c >&5
conftest.c:83:10: fatal error: kernel/image.h: No such file or directory
   83 | #include <kernel/image.h>
      |          ^~~~~~~~~~~~~~~~
compilation terminated.
configure:7925: $? = 1
configure: failed program was:
| /* confdefs.h.  */
| 
| #define PACKAGE_NAME "PostgreSQL"
| #define PACKAGE_TARNAME "postgresql"
| #define PACKAGE_VERSION "8.1.4"
| #define PACKAGE_STRING "PostgreSQL 8.1.4"
| #define PACKAGE_BUGREPORT "pgsql-bugs@postgresql.org"
| #define PG_VERSION "8.1.4"
| #define DEF_PGPORT 5432
| #define DEF_PGPORT_STR "5432"
| #define PG_VERSION_STR "PostgreSQL 8.1.4 on x86_64-unknown-linux-gnu, compiled by GCC gcc (Ubuntu 13.3.0-6ubuntu2~24.04) 13.3.0"
| #define USE_ASSERT_CHECKING 1
| #define PG_KRB_SRVNAM "postgres"
| #define HAVE_LIBM 1
| #define HAVE_LIBDL 1
| #define HAVE_LIBRESOLV 1
| #define HAVE_LIBREADLINE 1
| #define HAVE_LIBZ 1
| #define HAVE_SPINLOCKS 1
| #define STDC_HEADERS 1
| #define HAVE_SYS_TYPES_H 1
| #define HAVE_SYS_STAT_H 1
| #define HAVE_STDLIB_H 1
| #define HAVE_STRING_H 1
| #define HAVE_MEMORY_H 1
| #define HAVE_STRINGS_H 1
| #define HAVE_INTTYPES_H 1
| #define HAVE_STDINT_H 1
| #define HAVE_UNISTD_H 1
| #define HAVE_CRYPT_H 1
| #define HAVE_ENDIAN_H 1
| #define HAVE_GETOPT_H 1
| #define HAVE_LANGINFO_H 1
| #define HAVE_POLL_H 1
| #define HAVE_PWD_H 1
| #define HAVE_SYS_IPC_H 1
| #define HAVE_SYS_POLL_H 1
| #define HAVE_SYS_SELECT_H 1
| #define HAVE_SYS_SEM_H 1
| #define HAVE_SYS_SOCKET_H 1
| #define HAVE_SYS_SHM_H 1
| #define HAVE_SYS_TIME_H 1
| #define HAVE_SYS_UN_H 1
| #define HAVE_TERMIOS_H 1
| #define HAVE_UTIME_H 1
| #define HAVE_WCHAR_H 1
| #define HAVE_WCTYPE_H 1
| /* end confdefs.h.  */
| #include <stdio.h>
| #if HAVE_SYS_TYPES_H
| # include <sys/types.h>
| #endif
| #if HAVE_SYS_STAT_H
| # include <sys/stat.h>
| #endif
| #if STDC_HEADERS
| # include <stdlib.h>
| # include <stddef.h>
| #else
| # if HAVE_STDLIB_H
| #  include <stdlib.h>
| # endif
| #endif
| #if HAVE_STRING_H
| # if !STDC_HEADERS && HAVE_MEMORY_H
| #  include <memory.h>
| # endif
| # include <string.h>
| #endif
| #if HAVE_STRINGS_H
| # include <strings.h>
| #endif
| #if HAVE_INTTYPES_H
| # include <inttypes.h>
| #else
| # if HAVE_STDINT_H
| #  include <stdint.h>
| # endif
| #endif
| #if HAVE_UNISTD_H
| # include <unistd.h>
| #endif
| #include <kernel/image.h>
configure:7948: result: no
configure:7952: checking kernel/image.h presence
configure:7962: gcc -E -D_GNU_SOURCE  conftest.c
conftest.c:49:10: fatal error: kernel/image.h: No such file or directory
   49 | #include <kernel/image.h>
      |          ^~~~~~~~~~~~~~~~
compilation terminated.
configure:7968: $? = 1
configure: failed program was:
| /* confdefs.h.  */
| 
| #define PACKAGE_NAME "PostgreSQL"
| #define PACKAGE_TARNAME "postgresql"
| #define PACKAGE_VERSION "8.1.4"
| #define PACKAGE_STRING "PostgreSQL 8.1.4"
| #define PACKAGE_BUGREPORT "pgsql-bugs@postgresql.org"
| #define PG_VERSION "8.1.4"
| #define DEF_PGPORT 5432
| #define DEF_PGPORT_STR "5432"
| #define PG_VERSION_STR "PostgreSQL 8.1.4 on x86_64-unknown-linux-gnu, compiled by GCC gcc (Ubuntu 13.3.0-6ubuntu2~24.04) 13.3.0"
| #define USE_ASSERT_CHECKING 1
| #define PG_KRB_SRVNAM "postgres"
| #define HAVE_LIBM 1
| #define HAVE_LIBDL 1
| #define HAVE_LIBRESOLV 1
| #define HAVE_LIBREADLINE 1
| #define HAVE_LIBZ 1
| #define HAVE_SPINLOCKS 1
| #define STDC_HEADERS 1
| #define HAVE_SYS_TYPES_H 1
| #define HAVE_SYS_STAT_H 1
| #define HAVE_STDLIB_H 1
| #define HAVE_STRING_H 1
| #define HAVE_MEMORY_H 1
| #define HAVE_STRINGS_H 1
| #define HAVE_INTTYPES_H 1
| #define HAVE_STDINT_H 1
| #define HAVE_UNISTD_H 1
| #define HAVE_CRYPT_H 1
| #define HAVE_ENDIAN_H 1
| #define HAVE_GETOPT_H 1
| #define HAVE_LANGINFO_H 1
| #define HAVE_POLL_H 1
| #define HAVE_PWD_H 1
| #define HAVE_SYS_IPC_H 1
| #define HAVE_SYS_POLL_H 1
| #define HAVE_SYS_SELECT_H 1
| #define HAVE_SYS_SEM_H 1
| #define HAVE_SYS_SOCKET_H 1
| #define HAVE_SYS_SHM_H 1
| #define HAVE_SYS_TIME_H 1
| #define HAVE_SYS_UN_H 1
| #define HAVE_TERMIOS_H 1
| #define HAVE_UTIME_H 1
| #define HAVE_WCHAR_H 1
| #define HAVE_WCTYPE_H 1
| /* end confdefs.h.  */
| #include <kernel/image.h>
configure:7988: result: no
configure:8023: checking for kernel/image.h
configure:8030: result: no
configure:7907: checking SupportDefs.h usability
configure:7919: gcc -c -g -O0 -Wall -Wmissing-prototypes -Wpointer-arith -Winline -Wdeclaration-after-statement -Wendif-labels -fno-strict-aliasing -g -D_GNU_SOURCE  conftest.c >&5
conftest.c:83:10: fatal error: SupportDefs.h: No such file or directory
   83 | #include <SupportDefs.h>
      |          ^~~~~~~~~~~~~~~
compilation terminated.
configure:7925: $? = 1
configure: failed program was:
| /* confdefs.h.  */
| 
| #define PACKAGE_NAME "PostgreSQL"
| #define PACKAGE_TARNAME "postgresql"
| #define PACKAGE_VERSION "8.1.4"
| #define PACKAGE_STRING "PostgreSQL 8.1.4"
| #define PACKAGE_BUGREPORT "pgsql-bugs@postgresql.org"
| #define PG_VERSION "8.1.4"
| #define DEF_PGPORT 5432
| #define DEF_PGPORT_STR "5432"
| #define PG_VERSION_STR "PostgreSQL 8.1.4 on x86_64-unknown-linux-gnu, compiled by GCC gcc (Ubuntu 13.3.0-6ubuntu2~24.04) 13.3.0"
| #define USE_ASSERT_CHECKING 1
| #define PG_KRB_SRVNAM "postgres"
| #define HAVE_LIBM 1
| #define HAVE_LIBDL 1
| #define HAVE_LIBRESOLV 1
| #define HAVE_LIBREADLINE 1
| #define HAVE_LIBZ 1
| #define HAVE_SPINLOCKS 1
| #define STDC_HEADERS 1
| #define HAVE_SYS_TYPES_H 1
| #define HAVE_SYS_STAT_H 1
| #define HAVE_STDLIB_H 1
| #define HAVE_STRING_H 1
| #define HAVE_MEMORY_H 1
| #define HAVE_STRINGS_H 1
| #define HAVE_INTTYPES_H 1
| #define HAVE_STDINT_H 1
| #define HAVE_UNISTD_H 1
| #define HAVE_CRYPT_H 1
| #define HAVE_ENDIAN_H 1
| #define HAVE_GETOPT_H 1
| #define HAVE_LANGINFO_H 1
| #define HAVE_POLL_H 1
| #define HAVE_PWD_H 1
| #define HAVE_SYS_IPC_H 1
| #define HAVE_SYS_POLL_H 1
| #define HAVE_SYS_SELECT_H 1
| #define HAVE_SYS_SEM_H 1
| #define HAVE_SYS_SOCKET_H 1
| #define HAVE_SYS_SHM_H 1
| #define HAVE_SYS_TIME_H 1
| #define HAVE_SYS_UN_H 1
| #define HAVE_TERMIOS_H 1
| #define HAVE_UTIME_H 1
| #define HAVE_WCHAR_H 1
| #define HAVE_WCTYPE_H 1
| /* end confdefs.h.  */
| #include <stdio.h>
| #if HAVE_SYS_TYPES_H
| # include <sys/types.h>
| #endif
| #if HAVE_SYS_STAT_H
| # include <sys/stat.h>
| #endif
| #if STDC_HEADERS
| # include <stdlib.h>
| # include <stddef.h>
| #else
| # if HAVE_STDLIB_H
| #  include <stdlib.h>
| # endif
| #endif
| #if HAVE_STRING_H
| # if !STDC_HEADERS && HAVE_MEMORY_H
| #  include <memory.h>
| # endif
| # include <string.h>
| #endif
| #if HAVE_STRINGS_H
| # include <strings.h>
| #endif
| #if HAVE_INTTYPES_H
| # include <inttypes.h>
| #else
| # if HAVE_STDINT_H
| #  include <stdint.h>
| # endif
| #endif
| #if HAVE_UNISTD_H
| # include <unistd.h>
| #endif
| #include <SupportDefs.h>
configure:7948: result: no
configure:7952: checking SupportDefs.h presence
configure:7962: gcc -E -D_GNU_SOURCE  conftest.c
conftest.c:49:10: fatal error: SupportDefs.h: No such file or directory
   49 | #include <SupportDefs.h>
      |          ^~~~~~~~~~~~~~~
compilation terminated.
configure:7968: $? = 1
configure: failed program was:
| /* confdefs.h.  */
| 
| #define PACKAGE_NAME "PostgreSQL"
| #define PACKAGE_TARNAME "postgresql"
| #define PACKAGE_VERSION "8.1.4"
| #define PACKAGE_STRING "PostgreSQL 8.1.4"
| #define PACKAGE_BUGREPORT "pgsql-bugs@postgresql.org"
| #define PG_VERSION "8.1.4"
| #define DEF_PGPORT 5432
| #define DEF_PGPORT_STR "5432"
| #define PG_VERSION_STR "PostgreSQL 8.1.4 on x86_64-unknown-linux-gnu, compiled by GCC gcc (Ubuntu 13.3.0-6ubuntu2~24.04) 13.3.0"
| #define USE_ASSERT_CHECKING 1
| #define PG_KRB_SRVNAM "postgres"
| #define HAVE_LIBM 1
| #define HAVE_LIBDL 1
| #define HAVE_LIBRESOLV 1
| #define HAVE_LIBREADLINE 1
| #define HAVE_LIBZ 1
| #define HAVE_SPINLOCKS 1
| #define STDC_HEADERS 1
| #define HAVE_SYS_TYPES_H 1
| #define HAVE_SYS_STAT_H 1
| #define HAVE_STDLIB_H 1
| #define HAVE_STRING_H 1
| #define HAVE_MEMORY_H 1
| #define HAVE_STRINGS_H 1
| #define HAVE_INTTYPES_H 1
| #define HAVE_STDINT_H 1
| #define HAVE_UNISTD_H 1
| #define HAVE_CRYPT_H 1
| #define HAVE_ENDIAN_H 1
| #define HAVE_GETOPT_H 1
| #define HAVE_LANGINFO_H 1
| #define HAVE_POLL_H 1
| #define HAVE_PWD_H 1
| #define HAVE_SYS_IPC_H 1
| #define HAVE_SYS_POLL_H 1
| #define HAVE_SYS_SELECT_H 1
| #define HAVE_SYS_SEM_H 1
| #define HAVE_SYS_SOCKET_H 1
| #define HAVE_SYS_SHM_H 1
| #define HAVE_SYS_TIME_H 1
| #define HAVE_SYS_UN_H 1
| #define HAVE_TERMIOS_H 1
| #define HAVE_UTIME_H 1
| #define HAVE_WCHAR_H 1
| #define HAVE_WCTYPE_H 1
| /* end confdefs.h.  */
| #include <SupportDefs.h>
configure:7988: result: no
configure:8023: checking for SupportDefs.h
configure:8030: result: no
configure:8060: checking netinet/in.h usability
configure:8072: gcc -c -g -O0 -Wall -Wmissing-prototypes -Wpointer-arith -Winline -Wdeclaration-after-statement -Wendif-labels -fno-strict-aliasing -g -D_GNU_SOURCE  conftest.c >&5
configure:8078: $? = 0
configure:8082: test -z 
			 || test ! -s conftest.err
configure:8085: $? = 0
configure:8088: test -s conftest.o
configure:8091: $? = 0
configure:8101: result: yes
configure:8105: checking netinet/in.h presence
configure:8115: gcc -E -D_GNU_SOURCE  conftest.c
configure:8121: $? = 0
configure:8141: result: yes
configure:8176: checking for netinet/in.h
configure:8183: result: yes
configure:8200: checking for netinet/tcp.h
configure:8220: gcc -c -g -O0 -Wall -Wmissing-prototypes -Wpointer-arith -Winline -Wdeclaration-after-statement -Wendif-labels -fno-strict-aliasing -g -D_GNU_SOURCE  conftest.c >&5
configure:8226: $? = 0
configure:8230: test -z 
			 || test ! -s conftest.err
configure:8233: $? = 0
configure:8236: test -s conftest.o
configure:8239: $? = 0
configure:8250: result: yes
configure:8277: checking readline/readline.h usability
configure:8289: gcc -c -g -O0 -Wall -Wmissing-prototypes -Wpointer-arith -Winline -Wdeclaration-after-statement -Wendif-labels -fno-strict-aliasing -g -D_GNU_SOURCE  conftest.c >&5
configure:8295: $? = 0
configure:8299: test -z 
			 || test ! -s conftest.err
configure:8302: $? = 0
configure:8305: test -s conftest.o
configure:8308: $? = 0
configure:8318: result: yes
configure:8322: checking readline/readline.h presence
configure:8332: gcc -E -D_GNU_SOURCE  conftest.c
configure:8338: $? = 0
configure:8358: result: yes
configure:8393: checking for readline/readline.h
configure:8400: result: yes
configure:8588: checking readline/history.h usability
configure:8600: gcc -c -g -O0 -Wall -Wmissing-prototypes -Wpointer-arith -Winline -Wdeclaration-after-statement -Wendif-labels -fno-strict-aliasing -g -D_GNU_SOURCE  conftest.c >&5
configure:8606: $? = 0
configure:8610: test -z 
			 || test ! -s conftest.err
configure:8613: $? = 0
configure:8616: test -s conftest.o
configure:8619: $? = 0
configure:8629: result: yes
configure:8633: checking readline/history.h presence
configure:8643: gcc -E -D_GNU_SOURCE  conftest.c
configure:8649: $? = 0
configure:8669: result: yes
configure:8704: checking for readline/history.h
configure:8711: result: yes
configure:9829: checking zlib.h usability
configure:9841: gcc -c -g -O0 -Wall -Wmissing-prototypes -Wpointer-arith -Winline -Wdeclaration-after-statement -Wendif-labels -fno-strict-aliasing -g -D_GNU_SOURCE  conftest.c >&5
configure:9847: $? = 0
configure:9851: test -z 
			 || test ! -s conftest.err
configure:9854: $? = 0
configure:9857: test -s conftest.o
configure:9860: $? = 0
configure:9870: result: yes
configure:9874: checking zlib.h presence
configure:9884: gcc -E -D_GNU_SOURCE  conftest.c
configure:9890: $? = 0
configure:9910: result: yes
configure:9945: checking for zlib.h
configure:9952: result: yes
configure:10879: checking for an ANSI C-conforming const
configure:10946: gcc -c -g -O0 -Wall -Wmissing-prototypes -Wpointer-arith -Winline -Wdeclaration-after-statement -Wendif-labels -fno-strict-aliasing -g -D_GNU_SOURCE  conftest.c >&5
conftest.c: In function 'main':
conftest.c:80:17: warning: unused variable 's' [-Wunused-variable]
   80 |     char const *s = 0 ? (char *) 0 : (char const *) 0;
      |                 ^
conftest.c:100:15: warning: unused variable 'foo' [-Wunused-variable]
  100 |     const int foo = 10;
      |               ^~~
conftest.c:67:29: warning: unused variable 'zero' [-Wunused-variable]
   67 |   static struct point const zero = {0,0};
      |                             ^~~~
conftest.c:61:17: warning: unused variable 'x' [-Wunused-variable]
   61 |   const charset x;
      |                 ^
conftest.c:82:7: warning: 't' is used uninitialized [-Wuninitialized]
   82 |     *t++ = 0;
      |      ~^~
conftest.c:79:11: note: 't' was declared here
   79 |     char *t;
      |           ^
conftest.c:97:23: warning: 'b' is used uninitialized [-Wuninitialized]
   97 |     struct s *b; b->j = 5;
      |                  ~~~~~^~~
conftest.c:97:15: note: 'b' was declared here
   97 |     struct s *b; b->j = 5;
      |               ^
configure:10952: $? = 0
configure:10956: test -z 
			 || test ! -s conftest.err
configure:10959: $? = 0
configure:10962: test -s conftest.o
configure:10965: $? = 0
configure:10976: result: yes
configure:10987: checking for inline
configure:11008: gcc -c -g -O0 -Wall -Wmissing-prototypes -Wpointer-arith -Winline -Wdeclaration-after-statement -Wendif-labels -fno-strict-aliasing -g -D_GNU_SOURCE  conftest.c >&5
configure:11014: $? = 0
configure:11018: test -z 
			 || test ! -s conftest.err
configure:11021: $? = 0
configure:11024: test -s conftest.o
configure:11027: $? = 0
configure:11039: result: inline
configure:11054: checking for preprocessor stringizing operator
configure:11078: result: yes
configure:11088: checking for signed types
configure:11109: gcc -c -g -O0 -Wall -Wmissing-prototypes -Wpointer-arith -Winline -Wdeclaration-after-statement -Wendif-labels -fno-strict-aliasing -g -D_GNU_SOURCE  conftest.c >&5
conftest.c: In function 'main':
conftest.c:58:43: warning: unused variable 'i' [-Wunused-variable]
   58 | signed char c; signed short s; signed int i;
      |                                           ^
conftest.c:58:29: warning: unused variable 's' [-Wunused-variable]
   58 | signed char c; signed short s; signed int i;
      |                             ^
conftest.c:58:13: warning: unused variable 'c' [-Wunused-variable]
   58 | signed char c; signed short s; signed int i;
      |             ^
configure:11115: $? = 0
configure:11119: test -z 
			 || test ! -s conftest.err
configure:11122: $? = 0
configure:11125: test -s conftest.o
configure:11128: $? = 0
configure:11139: result: yes
configure:11148: checking for working volatile
configure:11171: gcc -c -g -O0 -Wall -Wmissing-prototypes -Wpointer-arith -Winline -Wdeclaration-after-statement -Wendif-labels -fno-strict-aliasing -g -D_GNU_SOURCE  conftest.c >&5
conftest.c: In function 'main':
conftest.c:60:16: warning: unused variable 'y' [-Wunused-variable]
   60 | int * volatile y;
      |                ^
conftest.c:59:14: warning: unused variable 'x' [-Wunused-variable]
   59 | volatile int x;
      |              ^
configure:11177: $? = 0
configure:11181: test -z 
			 || test ! -s conftest.err
configure:11184: $? = 0
configure:11187: test -s conftest.o
configure:11190: $? = 0
configure:11201: result: yes
configure:11211: checking for __func__
configure:11232: gcc -c -g -O0 -Wall -Wmissing-prototypes -Wpointer-arith -Winline -Wdeclaration-after-statement -Wendif-labels -fno-strict-aliasing -g -D_GNU_SOURCE  conftest.c >&5
configure:11238: $? = 0
configure:11242: test -z 
			 || test ! -s conftest.err
configure:11245: $? = 0
configure:11248: test -s conftest.o
configure:11251: $? = 0
configure:11262: result: yes
configure:11332: checking whether struct tm is in sys/time.h or time.h
configure:11355: gcc -c -g -O0 -Wall -Wmissing-prototypes -Wpointer-arith -Winline -Wdeclaration-after-statement -Wendif-labels -fno-strict-aliasing -g -D_GNU_SOURCE  conftest.c >&5
conftest.c: In function 'main':
conftest.c:61:18: warning: statement with no effect [-Wunused-value]
   61 | struct tm *tp; tp->tm_sec;
      |                ~~^~~~~~~~
configure:11361: $? = 0
configure:11365: test -z 
			 || test ! -s conftest.err
configure:11368: $? = 0
configure:11371: test -s conftest.o
configure:11374: $? = 0
configure:11385: result: time.h
configure:11395: checking for struct tm.tm_zone
configure:11421: gcc -c -g -O0 -Wall -Wmissing-prototypes -Wpointer-arith -Winline -Wdeclaration-after-statement -Wendif-labels -fno-strict-aliasing -g -D_GNU_SOURCE  conftest.c >&5
configure:11427: $? = 0
configure:11431: test -z 
			 || test ! -s conftest.err
configure:11434: $? = 0
configure:11437: test -s conftest.o
configure:11440: $? = 0
configure:11500: result: yes
configure:11518: checking for tzname
configure:11543: gcc -o conftest -g -O0 -Wall -Wmissing-prototypes -Wpointer-arith -Winline -Wdeclaration-after-statement -Wendif-labels -fno-strict-aliasing -g -D_GNU_SOURCE    conftest.c -lz -lreadline -lcrypt -lresolv -ldl -lm  >&5
conftest.c: In function 'main':
conftest.c:65:1: warning: implicit declaration of function 'atoi' [-Wimplicit-function-declaration]
   65 | atoi(*tzname);
      | ^~~~
configure:11549: $? = 0
configure:11553: test -z 
			 || test ! -s conftest.err
configure:11556: $? = 0
configure:11559: test -s conftest
configure:11562: $? = 0
configure:11574: result: yes
configure:11584: checking for union semun
configure:11611: gcc -c -g -O0 -Wall -Wmissing-prototypes -Wpointer-arith -Winline -Wdeclaration-after-statement -Wendif-labels -fno-strict-aliasing -g -D_GNU_SOURCE  conftest.c >&5
conftest.c: In function 'main':
conftest.c:67:13: error: invalid application of 'sizeof' to incomplete type 'union semun'
   67 | if (sizeof (union semun))
      |             ^~~~~
configure:11617: $? = 1
configure: failed program was:
| /* confdefs.h.  */
| 
| #define PACKAGE_NAME "PostgreSQL"
| #define PACKAGE_TARNAME "postgresql"
| #define PACKAGE_VERSION "8.1.4"
| #define PACKAGE_STRING "PostgreSQL 8.1.4"
| #define PACKAGE_BUGREPORT "pgsql-bugs@postgresql.org"
| #define PG_VERSION "8.1.4"
| #define DEF_PGPORT 5432
| #define DEF_PGPORT_STR "5432"
| #define PG_VERSION_STR "PostgreSQL 8.1.4 on x86_64-unknown-linux-gnu, compiled by GCC gcc (Ubuntu 13.3.0-6ubuntu2~24.04) 13.3.0"
| #define USE_ASSERT_CHECKING 1
| #define PG_KRB_SRVNAM "postgres"
| #define HAVE_LIBM 1
| #define HAVE_LIBDL 1
| #define HAVE_LIBRESOLV 1
| #define HAVE_LIBREADLINE 1
| #define HAVE_LIBZ 1
| #define HAVE_SPINLOCKS 1
| #define STDC_HEADERS 1
| #define HAVE_SYS_TYPES_H 1
| #define HAVE_SYS_STAT_H 1
| #define HAVE_STDLIB_H 1
| #define HAVE_STRING_H 1
| #define HAVE_MEMORY_H 1
| #define HAVE_STRINGS_H 1
| #define HAVE_INTTYPES_H 1
| #define HAVE_STDINT_H 1
| #define HAVE_UNISTD_H 1
| #define HAVE_CRYPT_H 1
| #define HAVE_ENDIAN_H 1
| #define HAVE_GETOPT_H 1
| #define HAVE_LANGINFO_H 1
| #define HAVE_POLL_H 1
| #define HAVE_PWD_H 1
| #define HAVE_SYS_IPC_H 1
| #define HAVE_SYS_POLL_H 1
| #define HAVE_SYS_SELECT_H 1
| #define HAVE_SYS_SEM_H 1
| #define HAVE_SYS_SOCKET_H 1
| #define HAVE_SYS_SHM_H 1
| #define HAVE_SYS_TIME_H 1
| #define HAVE_SYS_UN_H 1
| #define HAVE_TERMIOS_H 1
| #define HAVE_UTIME_H 1
| #define HAVE_WCHAR_H 1
| #define HAVE_WCTYPE_H 1
| #define HAVE_NETINET_IN_H 1
| #define HAVE_NETINET_TCP_H 1
| #define HAVE_READLINE_READLINE_H 1
| #define HAVE_READLINE_HISTORY_H 1
| #define HAVE_STRINGIZE 1
| #define HAVE_FUNCNAME__FUNC 1
| #define HAVE_STRUCT_TM_TM_ZONE 1
| #define HAVE_TM_ZONE 1
| #define HAVE_TZNAME 1
| /* end confdefs.h.  */
| #include <sys/types.h>
| #include <sys/ipc.h>
| #include <sys/sem.h>
| 
| int
| main ()
| {
| if ((union semun *) 0)
|   return 0;
| if (sizeof (union semun))
|   return 0;
|   ;
|   return 0;
| }
configure:11641: result: no
configure:11652: checking for struct sockaddr_un
configure:11681: gcc -c -g -O0 -Wall -Wmissing-prototypes -Wpointer-arith -Winline -Wdeclaration-after-statement -Wendif-labels -fno-strict-aliasing -g -D_GNU_SOURCE  conftest.c >&5
configure:11687: $? = 0
configure:11691: test -z 
			 || test ! -s conftest.err
configure:11694: $? = 0
configure:11697: test -s conftest.o
configure:11700: $? = 0
configure:11711: result: yes
configure:11726: checking for struct sockaddr_storage
configure:11755: gcc -c -g -O0 -Wall -Wmissing-prototypes -Wpointer-arith -Winline -Wdeclaration-after-statement -Wendif-labels -fno-strict-aliasing -g -D_GNU_SOURCE  conftest.c >&5
configure:11761: $? = 0
configure:11765: test -z 
			 || test ! -s conftest.err
configure:11768: $? = 0
configure:11771: test -s conftest.o
configure:11774: $? = 0
configure:11785: result: yes
configure:11796: checking for struct sockaddr_storage.ss_family
configure:11824: gcc -c -g -O0 -Wall -Wmissing-prototypes -Wpointer-arith -Winline -Wdeclaration-after-statement -Wendif-labels -fno-strict-aliasing -g -D_GNU_SOURCE  conftest.c >&5
configure:11830: $? = 0
configure:11834: test -z 
			 || test ! -s conftest.err
configure:11837: $? = 0
configure:11840: test -s conftest.o
configure:11843: $? = 0
configure:11905: result: yes
configure:11915: checking for struct sockaddr_storage.__ss_family
configure:11943: gcc -c -g -O0 -Wall -Wmissing-prototypes -Wpointer-arith -Winline -Wdeclaration-after-statement -Wendif-labels -fno-strict-aliasing -g -D_GNU_SOURCE  conftest.c >&5
conftest.c: In function 'main':
conftest.c:72:13: error: 'struct sockaddr_storage' has no member named '__ss_family'; did you mean 'ss_family'?
   72 | if (ac_aggr.__ss_family)
      |             ^~~~~~~~~~~
      |             ss_family
conftest.c:71:32: warning: variable 'ac_aggr' set but not used [-Wunused-but-set-variable]
   71 | static struct sockaddr_storage ac_aggr;
      |                                ^~~~~~~
configure:11949: $? = 1
configure: failed program was:
| /* confdefs.h.  */
| 
| #define PACKAGE_NAME "PostgreSQL"
| #define PACKAGE_TARNAME "postgresql"
| #define PACKAGE_VERSION "8.1.4"
| #define PACKAGE_STRING "PostgreSQL 8.1.4"
| #define PACKAGE_BUGREPORT "pgsql-bugs@postgresql.org"
| #define PG_VERSION "8.1.4"
| #define DEF_PGPORT 5432
| #define DEF_PGPORT_STR "5432"
| #define PG_VERSION_STR "PostgreSQL 8.1.4 on x86_64-unknown-linux-gnu, compiled by GCC gcc (Ubuntu 13.3.0-6ubuntu2~24.04) 13.3.0"
| #define USE_ASSERT_CHECKING 1
| #define PG_KRB_SRVNAM "postgres"
| #define HAVE_LIBM 1
| #define HAVE_LIBDL 1
| #define HAVE_LIBRESOLV 1
| #define HAVE_LIBREADLINE 1
| #define HAVE_LIBZ 1
| #define HAVE_SPINLOCKS 1
| #define STDC_HEADERS 1
| #define HAVE_SYS_TYPES_H 1
| #define HAVE_SYS_STAT_H 1
| #define HAVE_STDLIB_H 1
| #define HAVE_STRING_H 1
| #define HAVE_MEMORY_H 1
| #define HAVE_STRINGS_H 1
| #define HAVE_INTTYPES_H 1
| #define HAVE_STDINT_H 1
| #define HAVE_UNISTD_H 1
| #define HAVE_CRYPT_H 1
| #define HAVE_ENDIAN_H 1
| #define HAVE_GETOPT_H 1
| #define HAVE_LANGINFO_H 1
| #define HAVE_POLL_H 1
| #define HAVE_PWD_H 1
| #define HAVE_SYS_IPC_H 1
| #define HAVE_SYS_POLL_H 1
| #define HAVE_SYS_SELECT_H 1
| #define HAVE_SYS_SEM_H 1
| #define HAVE_SYS_SOCKET_H 1
| #define HAVE_SYS_SHM_H 1
| #define HAVE_SYS_TIME_H 1
| #define HAVE_SYS_UN_H 1
| #define HAVE_TERMIOS_H 1
| #define HAVE_UTIME_H 1
| #define HAVE_WCHAR_H 1
| #define HAVE_WCTYPE_H 1
| #define HAVE_NETINET_IN_H 1
| #define HAVE_NETINET_TCP_H 1
| #define HAVE_READLINE_READLINE_H 1
| #define HAVE_READLINE_HISTORY_H 1
| #define HAVE_STRINGIZE 1
| #define HAVE_FUNCNAME__FUNC 1
| #define HAVE_STRUCT_TM_TM_ZONE 1
| #define HAVE_TM_ZONE 1
| #define HAVE_TZNAME 1
| #define HAVE_STRUCT_SOCKADDR_UN 1
| #define HAVE_UNIX_SOCKETS 1
| #define HAVE_STRUCT_SOCKADDR_STORAGE 1
| #define HAVE_STRUCT_SOCKADDR_STORAGE_SS_FAMILY 1
| /* end confdefs.h.  */
| #include <sys/types.h>
| #ifdef HAVE_SYS_SOCKET_H
| #include <sys/socket.h>
| #endif
| 
| 
| int
| main ()
| {
| static struct sockaddr_storage ac_aggr;
| if (ac_aggr.__ss_family)
| return 0;
|   ;
|   return 0;
| }
configure:11992: gcc -c -g -O0 -Wall -Wmissing-prototypes -Wpointer-arith -Winline -Wdeclaration-after-statement -Wendif-labels -fno-strict-aliasing -g -D_GNU_SOURCE  conftest.c >&5
conftest.c: In function 'main':
conftest.c:72:20: error: 'struct sockaddr_storage' has no member named '__ss_family'; did you mean 'ss_family'?
   72 | if (sizeof ac_aggr.__ss_family)
      |                    ^~~~~~~~~~~
      |                    ss_family
conftest.c:71:32: warning: variable 'ac_aggr' set but not used [-Wunused-but-set-variable]
   71 | static struct sockaddr_storage ac_aggr;
      |                                ^~~~~~~
configure:11998: $? = 1
configure: failed program was:
| /* confdefs.h.  */
| 
| #define PACKAGE_NAME "PostgreSQL"
| #define PACKAGE_TARNAME "postgresql"
| #define PACKAGE_VERSION "8.1.4"
| #define PACKAGE_STRING "PostgreSQL 8.1.4"
| #define PACKAGE_BUGREPORT "pgsql-bugs@postgresql.org"
| #define PG_VERSION "8.1.4"
| #define DEF_PGPORT 5432
| #define DEF_PGPORT_STR "5432"
| #define PG_VERSION_STR "PostgreSQL 8.1.4 on x86_64-unknown-linux-gnu, compiled by GCC gcc (Ubuntu 13.3.0-6ubuntu2~24.04) 13.3.0"
| #define USE_ASSERT_CHECKING 1
| #define PG_KRB_SRVNAM "postgres"
| #define HAVE_LIBM 1
| #define HAVE_LIBDL 1
| #define HAVE_LIBRESOLV 1
| #define HAVE_LIBREADLINE 1
| #define HAVE_LIBZ 1
| #define HAVE_SPINLOCKS 1
| #define STDC_HEADERS 1
| #define HAVE_SYS_TYPES_H 1
| #define HAVE_SYS_STAT_H 1
| #define HAVE_STDLIB_H 1
| #define HAVE_STRING_H 1
| #define HAVE_MEMORY_H 1
| #define HAVE_STRINGS_H 1
| #define HAVE_INTTYPES_H 1
| #define HAVE_STDINT_H 1
| #define HAVE_UNISTD_H 1
| #define HAVE_CRYPT_H 1
| #define HAVE_ENDIAN_H 1
| #define HAVE_GETOPT_H 1
| #define HAVE_LANGINFO_H 1
| #define HAVE_POLL_H 1
| #define HAVE_PWD_H 1
| #define HAVE_SYS_IPC_H 1
| #define HAVE_SYS_POLL_H 1
| #define HAVE_SYS_SELECT_H 1
| #define HAVE_SYS_SEM_H 1
| #define HAVE_SYS_SOCKET_H 1
| #define HAVE_SYS_SHM_H 1
| #define HAVE_SYS_TIME_H 1
| #define HAVE_SYS_UN_H 1
| #define HAVE_TERMIOS_H 1
| #define HAVE_UTIME_H 1
| #define HAVE_WCHAR_H 1
| #define HAVE_WCTYPE_H 1
| #define HAVE_NETINET_IN_H 1
| #define HAVE_NETINET_TCP_H 1
| #define HAVE_READLINE_READLINE_H 1
| #define HAVE_READLINE_HISTORY_H 1
| #define HAVE_STRINGIZE 1
| #define HAVE_FUNCNAME__FUNC 1
| #define HAVE_STRUCT_TM_TM_ZONE 1
| #define HAVE_TM_ZONE 1
| #define HAVE_TZNAME 1
| #define HAVE_STRUCT_SOCKADDR_UN 1
| #define HAVE_UNIX_SOCKETS 1
| #define HAVE_STRUCT_SOCKADDR_STORAGE 1
| #define HAVE_STRUCT_SOCKADDR_STORAGE_SS_FAMILY 1
| /* end confdefs.h.  */
| #include <sys/types.h>
| #ifdef HAVE_SYS_SOCKET_H
| #include <sys/socket.h>
| #endif
| 
| 
| int
| main ()
| {
| static struct sockaddr_storage ac_aggr;
| if (sizeof ac_aggr.__ss_family)
| return 0;
|   ;
|   return 0;
| }
configure:12024: result: no
configure:12034: checking for struct sockaddr_storage.ss_len
configure:12062: gcc -c -g -O0 -Wall -Wmissing-prototypes -Wpointer-arith -Winline -Wdeclaration-after-statement -Wendif-labels -fno-strict-aliasing -g -D_GNU_SOURCE  conftest.c >&5
conftest.c: In function 'main':
conftest.c:72:12: error: 'struct sockaddr_storage' has no member named 'ss_len'
   72 | if (ac_aggr.ss_len)
      |            ^
conftest.c:71:32: warning: variable 'ac_aggr' set but not used [-Wunused-but-set-variable]
   71 | static struct sockaddr_storage ac_aggr;
      |                                ^~~~~~~
configure:12068: $? = 1
configure: failed program was:
| /* confdefs.h.  */
| 
| #define PACKAGE_NAME "PostgreSQL"
| #define PACKAGE_TARNAME "postgresql"
| #define PACKAGE_VERSION "8.1.4"
| #define PACKAGE_STRING "PostgreSQL 8.1.4"
| #define PACKAGE_BUGREPORT "pgsql-bugs@postgresql.org"
| #define PG_VERSION "8.1.4"
| #define DEF_PGPORT 5432
| #define DEF_PGPORT_STR "5432"
| #define PG_VERSION_STR "PostgreSQL 8.1.4 on x86_64-unknown-linux-gnu, compiled by GCC gcc (Ubuntu 13.3.0-6ubuntu2~24.04) 13.3.0"
| #define USE_ASSERT_CHECKING 1
| #define PG_KRB_SRVNAM "postgres"
| #define HAVE_LIBM 1
| #define HAVE_LIBDL 1
| #define HAVE_LIBRESOLV 1
| #define HAVE_LIBREADLINE 1
| #define HAVE_LIBZ 1
| #define HAVE_SPINLOCKS 1
| #define STDC_HEADERS 1
| #define HAVE_SYS_TYPES_H 1
| #define HAVE_SYS_STAT_H 1
| #define HAVE_STDLIB_H 1
| #define HAVE_STRING_H 1
| #define HAVE_MEMORY_H 1
| #define HAVE_STRINGS_H 1
| #define HAVE_INTTYPES_H 1
| #define HAVE_STDINT_H 1
| #define HAVE_UNISTD_H 1
| #define HAVE_CRYPT_H 1
| #define HAVE_ENDIAN_H 1
| #define HAVE_GETOPT_H 1
| #define HAVE_LANGINFO_H 1
| #define HAVE_POLL_H 1
| #define HAVE_PWD_H 1
| #define HAVE_SYS_IPC_H 1
| #define HAVE_SYS_POLL_H 1
| #define HAVE_SYS_SELECT_H 1
| #define HAVE_SYS_SEM_H 1
| #define HAVE_SYS_SOCKET_H 1
| #define HAVE_SYS_SHM_H 1
| #define HAVE_SYS_TIME_H 1
| #define HAVE_SYS_UN_H 1
| #define HAVE_TERMIOS_H 1
| #define HAVE_UTIME_H 1
| #define HAVE_WCHAR_H 1
| #define HAVE_WCTYPE_H 1
| #define HAVE_NETINET_IN_H 1
| #define HAVE_NETINET_TCP_H 1
| #define HAVE_READLINE_READLINE_H 1
| #define HAVE_READLINE_HISTORY_H 1
| #define HAVE_STRINGIZE 1
| #define HAVE_FUNCNAME__FUNC 1
| #define HAVE_STRUCT_TM_TM_ZONE 1
| #define HAVE_TM_ZONE 1
| #define HAVE_TZNAME 1
| #define HAVE_STRUCT_SOCKADDR_UN 1
| #define HAVE_UNIX_SOCKETS 1
| #define HAVE_STRUCT_SOCKADDR_STORAGE 1
| #define HAVE_STRUCT_SOCKADDR_STORAGE_SS_FAMILY 1
| /* end confdefs.h.  */
| #include <sys/types.h>
| #ifdef HAVE_SYS_SOCKET_H
| #include <sys/socket.h>
| #endif
| 
| 
| int
| main ()
| {
| static struct sockaddr_storage ac_aggr;
| if (ac_aggr.ss_len)
| return 0;
|   ;
|   return 0;
| }
configure:12111: gcc -c -g -O0 -Wall -Wmissing-prototypes -Wpointer-arith -Winline -Wdeclaration-after-statement -Wendif-labels -fno-strict-aliasing -g -D_GNU_SOURCE  conftest.c >&5
conftest.c: In function 'main':
conftest.c:72:19: error: 'struct sockaddr_storage' has no member named 'ss_len'
   72 | if (sizeof ac_aggr.ss_len)
      |                   ^
conftest.c:71:32: warning: variable 'ac_aggr' set but not used [-Wunused-but-set-variable]
   71 | static struct sockaddr_storage ac_aggr;
      |                                ^~~~~~~
configure:12117: $? = 1
configure: failed program was:
| /* confdefs.h.  */
| 
| #define PACKAGE_NAME "PostgreSQL"
| #define PACKAGE_TARNAME "postgresql"
| #define PACKAGE_VERSION "8.1.4"
| #define PACKAGE_STRING "PostgreSQL 8.1.4"
| #define PACKAGE_BUGREPORT "pgsql-bugs@postgresql.org"
| #define PG_VERSION "8.1.4"
| #define DEF_PGPORT 5432
| #define DEF_PGPORT_STR "5432"
| #define PG_VERSION_STR "PostgreSQL 8.1.4 on x86_64-unknown-linux-gnu, compiled by GCC gcc (Ubuntu 13.3.0-6ubuntu2~24.04) 13.3.0"
| #define USE_ASSERT_CHECKING 1
| #define PG_KRB_SRVNAM "postgres"
| #define HAVE_LIBM 1
| #define HAVE_LIBDL 1
| #define HAVE_LIBRESOLV 1
| #define HAVE_LIBREADLINE 1
| #define HAVE_LIBZ 1
| #define HAVE_SPINLOCKS 1
| #define STDC_HEADERS 1
| #define HAVE_SYS_TYPES_H 1
| #define HAVE_SYS_STAT_H 1
| #define HAVE_STDLIB_H 1
| #define HAVE_STRING_H 1
| #define HAVE_MEMORY_H 1
| #define HAVE_STRINGS_H 1
| #define HAVE_INTTYPES_H 1
| #define HAVE_STDINT_H 1
| #define HAVE_UNISTD_H 1
| #define HAVE_CRYPT_H 1
| #define HAVE_ENDIAN_H 1
| #define HAVE_GETOPT_H 1
| #define HAVE_LANGINFO_H 1
| #define HAVE_POLL_H 1
| #define HAVE_PWD_H 1
| #define HAVE_SYS_IPC_H 1
| #define HAVE_SYS_POLL_H 1
| #define HAVE_SYS_SELECT_H 1
| #define HAVE_SYS_SEM_H 1
| #define HAVE_SYS_SOCKET_H 1
| #define HAVE_SYS_SHM_H 1
| #define HAVE_SYS_TIME_H 1
| #define HAVE_SYS_UN_H 1
| #define HAVE_TERMIOS_H 1
| #define HAVE_UTIME_H 1
| #define HAVE_WCHAR_H 1
| #define HAVE_WCTYPE_H 1
| #define HAVE_NETINET_IN_H 1
| #define HAVE_NETINET_TCP_H 1
| #define HAVE_READLINE_READLINE_H 1
| #define HAVE_READLINE_HISTORY_H 1
| #define HAVE_STRINGIZE 1
| #define HAVE_FUNCNAME__FUNC 1
| #define HAVE_STRUCT_TM_TM_ZONE 1
| #define HAVE_TM_ZONE 1
| #define HAVE_TZNAME 1
| #define HAVE_STRUCT_SOCKADDR_UN 1
| #define HAVE_UNIX_SOCKETS 1
| #define HAVE_STRUCT_SOCKADDR_STORAGE 1
| #define HAVE_STRUCT_SOCKADDR_STORAGE_SS_FAMILY 1
| /* end confdefs.h.  */
| #include <sys/types.h>
| #ifdef HAVE_SYS_SOCKET_H
| #include <sys/socket.h>
| #endif
| 
| 
| int
| main ()
| {
| static struct sockaddr_storage ac_aggr;
| if (sizeof ac_aggr.ss_len)
| return 0;
|   ;
|   return 0;
| }
configure:12143: result: no
configure:12153: checking for struct sockaddr_storage.__ss_len
configure:12181: gcc -c -g -O0 -Wall -Wmissing-prototypes -Wpointer-arith -Winline -Wdeclaration-after-statement -Wendif-labels -fno-strict-aliasing -g -D_GNU_SOURCE  conftest.c >&5
conftest.c: In function 'main':
conftest.c:72:13: error: 'struct sockaddr_storage' has no member named '__ss_len'; did you mean '__ss_align'?
   72 | if (ac_aggr.__ss_len)
      |             ^~~~~~~~
      |             __ss_align
conftest.c:71:32: warning: variable 'ac_aggr' set but not used [-Wunused-but-set-variable]
   71 | static struct sockaddr_storage ac_aggr;
      |                                ^~~~~~~
configure:12187: $? = 1
configure: failed program was:
| /* confdefs.h.  */
| 
| #define PACKAGE_NAME "PostgreSQL"
| #define PACKAGE_TARNAME "postgresql"
| #define PACKAGE_VERSION "8.1.4"
| #define PACKAGE_STRING "PostgreSQL 8.1.4"
| #define PACKAGE_BUGREPORT "pgsql-bugs@postgresql.org"
| #define PG_VERSION "8.1.4"
| #define DEF_PGPORT 5432
| #define DEF_PGPORT_STR "5432"
| #define PG_VERSION_STR "PostgreSQL 8.1.4 on x86_64-unknown-linux-gnu, compiled by GCC gcc (Ubuntu 13.3.0-6ubuntu2~24.04) 13.3.0"
| #define USE_ASSERT_CHECKING 1
| #define PG_KRB_SRVNAM "postgres"
| #define HAVE_LIBM 1
| #define HAVE_LIBDL 1
| #define HAVE_LIBRESOLV 1
| #define HAVE_LIBREADLINE 1
| #define HAVE_LIBZ 1
| #define HAVE_SPINLOCKS 1
| #define STDC_HEADERS 1
| #define HAVE_SYS_TYPES_H 1
| #define HAVE_SYS_STAT_H 1
| #define HAVE_STDLIB_H 1
| #define HAVE_STRING_H 1
| #define HAVE_MEMORY_H 1
| #define HAVE_STRINGS_H 1
| #define HAVE_INTTYPES_H 1
| #define HAVE_STDINT_H 1
| #define HAVE_UNISTD_H 1
| #define HAVE_CRYPT_H 1
| #define HAVE_ENDIAN_H 1
| #define HAVE_GETOPT_H 1
| #define HAVE_LANGINFO_H 1
| #define HAVE_POLL_H 1
| #define HAVE_PWD_H 1
| #define HAVE_SYS_IPC_H 1
| #define HAVE_SYS_POLL_H 1
| #define HAVE_SYS_SELECT_H 1
| #define HAVE_SYS_SEM_H 1
| #define HAVE_SYS_SOCKET_H 1
| #define HAVE_SYS_SHM_H 1
| #define HAVE_SYS_TIME_H 1
| #define HAVE_SYS_UN_H 1
| #define HAVE_TERMIOS_H 1
| #define HAVE_UTIME_H 1
| #define HAVE_WCHAR_H 1
| #define HAVE_WCTYPE_H 1
| #define HAVE_NETINET_IN_H 1
| #define HAVE_NETINET_TCP_H 1
| #define HAVE_READLINE_READLINE_H 1
| #define HAVE_READLINE_HISTORY_H 1
| #define HAVE_STRINGIZE 1
| #define HAVE_FUNCNAME__FUNC 1
| #define HAVE_STRUCT_TM_TM_ZONE 1
| #define HAVE_TM_ZONE 1
| #define HAVE_TZNAME 1
| #define HAVE_STRUCT_SOCKADDR_UN 1
| #define HAVE_UNIX_SOCKETS 1
| #define HAVE_STRUCT_SOCKADDR_STORAGE 1
| #define HAVE_STRUCT_SOCKADDR_STORAGE_SS_FAMILY 1
| /* end confdefs.h.  */
| #include <sys/types.h>
| #ifdef HAVE_SYS_SOCKET_H
| #include <sys/socket.h>
| #endif
| 
| 
| int
| main ()
| {
| static struct sockaddr_storage ac_aggr;
| if (ac_aggr.__ss_len)
| return 0;
|   ;
|   return 0;
| }
configure:12230: gcc -c -g -O0 -Wall -Wmissing-prototypes -Wpointer-arith -Winline -Wdeclaration-after-statement -Wendif-labels -fno-strict-aliasing -g -D_GNU_SOURCE  conftest.c >&5
conftest.c: In function 'main':
conftest.c:72:20: error: 'struct sockaddr_storage' has no member named '__ss_len'; did you mean '__ss_align'?
   72 | if (sizeof ac_aggr.__ss_len)
      |                    ^~~~~~~~
      |                    __ss_align
conftest.c:71:32: warning: variable 'ac_aggr' set but not used [-Wunused-but-set-variable]
   71 | static struct sockaddr_storage ac_aggr;
      |                                ^~~~~~~
configure:12236: $? = 1
configure: failed program was:
| /* confdefs.h.  */
| 
| #define PACKAGE_NAME "PostgreSQL"
| #define PACKAGE_TARNAME "postgresql"
| #define PACKAGE_VERSION "8.1.4"
| #define PACKAGE_STRING "PostgreSQL 8.1.4"
| #define PACKAGE_BUGREPORT "pgsql-bugs@postgresql.org"
| #define PG_VERSION "8.1.4"
| #define DEF_PGPORT 5432
| #define DEF_PGPORT_STR "5432"
| #define PG_VERSION_STR "PostgreSQL 8.1.4 on x86_64-unknown-linux-gnu, compiled by GCC gcc (Ubuntu 13.3.0-6ubuntu2~24.04) 13.3.0"
| #define USE_ASSERT_CHECKING 1
| #define PG_KRB_SRVNAM "postgres"
| #define HAVE_LIBM 1
| #define HAVE_LIBDL 1
| #define HAVE_LIBRESOLV 1
| #define HAVE_LIBREADLINE 1
| #define HAVE_LIBZ 1
| #define HAVE_SPINLOCKS 1
| #define STDC_HEADERS 1
| #define HAVE_SYS_TYPES_H 1
| #define HAVE_SYS_STAT_H 1
| #define HAVE_STDLIB_H 1
| #define HAVE_STRING_H 1
| #define HAVE_MEMORY_H 1
| #define HAVE_STRINGS_H 1
| #define HAVE_INTTYPES_H 1
| #define HAVE_STDINT_H 1
| #define HAVE_UNISTD_H 1
| #define HAVE_CRYPT_H 1
| #define HAVE_ENDIAN_H 1
| #define HAVE_GETOPT_H 1
| #define HAVE_LANGINFO_H 1
| #define HAVE_POLL_H 1
| #define HAVE_PWD_H 1
| #define HAVE_SYS_IPC_H 1
| #define HAVE_SYS_POLL_H 1
| #define HAVE_SYS_SELECT_H 1
| #define HAVE_SYS_SEM_H 1
| #define HAVE_SYS_SOCKET_H 1
| #define HAVE_SYS_SHM_H 1
| #define HAVE_SYS_TIME_H 1
| #define HAVE_SYS_UN_H 1
| #define HAVE_TERMIOS_H 1
| #define HAVE_UTIME_H 1
| #define HAVE_WCHAR_H 1
| #define HAVE_WCTYPE_H 1
| #define HAVE_NETINET_IN_H 1
| #define HAVE_NETINET_TCP_H 1
| #define HAVE_READLINE_READLINE_H 1
| #define HAVE_READLINE_HISTORY_H 1
| #define HAVE_STRINGIZE 1
| #define HAVE_FUNCNAME__FUNC 1
| #define HAVE_STRUCT_TM_TM_ZONE 1
| #define HAVE_TM_ZONE 1
| #define HAVE_TZNAME 1
| #define HAVE_STRUCT_SOCKADDR_UN 1
| #define HAVE_UNIX_SOCKETS 1
| #define HAVE_STRUCT_SOCKADDR_STORAGE 1
| #define HAVE_STRUCT_SOCKADDR_STORAGE_SS_FAMILY 1
| /* end confdefs.h.  */
| #include <sys/types.h>
| #ifdef HAVE_SYS_SOCKET_H
| #include <sys/socket.h>
| #endif
| 
| 
| int
| main ()
| {
| static struct sockaddr_storage ac_aggr;
| if (sizeof ac_aggr.__ss_len)
| return 0;
|   ;
|   return 0;
| }
configure:12262: result: no
configure:12272: checking for struct sockaddr.sa_len
configure:12300: gcc -c -g -O0 -Wall -Wmissing-prototypes -Wpointer-arith -Winline -Wdeclaration-after-statement -Wendif-labels -fno-strict-aliasing -g -D_GNU_SOURCE  conftest.c >&5
conftest.c: In function 'main':
conftest.c:72:12: error: 'struct sockaddr' has no member named 'sa_len'
   72 | if (ac_aggr.sa_len)
      |            ^
conftest.c:71:24: warning: variable 'ac_aggr' set but not used [-Wunused-but-set-variable]
   71 | static struct sockaddr ac_aggr;
      |                        ^~~~~~~
configure:12306: $? = 1
configure: failed program was:
| /* confdefs.h.  */
| 
| #define PACKAGE_NAME "PostgreSQL"
| #define PACKAGE_TARNAME "postgresql"
| #define PACKAGE_VERSION "8.1.4"
| #define PACKAGE_STRING "PostgreSQL 8.1.4"
| #define PACKAGE_BUGREPORT "pgsql-bugs@postgresql.org"
| #define PG_VERSION "8.1.4"
| #define DEF_PGPORT 5432
| #define DEF_PGPORT_STR "5432"
| #define PG_VERSION_STR "PostgreSQL 8.1.4 on x86_64-unknown-linux-gnu, compiled by GCC gcc (Ubuntu 13.3.0-6ubuntu2~24.04) 13.3.0"
| #define USE_ASSERT_CHECKING 1
| #define PG_KRB_SRVNAM "postgres"
| #define HAVE_LIBM 1
| #define HAVE_LIBDL 1
| #define HAVE_LIBRESOLV 1
| #define HAVE_LIBREADLINE 1
| #define HAVE_LIBZ 1
| #define HAVE_SPINLOCKS 1
| #define STDC_HEADERS 1
| #define HAVE_SYS_TYPES_H 1
| #define HAVE_SYS_STAT_H 1
| #define HAVE_STDLIB_H 1
| #define HAVE_STRING_H 1
| #define HAVE_MEMORY_H 1
| #define HAVE_STRINGS_H 1
| #define HAVE_INTTYPES_H 1
| #define HAVE_STDINT_H 1
| #define HAVE_UNISTD_H 1
| #define HAVE_CRYPT_H 1
| #define HAVE_ENDIAN_H 1
| #define HAVE_GETOPT_H 1
| #define HAVE_LANGINFO_H 1
| #define HAVE_POLL_H 1
| #define HAVE_PWD_H 1
| #define HAVE_SYS_IPC_H 1
| #define HAVE_SYS_POLL_H 1
| #define HAVE_SYS_SELECT_H 1
| #define HAVE_SYS_SEM_H 1
| #define HAVE_SYS_SOCKET_H 1
| #define HAVE_SYS_SHM_H 1
| #define HAVE_SYS_TIME_H 1
| #define HAVE_SYS_UN_H 1
| #define HAVE_TERMIOS_H 1
| #define HAVE_UTIME_H 1
| #define HAVE_WCHAR_H 1
| #define HAVE_WCTYPE_H 1
| #define HAVE_NETINET_IN_H 1
| #define HAVE_NETINET_TCP_H 1
| #define HAVE_READLINE_READLINE_H 1
| #define HAVE_READLINE_HISTORY_H 1
| #define HAVE_STRINGIZE 1
| #define HAVE_FUNCNAME__FUNC 1
| #define HAVE_STRUCT_TM_TM_ZONE 1
| #define HAVE_TM_ZONE 1
| #define HAVE_TZNAME 1
| #define HAVE_STRUCT_SOCKADDR_UN 1
| #define HAVE_UNIX_SOCKETS 1
| #define HAVE_STRUCT_SOCKADDR_STORAGE 1
| #define HAVE_STRUCT_SOCKADDR_STORAGE_SS_FAMILY 1
| /* end confdefs.h.  */
| #include <sys/types.h>
| #ifdef HAVE_SYS_SOCKET_H
| #include <sys/socket.h>
| #endif
| 
| 
| int
| main ()
| {
| static struct sockaddr ac_aggr;
| if (ac_aggr.sa_len)
| return 0;
|   ;
|   return 0;
| }
configure:12349: gcc -c -g -O0 -Wall -Wmissing-prototypes -Wpointer-arith -Winline -Wdeclaration-after-statement -Wendif-labels -fno-strict-aliasing -g -D_GNU_SOURCE  conftest.c >&5
conftest.c: In function 'main':
conftest.c:72:19: error: 'struct sockaddr' has no member named 'sa_len'
   72 | if (sizeof ac_aggr.sa_len)
      |                   ^
conftest.c:71:24: warning: variable 'ac_aggr' set but not used [-Wunused-but-set-variable]
   71 | static struct sockaddr ac_aggr;
      |                        ^~~~~~~
configure:12355: $? = 1
configure: failed program was:
| /* confdefs.h.  */
| 
| #define PACKAGE_NAME "PostgreSQL"
| #define PACKAGE_TARNAME "postgresql"
| #define PACKAGE_VERSION "8.1.4"
| #define PACKAGE_STRING "PostgreSQL 8.1.4"
| #define PACKAGE_BUGREPORT "pgsql-bugs@postgresql.org"
| #define PG_VERSION "8.1.4"
| #define DEF_PGPORT 5432
| #define DEF_PGPORT_STR "5432"
| #define PG_VERSION_STR "PostgreSQL 8.1.4 on x86_64-unknown-linux-gnu, compiled by GCC gcc (Ubuntu 13.3.0-6ubuntu2~24.04) 13.3.0"
| #define USE_ASSERT_CHECKING 1
| #define PG_KRB_SRVNAM "postgres"
| #define HAVE_LIBM 1
| #define HAVE_LIBDL 1
| #define HAVE_LIBRESOLV 1
| #define HAVE_LIBREADLINE 1
| #define HAVE_LIBZ 1
| #define HAVE_SPINLOCKS 1
| #define STDC_HEADERS 1
| #define HAVE_SYS_TYPES_H 1
| #define HAVE_SYS_STAT_H 1
| #define HAVE_STDLIB_H 1
| #define HAVE_STRING_H 1
| #define HAVE_MEMORY_H 1
| #define HAVE_STRINGS_H 1
| #define HAVE_INTTYPES_H 1
| #define HAVE_STDINT_H 1
| #define HAVE_UNISTD_H 1
| #define HAVE_CRYPT_H 1
| #define HAVE_ENDIAN_H 1
| #define HAVE_GETOPT_H 1
| #define HAVE_LANGINFO_H 1
| #define HAVE_POLL_H 1
| #define HAVE_PWD_H 1
| #define HAVE_SYS_IPC_H 1
| #define HAVE_SYS_POLL_H 1
| #define HAVE_SYS_SELECT_H 1
| #define HAVE_SYS_SEM_H 1
| #define HAVE_SYS_SOCKET_H 1
| #define HAVE_SYS_SHM_H 1
| #define HAVE_SYS_TIME_H 1
| #define HAVE_SYS_UN_H 1
| #define HAVE_TERMIOS_H 1
| #define HAVE_UTIME_H 1
| #define HAVE_WCHAR_H 1
| #define HAVE_WCTYPE_H 1
| #define HAVE_NETINET_IN_H 1
| #define HAVE_NETINET_TCP_H 1
| #define HAVE_READLINE_READLINE_H 1
| #define HAVE_READLINE_HISTORY_H 1
| #define HAVE_STRINGIZE 1
| #define HAVE_FUNCNAME__FUNC 1
| #define HAVE_STRUCT_TM_TM_ZONE 1
| #define HAVE_TM_ZONE 1
| #define HAVE_TZNAME 1
| #define HAVE_STRUCT_SOCKADDR_UN 1
| #define HAVE_UNIX_SOCKETS 1
| #define HAVE_STRUCT_SOCKADDR_STORAGE 1
| #define HAVE_STRUCT_SOCKADDR_STORAGE_SS_FAMILY 1
| /* end confdefs.h.  */
| #include <sys/types.h>
| #ifdef HAVE_SYS_SOCKET_H
| #include <sys/socket.h>
| #endif
| 
| 
| int
| main ()
| {
| static struct sockaddr ac_aggr;
| if (sizeof ac_aggr.sa_len)
| return 0;
|   ;
|   return 0;
| }
configure:12381: result: no
configure:12392: checking for struct addrinfo
configure:12420: gcc -c -g -O0 -Wall -Wmissing-prototypes -Wpointer-arith -Winline -Wdeclaration-after-statement -Wendif-labels -fno-strict-aliasing -g -D_GNU_SOURCE  conftest.c >&5
configure:12426: $? = 0
configure:12430: test -z 
			 || test ! -s conftest.err
configure:12433: $? = 0
configure:12436: test -s conftest.o
configure:12439: $? = 0
configure:12450: result: yes
configure:12462: checking for struct cmsgcred
configure:12490: gcc -c -g -O0 -Wall -Wmissing-prototypes -Wpointer-arith -Winline -Wdeclaration-after-statement -Wendif-labels -fno-strict-aliasing -g -D_GNU_SOURCE  conftest.c >&5
conftest.c:66:10: fatal error: sys/ucred.h: No such file or directory
   66 | #include <sys/ucred.h>
      |          ^~~~~~~~~~~~~
compilation terminated.
configure:12496: $? = 1
configure: failed program was:
| /* confdefs.h.  */
| 
| #define PACKAGE_NAME "PostgreSQL"
| #define PACKAGE_TARNAME "postgresql"
| #define PACKAGE_VERSION "8.1.4"
| #define PACKAGE_STRING "PostgreSQL 8.1.4"
| #define PACKAGE_BUGREPORT "pgsql-bugs@postgresql.org"
| #define PG_VERSION "8.1.4"
| #define DEF_PGPORT 5432
| #define DEF_PGPORT_STR "5432"
| #define PG_VERSION_STR "PostgreSQL 8.1.4 on x86_64-unknown-linux-gnu, compiled by GCC gcc (Ubuntu 13.3.0-6ubuntu2~24.04) 13.3.0"
| #define USE_ASSERT_CHECKING 1
| #define PG_KRB_SRVNAM "postgres"
| #define HAVE_LIBM 1
| #define HAVE_LIBDL 1
| #define HAVE_LIBRESOLV 1
| #define HAVE_LIBREADLINE 1
| #define HAVE_LIBZ 1
| #define HAVE_SPINLOCKS 1
| #define STDC_HEADERS 1
| #define HAVE_SYS_TYPES_H 1
| #define HAVE_SYS_STAT_H 1
| #define HAVE_STDLIB_H 1
| #define HAVE_STRING_H 1
| #define HAVE_MEMORY_H 1
| #define HAVE_STRINGS_H 1
| #define HAVE_INTTYPES_H 1
| #define HAVE_STDINT_H 1
| #define HAVE_UNISTD_H 1
| #define HAVE_CRYPT_H 1
| #define HAVE_ENDIAN_H 1
| #define HAVE_GETOPT_H 1
| #define HAVE_LANGINFO_H 1
| #define HAVE_POLL_H 1
| #define HAVE_PWD_H 1
| #define HAVE_SYS_IPC_H 1
| #define HAVE_SYS_POLL_H 1
| #define HAVE_SYS_SELECT_H 1
| #define HAVE_SYS_SEM_H 1
| #define HAVE_SYS_SOCKET_H 1
| #define HAVE_SYS_SHM_H 1
| #define HAVE_SYS_TIME_H 1
| #define HAVE_SYS_UN_H 1
| #define HAVE_TERMIOS_H 1
| #define HAVE_UTIME_H 1
| #define HAVE_WCHAR_H 1
| #define HAVE_WCTYPE_H 1
| #define HAVE_NETINET_IN_H 1
| #define HAVE_NETINET_TCP_H 1
| #define HAVE_READLINE_READLINE_H 1
| #define HAVE_READLINE_HISTORY_H 1
| #define HAVE_STRINGIZE 1
| #define HAVE_FUNCNAME__FUNC 1
| #define HAVE_STRUCT_TM_TM_ZONE 1
| #define HAVE_TM_ZONE 1
| #define HAVE_TZNAME 1
| #define HAVE_STRUCT_SOCKADDR_UN 1
| #define HAVE_UNIX_SOCKETS 1
| #define HAVE_STRUCT_SOCKADDR_STORAGE 1
| #define HAVE_STRUCT_SOCKADDR_STORAGE_SS_FAMILY 1
| #define HAVE_STRUCT_ADDRINFO 1
| /* end confdefs.h.  */
| #include <sys/param.h>
| #include <sys/types.h>
| #include <sys/socket.h>
| #include <sys/ucred.h>
| 
| int
| main ()
| {
| if ((struct cmsgcred *) 0)
|   return 0;
| if (sizeof (struct cmsgcred))
|   return 0;
|   ;
|   return 0;
| }
configure:12520: result: no
configure:12530: checking for struct fcred
configure:12558: gcc -c -g -O0 -Wall -Wmissing-prototypes -Wpointer-arith -Winline -Wdeclaration-after-statement -Wendif-labels -fno-strict-aliasing -g -D_GNU_SOURCE  conftest.c >&5
conftest.c:66:10: fatal error: sys/ucred.h: No such file or directory
   66 | #include <sys/ucred.h>
      |          ^~~~~~~~~~~~~
compilation terminated.
configure:12564: $? = 1
configure: failed program was:
| /* confdefs.h.  */
| 
| #define PACKAGE_NAME "PostgreSQL"
| #define PACKAGE_TARNAME "postgresql"
| #define PACKAGE_VERSION "8.1.4"
| #define PACKAGE_STRING "PostgreSQL 8.1.4"
| #define PACKAGE_BUGREPORT "pgsql-bugs@postgresql.org"
| #define PG_VERSION "8.1.4"
| #define DEF_PGPORT 5432
| #define DEF_PGPORT_STR "5432"
| #define PG_VERSION_STR "PostgreSQL 8.1.4 on x86_64-unknown-linux-gnu, compiled by GCC gcc (Ubuntu 13.3.0-6ubuntu2~24.04) 13.3.0"
| #define USE_ASSERT_CHECKING 1
| #define PG_KRB_SRVNAM "postgres"
| #define HAVE_LIBM 1
| #define HAVE_LIBDL 1
| #define HAVE_LIBRESOLV 1
| #define HAVE_LIBREADLINE 1
| #define HAVE_LIBZ 1
| #define HAVE_SPINLOCKS 1
| #define STDC_HEADERS 1
| #define HAVE_SYS_TYPES_H 1
| #define HAVE_SYS_STAT_H 1
| #define HAVE_STDLIB_H 1
| #define HAVE_STRING_H 1
| #define HAVE_MEMORY_H 1
| #define HAVE_STRINGS_H 1
| #define HAVE_INTTYPES_H 1
| #define HAVE_STDINT_H 1
| #define HAVE_UNISTD_H 1
| #define HAVE_CRYPT_H 1
| #define HAVE_ENDIAN_H 1
| #define HAVE_GETOPT_H 1
| #define HAVE_LANGINFO_H 1
| #define HAVE_POLL_H 1
| #define HAVE_PWD_H 1
| #define HAVE_SYS_IPC_H 1
| #define HAVE_SYS_POLL_H 1
| #define HAVE_SYS_SELECT_H 1
| #define HAVE_SYS_SEM_H 1
| #define HAVE_SYS_SOCKET_H 1
| #define HAVE_SYS_SHM_H 1
| #define HAVE_SYS_TIME_H 1
| #define HAVE_SYS_UN_H 1
| #define HAVE_TERMIOS_H 1
| #define HAVE_UTIME_H 1
| #define HAVE_WCHAR_H 1
| #define HAVE_WCTYPE_H 1
| #define HAVE_NETINET_IN_H 1
| #define HAVE_NETINET_TCP_H 1
| #define HAVE_READLINE_READLINE_H 1
| #define HAVE_READLINE_HISTORY_H 1
| #define HAVE_STRINGIZE 1
| #define HAVE_FUNCNAME__FUNC 1
| #define HAVE_STRUCT_TM_TM_ZONE 1
| #define HAVE_TM_ZONE 1
| #define HAVE_TZNAME 1
| #define HAVE_STRUCT_SOCKADDR_UN 1
| #define HAVE_UNIX_SOCKETS 1
| #define HAVE_STRUCT_SOCKADDR_STORAGE 1
| #define HAVE_STRUCT_SOCKADDR_STORAGE_SS_FAMILY 1
| #define HAVE_STRUCT_ADDRINFO 1
| /* end confdefs.h.  */
| #include <sys/param.h>
| #include <sys/types.h>
| #include <sys/socket.h>
| #include <sys/ucred.h>
| 
| int
| main ()
| {
| if ((struct fcred *) 0)
|   return 0;
| if (sizeof (struct fcred))
|   return 0;
|   ;
|   return 0;
| }
configure:12588: result: no
configure:12598: checking for struct sockcred
configure:12626: gcc -c -g -O0 -Wall -Wmissing-prototypes -Wpointer-arith -Winline -Wdeclaration-after-statement -Wendif-labels -fno-strict-aliasing -g -D_GNU_SOURCE  conftest.c >&5
conftest.c:66:10: fatal error: sys/ucred.h: No such file or directory
   66 | #include <sys/ucred.h>
      |          ^~~~~~~~~~~~~
compilation terminated.
configure:12632: $? = 1
configure: failed program was:
| /* confdefs.h.  */
| 
| #define PACKAGE_NAME "PostgreSQL"
| #define PACKAGE_TARNAME "postgresql"
| #define PACKAGE_VERSION "8.1.4"
| #define PACKAGE_STRING "PostgreSQL 8.1.4"
| #define PACKAGE_BUGREPORT "pgsql-bugs@postgresql.org"
| #define PG_VERSION "8.1.4"
| #define DEF_PGPORT 5432
| #define DEF_PGPORT_STR "5432"
| #define PG_VERSION_STR "PostgreSQL 8.1.4 on x86_64-unknown-linux-gnu, compiled by GCC gcc (Ubuntu 13.3.0-6ubuntu2~24.04) 13.3.0"
| #define USE_ASSERT_CHECKING 1
| #define PG_KRB_SRVNAM "postgres"
| #define HAVE_LIBM 1
| #define HAVE_LIBDL 1
| #define HAVE_LIBRESOLV 1
| #define HAVE_LIBREADLINE 1
| #define HAVE_LIBZ 1
| #define HAVE_SPINLOCKS 1
| #define STDC_HEADERS 1
| #define HAVE_SYS_TYPES_H 1
| #define HAVE_SYS_STAT_H 1
| #define HAVE_STDLIB_H 1
| #define HAVE_STRING_H 1
| #define HAVE_MEMORY_H 1
| #define HAVE_STRINGS_H 1
| #define HAVE_INTTYPES_H 1
| #define HAVE_STDINT_H 1
| #define HAVE_UNISTD_H 1
| #define HAVE_CRYPT_H 1
| #define HAVE_ENDIAN_H 1
| #define HAVE_GETOPT_H 1
| #define HAVE_LANGINFO_H 1
| #define HAVE_POLL_H 1
| #define HAVE_PWD_H 1
| #define HAVE_SYS_IPC_H 1
| #define HAVE_SYS_POLL_H 1
| #define HAVE_SYS_SELECT_H 1
| #define HAVE_SYS_SEM_H 1
| #define HAVE_SYS_SOCKET_H 1
| #define HAVE_SYS_SHM_H 1
| #define HAVE_SYS_TIME_H 1
| #define HAVE_SYS_UN_H 1
| #define HAVE_TERMIOS_H 1
| #define HAVE_UTIME_H 1
| #define HAVE_WCHAR_H 1
| #define HAVE_WCTYPE_H 1
| #define HAVE_NETINET_IN_H 1
| #define HAVE_NETINET_TCP_H 1
| #define HAVE_READLINE_READLINE_H 1
| #define HAVE_READLINE_HISTORY_H 1
| #define HAVE_STRINGIZE 1
| #define HAVE_FUNCNAME__FUNC 1
| #define HAVE_STRUCT_TM_TM_ZONE 1
| #define HAVE_TM_ZONE 1
| #define HAVE_TZNAME 1
| #define HAVE_STRUCT_SOCKADDR_UN 1
| #define HAVE_UNIX_SOCKETS 1
| #define HAVE_STRUCT_SOCKADDR_STORAGE 1
| #define HAVE_STRUCT_SOCKADDR_STORAGE_SS_FAMILY 1
| #define HAVE_STRUCT_ADDRINFO 1
| /* end confdefs.h.  */
| #include <sys/param.h>
| #include <sys/types.h>
| #include <sys/socket.h>
| #include <sys/ucred.h>
| 
| int
| main ()
| {
| if ((struct sockcred *) 0)
|   return 0;
| if (sizeof (struct sockcred))
|   return 0;
|   ;
|   return 0;
| }
configure:12656: result: no
configure:12668: checking for struct option
configure:12695: gcc -c -g -O0 -Wall -Wmissing-prototypes -Wpointer-arith -Winline -Wdeclaration-after-statement -Wendif-labels -fno-strict-aliasing -g -D_GNU_SOURCE  conftest.c >&5
configure:12701: $? = 0
configure:12705: test -z 
			 || test ! -s conftest.err
configure:12708: $? = 0
configure:12711: test -s conftest.o
configure:12714: $? = 0
configure:12725: result: yes
configure:12741: checking for z_streamp
configure:12766: gcc -c -g -O0 -Wall -Wmissing-prototypes -Wpointer-arith -Winline -Wdeclaration-after-statement -Wendif-labels -fno-strict-aliasing -g -D_GNU_SOURCE  conftest.c >&5
configure:12772: $? = 0
configure:12776: test -z 
			 || test ! -s conftest.err
configure:12779: $? = 0
configure:12782: test -s conftest.o
configure:12785: $? = 0
configure:12796: result: yes
configure:13273: checking whether F_FULLFSYNC is declared
configure:13298: gcc -c -g -O0 -Wall -Wmissing-prototypes -Wpointer-arith -Winline -Wdeclaration-after-statement -Wendif-labels -fno-strict-aliasing -g -D_GNU_SOURCE  conftest.c >&5
conftest.c: In function 'main':
conftest.c:70:22: error: 'F_FULLFSYNC' undeclared (first use in this function)
   70 |   char *p = (char *) F_FULLFSYNC;
      |                      ^~~~~~~~~~~
conftest.c:70:22: note: each undeclared identifier is reported only once for each function it appears in
conftest.c:70:9: warning: unused variable 'p' [-Wunused-variable]
   70 |   char *p = (char *) F_FULLFSYNC;
      |         ^
configure:13304: $? = 1
configure: failed program was:
| /* confdefs.h.  */
| 
| #define PACKAGE_NAME "PostgreSQL"
| #define PACKAGE_TARNAME "postgresql"
| #define PACKAGE_VERSION "8.1.4"
| #define PACKAGE_STRING "PostgreSQL 8.1.4"
| #define PACKAGE_BUGREPORT "pgsql-bugs@postgresql.org"
| #define PG_VERSION "8.1.4"
| #define DEF_PGPORT 5432
| #define DEF_PGPORT_STR "5432"
| #define PG_VERSION_STR "PostgreSQL 8.1.4 on x86_64-unknown-linux-gnu, compiled by GCC gcc (Ubuntu 13.3.0-6ubuntu2~24.04) 13.3.0"
| #define USE_ASSERT_CHECKING 1
| #define PG_KRB_SRVNAM "postgres"
| #define HAVE_LIBM 1
| #define HAVE_LIBDL 1
| #define HAVE_LIBRESOLV 1
| #define HAVE_LIBREADLINE 1
| #define HAVE_LIBZ 1
| #define HAVE_SPINLOCKS 1
| #define STDC_HEADERS 1
| #define HAVE_SYS_TYPES_H 1
| #define HAVE_SYS_STAT_H 1
| #define HAVE_STDLIB_H 1
| #define HAVE_STRING_H 1
| #define HAVE_MEMORY_H 1
| #define HAVE_STRINGS_H 1
| #define HAVE_INTTYPES_H 1
| #define HAVE_STDINT_H 1
| #define HAVE_UNISTD_H 1
| #define HAVE_CRYPT_H 1
| #define HAVE_ENDIAN_H 1
| #define HAVE_GETOPT_H 1
| #define HAVE_LANGINFO_H 1
| #define HAVE_POLL_H 1
| #define HAVE_PWD_H 1
| #define HAVE_SYS_IPC_H 1
| #define HAVE_SYS_POLL_H 1
| #define HAVE_SYS_SELECT_H 1
| #define HAVE_SYS_SEM_H 1
| #define HAVE_SYS_SOCKET_H 1
| #define HAVE_SYS_SHM_H 1
| #define HAVE_SYS_TIME_H 1
| #define HAVE_SYS_UN_H 1
| #define HAVE_TERMIOS_H 1
| #define HAVE_UTIME_H 1
| #define HAVE_WCHAR_H 1
| #define HAVE_WCTYPE_H 1
| #define HAVE_NETINET_IN_H 1
| #define HAVE_NETINET_TCP_H 1
| #define HAVE_READLINE_READLINE_H 1
| #define HAVE_READLINE_HISTORY_H 1
| #define HAVE_STRINGIZE 1
| #define HAVE_FUNCNAME__FUNC 1
| #define HAVE_STRUCT_TM_TM_ZONE 1
| #define HAVE_TM_ZONE 1
| #define HAVE_TZNAME 1
| #define HAVE_STRUCT_SOCKADDR_UN 1
| #define HAVE_UNIX_SOCKETS 1
| #define HAVE_STRUCT_SOCKADDR_STORAGE 1
| #define HAVE_STRUCT_SOCKADDR_STORAGE_SS_FAMILY 1
| #define HAVE_STRUCT_ADDRINFO 1
| #define HAVE_STRUCT_OPTION 1
| /* end confdefs.h.  */
| #include <fcntl.h>
| 
| int
| main ()
| {
| #ifndef F_FULLFSYNC
|   char *p = (char *) F_FULLFSYNC;
| #endif
| 
|   ;
|   return 0;
| }
configure:13328: result: no
configure:13351: checking for int timezone
configure:13377: gcc -o conftest -g -O0 -Wall -Wmissing-prototypes -Wpointer-arith -Winline -Wdeclaration-after-statement -Wendif-labels -fno-strict-aliasing -g -D_GNU_SOURCE    conftest.c -lz -lreadline -lcrypt -lresolv -ldl -lm  >&5
configure:13383: $? = 0
configure:13387: test -z 
			 || test ! -s conftest.err
configure:13390: $? = 0
configure:13393: test -s conftest
configure:13396: $? = 0
configure:13408: result: yes
configure:13417: checking types of arguments for accept()
configure:13457: gcc -c -g -O0 -Wall -Wmissing-prototypes -Wpointer-arith -Winline -Wdeclaration-after-statement -Wendif-labels -fno-strict-aliasing -g -D_GNU_SOURCE  conftest.c >&5
conftest.c:72:12: error: conflicting types for 'accept'; have 'int(int,  struct sockaddr *, int *)'
   72 | extern int accept (int, struct sockaddr *, int *);
      |            ^~~~~~
In file included from conftest.c:70:
/usr/include/x86_64-linux-gnu/sys/socket.h:306:12: note: previous declaration of 'accept' with type 'int(int,  __SOCKADDR_ARG,  socklen_t * restrict)' {aka 'int(int,  __SOCKADDR_ARG,  unsigned int * restrict)'}
  306 | extern int accept (int __fd, __SOCKADDR_ARG __addr,
      |            ^~~~~~
configure:13463: $? = 1
configure: failed program was:
| /* confdefs.h.  */
| 
| #define PACKAGE_NAME "PostgreSQL"
| #define PACKAGE_TARNAME "postgresql"
| #define PACKAGE_VERSION "8.1.4"
| #define PACKAGE_STRING "PostgreSQL 8.1.4"
| #define PACKAGE_BUGREPORT "pgsql-bugs@postgresql.org"
| #define PG_VERSION "8.1.4"
| #define DEF_PGPORT 5432
| #define DEF_PGPORT_STR "5432"
| #define PG_VERSION_STR "PostgreSQL 8.1.4 on x86_64-unknown-linux-gnu, compiled by GCC gcc (Ubuntu 13.3.0-6ubuntu2~24.04) 13.3.0"
| #define USE_ASSERT_CHECKING 1
| #define PG_KRB_SRVNAM "postgres"
| #define HAVE_LIBM 1
| #define HAVE_LIBDL 1
| #define HAVE_LIBRESOLV 1
| #define HAVE_LIBREADLINE 1
| #define HAVE_LIBZ 1
| #define HAVE_SPINLOCKS 1
| #define STDC_HEADERS 1
| #define HAVE_SYS_TYPES_H 1
| #define HAVE_SYS_STAT_H 1
| #define HAVE_STDLIB_H 1
| #define HAVE_STRING_H 1
| #define HAVE_MEMORY_H 1
| #define HAVE_STRINGS_H 1
| #define HAVE_INTTYPES_H 1
| #define HAVE_STDINT_H 1
| #define HAVE_UNISTD_H 1
| #define HAVE_CRYPT_H 1
| #define HAVE_ENDIAN_H 1
| #define HAVE_GETOPT_H 1
| #define HAVE_LANGINFO_H 1
| #define HAVE_POLL_H 1
| #define HAVE_PWD_H 1
| #define HAVE_SYS_IPC_H 1
| #define HAVE_SYS_POLL_H 1
| #define HAVE_SYS_SELECT_H 1
| #define HAVE_SYS_SEM_H 1
| #define HAVE_SYS_SOCKET_H 1
| #define HAVE_SYS_SHM_H 1
| #define HAVE_SYS_TIME_H 1
| #define HAVE_SYS_UN_H 1
| #define HAVE_TERMIOS_H 1
| #define HAVE_UTIME_H 1
| #define HAVE_WCHAR_H 1
| #define HAVE_WCTYPE_H 1
| #define HAVE_NETINET_IN_H 1
| #define HAVE_NETINET_TCP_H 1
| #define HAVE_READLINE_READLINE_H 1
| #define HAVE_READLINE_HISTORY_H 1
| #define HAVE_STRINGIZE 1
| #define HAVE_FUNCNAME__FUNC 1
| #define HAVE_STRUCT_TM_TM_ZONE 1
| #define HAVE_TM_ZONE 1
| #define HAVE_TZNAME 1
| #define HAVE_STRUCT_SOCKADDR_UN 1
| #define HAVE_UNIX_SOCKETS 1
| #define HAVE_STRUCT_SOCKADDR_STORAGE 1
| #define HAVE_STRUCT_SOCKADDR_STORAGE_SS_FAMILY 1
| #define HAVE_STRUCT_ADDRINFO 1
| #define HAVE_STRUCT_OPTION 1
| #define HAVE_DECL_F_FULLFSYNC 0
| #define HAVE_INT_TIMEZONE
| /* end confdefs.h.  */
| #ifdef HAVE_SYS_TYPES_H
| #include <sys/types.h>
| #endif
| #ifdef HAVE_SYS_SOCKET_H
| #include <sys/socket.h>
| #endif
| extern int accept (int, struct sockaddr *, int *);
| int
| main ()
| {
| 
|   ;
|   return 0;
| }
configure:13457: gcc -c -g -O0 -Wall -Wmissing-prototypes -Wpointer-arith -Winline -Wdeclaration-after-statement -Wendif-labels -fno-strict-aliasing -g -D_GNU_SOURCE  conftest.c >&5
conftest.c:72:12: error: conflicting types for 'accept'; have 'int(int,  struct sockaddr *, size_t *)' {aka 'int(int,  struct sockaddr *, long unsigned int *)'}
   72 | extern int accept (int, struct sockaddr *, size_t *);
      |            ^~~~~~
In file included from conftest.c:70:
/usr/include/x86_64-linux-gnu/sys/socket.h:306:12: note: previous declaration of 'accept' with type 'int(int,  __SOCKADDR_ARG,  socklen_t * restrict)' {aka 'int(int,  __SOCKADDR_ARG,  unsigned int * restrict)'}
  306 | extern int accept (int __fd, __SOCKADDR_ARG __addr,
      |            ^~~~~~
configure:13463: $? = 1
configure: failed program was:
| /* confdefs.h.  */
| 
| #define PACKAGE_NAME "PostgreSQL"
| #define PACKAGE_TARNAME "postgresql"
| #define PACKAGE_VERSION "8.1.4"
| #define PACKAGE_STRING "PostgreSQL 8.1.4"
| #define PACKAGE_BUGREPORT "pgsql-bugs@postgresql.org"
| #define PG_VERSION "8.1.4"
| #define DEF_PGPORT 5432
| #define DEF_PGPORT_STR "5432"
| #define PG_VERSION_STR "PostgreSQL 8.1.4 on x86_64-unknown-linux-gnu, compiled by GCC gcc (Ubuntu 13.3.0-6ubuntu2~24.04) 13.3.0"
| #define USE_ASSERT_CHECKING 1
| #define PG_KRB_SRVNAM "postgres"
| #define HAVE_LIBM 1
| #define HAVE_LIBDL 1
| #define HAVE_LIBRESOLV 1
| #define HAVE_LIBREADLINE 1
| #define HAVE_LIBZ 1
| #define HAVE_SPINLOCKS 1
| #define STDC_HEADERS 1
| #define HAVE_SYS_TYPES_H 1
| #define HAVE_SYS_STAT_H 1
| #define HAVE_STDLIB_H 1
| #define HAVE_STRING_H 1
| #define HAVE_MEMORY_H 1
| #define HAVE_STRINGS_H 1
| #define HAVE_INTTYPES_H 1
| #define HAVE_STDINT_H 1
| #define HAVE_UNISTD_H 1
| #define HAVE_CRYPT_H 1
| #define HAVE_ENDIAN_H 1
| #define HAVE_GETOPT_H 1
| #define HAVE_LANGINFO_H 1
| #define HAVE_POLL_H 1
| #define HAVE_PWD_H 1
| #define HAVE_SYS_IPC_H 1
| #define HAVE_SYS_POLL_H 1
| #define HAVE_SYS_SELECT_H 1
| #define HAVE_SYS_SEM_H 1
| #define HAVE_SYS_SOCKET_H 1
| #define HAVE_SYS_SHM_H 1
| #define HAVE_SYS_TIME_H 1
| #define HAVE_SYS_UN_H 1
| #define HAVE_TERMIOS_H 1
| #define HAVE_UTIME_H 1
| #define HAVE_WCHAR_H 1
| #define HAVE_WCTYPE_H 1
| #define HAVE_NETINET_IN_H 1
| #define HAVE_NETINET_TCP_H 1
| #define HAVE_READLINE_READLINE_H 1
| #define HAVE_READLINE_HISTORY_H 1
| #define HAVE_STRINGIZE 1
| #define HAVE_FUNCNAME__FUNC 1
| #define HAVE_STRUCT_TM_TM_ZONE 1
| #define HAVE_TM_ZONE 1
| #define HAVE_TZNAME 1
| #define HAVE_STRUCT_SOCKADDR_UN 1
| #define HAVE_UNIX_SOCKETS 1
| #define HAVE_STRUCT_SOCKADDR_STORAGE 1
| #define HAVE_STRUCT_SOCKADDR_STORAGE_SS_FAMILY 1
| #define HAVE_STRUCT_ADDRINFO 1
| #define HAVE_STRUCT_OPTION 1
| #define HAVE_DECL_F_FULLFSYNC 0
| #define HAVE_INT_TIMEZONE
| /* end confdefs.h.  */
| #ifdef HAVE_SYS_TYPES_H
| #include <sys/types.h>
| #endif
| #ifdef HAVE_SYS_SOCKET_H
| #include <sys/socket.h>
| #endif
| extern int accept (int, struct sockaddr *, size_t *);
| int
| main ()
| {
| 
|   ;
|   return 0;
| }
configure:13457: gcc -c -g -O0 -Wall -Wmissing-prototypes -Wpointer-arith -Winline -Wdeclaration-after-statement -Wendif-labels -fno-strict-aliasing -g -D_GNU_SOURCE  conftest.c >&5
configure:13463: $? = 0
configure:13467: test -z 
			 || test ! -s conftest.err
configure:13470: $? = 0
configure:13473: test -s conftest.o
configure:13476: $? = 0
configure:13506: result: int, int, struct sockaddr *, socklen_t *
configure:13529: checking whether gettimeofday takes only one argument
configure:13552: gcc -c -g -O0 -Wall -Wmissing-prototypes -Wpointer-arith -Winline -Wdeclaration-after-statement -Wendif-labels -fno-strict-aliasing -g -D_GNU_SOURCE  conftest.c >&5
conftest.c: In function 'main':
conftest.c:76:1: warning: 'tp' is used uninitialized [-Wuninitialized]
   76 | gettimeofday(tp,tzp);
      | ^~~~~~~~~~~~~~~~~~~~
conftest.c:74:17: note: 'tp' was declared here
   74 | struct timeval *tp;
      |                 ^~
conftest.c:76:1: warning: 'tzp' is used uninitialized [-Wuninitialized]
   76 | gettimeofday(tp,tzp);
      | ^~~~~~~~~~~~~~~~~~~~
conftest.c:75:18: note: 'tzp' was declared here
   75 | struct timezone *tzp;
      |                  ^~~
configure:13558: $? = 0
configure:13562: test -z 
			 || test ! -s conftest.err
configure:13565: $? = 0
configure:13568: test -s conftest.o
configure:13571: $? = 0
configure:13582: result: no
configure:13616: checking for cbrt
configure:13673: gcc -o conftest -g -O0 -Wall -Wmissing-prototypes -Wpointer-arith -Winline -Wdeclaration-after-statement -Wendif-labels -fno-strict-aliasing -g -D_GNU_SOURCE    conftest.c -lz -lreadline -lcrypt -lresolv -ldl -lm  >&5
conftest.c:94:6: warning: conflicting types for built-in function 'cbrt'; expected 'double(double)' [-Wbuiltin-declaration-mismatch]
   94 | char cbrt ();
      |      ^~~~
conftest.c:81:1: note: 'cbrt' is declared in header '<math.h>'
   80 | # include <limits.h>
   81 | #else
configure:13679: $? = 0
configure:13683: test -z 
			 || test ! -s conftest.err
configure:13686: $? = 0
configure:13689: test -s conftest
configure:13692: $? = 0
configure:13704: result: yes
configure:13616: checking for dlopen
configure:13673: gcc -o conftest -g -O0 -Wall -Wmissing-prototypes -Wpointer-arith -Winline -Wdeclaration-after-statement -Wendif-labels -fno-strict-aliasing -g -D_GNU_SOURCE    conftest.c -lz -lreadline -lcrypt -lresolv -ldl -lm  >&5
configure:13679: $? = 0
configure:13683: test -z 
			 || test ! -s conftest.err
configure:13686: $? = 0
configure:13689: test -s conftest
configure:13692: $? = 0
configure:13704: result: yes
configure:13616: checking for fcvt
configure:13673: gcc -o conftest -g -O0 -Wall -Wmissing-prototypes -Wpointer-arith -Winline -Wdeclaration-after-statement -Wendif-labels -fno-strict-aliasing -g -D_GNU_SOURCE    conftest.c -lz -lreadline -lcrypt -lresolv -ldl -lm  >&5
configure:13679: $? = 0
configure:13683: test -z 
			 || test ! -s conftest.err
configure:13686: $? = 0
configure:13689: test -s conftest
configure:13692: $? = 0
configure:13704: result: yes
configure:13616: checking for fdatasync
configure:13673: gcc -o conftest -g -O0 -Wall -Wmissing-prototypes -Wpointer-arith -Winline -Wdeclaration-after-statement -Wendif-labels -fno-strict-aliasing -g -D_GNU_SOURCE    conftest.c -lz -lreadline -lcrypt -lresolv -ldl -lm  >&5
configure:13679: $? = 0
configure:13683: test -z 
			 || test ! -s conftest.err
configure:13686: $? = 0
configure:13689: test -s conftest
configure:13692: $? = 0
configure:13704: result: yes
configure:13616: checking for getpeereid
configure:13673: gcc -o conftest -g -O0 -Wall -Wmissing-prototypes -Wpointer-arith -Winline -Wdeclaration-after-statement -Wendif-labels -fno-strict-aliasing -g -D_GNU_SOURCE    conftest.c -lz -lreadline -lcrypt -lresolv -ldl -lm  >&5
/usr/bin/ld: /tmp/cc12jzgu.o: in function `main':
/home/yass_y/postgresql-8.1.4/postgresql-8.1.4/conftest.c:114:(.text+0x12): undefined reference to `getpeereid'
/usr/bin/ld: /tmp/cc12jzgu.o:/home/yass_y/postgresql-8.1.4/postgresql-8.1.4/conftest.c:105:(.data.rel+0x0): undefined reference to `getpeereid'
collect2: error: ld returned 1 exit status
configure:13679: $? = 1
configure: failed program was:
| /* confdefs.h.  */
| 
| #define PACKAGE_NAME "PostgreSQL"
| #define PACKAGE_TARNAME "postgresql"
| #define PACKAGE_VERSION "8.1.4"
| #define PACKAGE_STRING "PostgreSQL 8.1.4"
| #define PACKAGE_BUGREPORT "pgsql-bugs@postgresql.org"
| #define PG_VERSION "8.1.4"
| #define DEF_PGPORT 5432
| #define DEF_PGPORT_STR "5432"
| #define PG_VERSION_STR "PostgreSQL 8.1.4 on x86_64-unknown-linux-gnu, compiled by GCC gcc (Ubuntu 13.3.0-6ubuntu2~24.04) 13.3.0"
| #define USE_ASSERT_CHECKING 1
| #define PG_KRB_SRVNAM "postgres"
| #define HAVE_LIBM 1
| #define HAVE_LIBDL 1
| #define HAVE_LIBRESOLV 1
| #define HAVE_LIBREADLINE 1
| #define HAVE_LIBZ 1
| #define HAVE_SPINLOCKS 1
| #define STDC_HEADERS 1
| #define HAVE_SYS_TYPES_H 1
| #define HAVE_SYS_STAT_H 1
| #define HAVE_STDLIB_H 1
| #define HAVE_STRING_H 1
| #define HAVE_MEMORY_H 1
| #define HAVE_STRINGS_H 1
| #define HAVE_INTTYPES_H 1
| #define HAVE_STDINT_H 1
| #define HAVE_UNISTD_H 1
| #define HAVE_CRYPT_H 1
| #define HAVE_ENDIAN_H 1
| #define HAVE_GETOPT_H 1
| #define HAVE_LANGINFO_H 1
| #define HAVE_POLL_H 1
| #define HAVE_PWD_H 1
| #define HAVE_SYS_IPC_H 1
| #define HAVE_SYS_POLL_H 1
| #define HAVE_SYS_SELECT_H 1
| #define HAVE_SYS_SEM_H 1
| #define HAVE_SYS_SOCKET_H 1
| #define HAVE_SYS_SHM_H 1
| #define HAVE_SYS_TIME_H 1
| #define HAVE_SYS_UN_H 1
| #define HAVE_TERMIOS_H 1
| #define HAVE_UTIME_H 1
| #define HAVE_WCHAR_H 1
| #define HAVE_WCTYPE_H 1
| #define HAVE_NETINET_IN_H 1
| #define HAVE_NETINET_TCP_H 1
| #define HAVE_READLINE_READLINE_H 1
| #define HAVE_READLINE_HISTORY_H 1
| #define HAVE_STRINGIZE 1
| #define HAVE_FUNCNAME__FUNC 1
| #define HAVE_STRUCT_TM_TM_ZONE 1
| #define HAVE_TM_ZONE 1
| #define HAVE_TZNAME 1
| #define HAVE_STRUCT_SOCKADDR_UN 1
| #define HAVE_UNIX_SOCKETS 1
| #define HAVE_STRUCT_SOCKADDR_STORAGE 1
| #define HAVE_STRUCT_SOCKADDR_STORAGE_SS_FAMILY 1
| #define HAVE_STRUCT_ADDRINFO 1
| #define HAVE_STRUCT_OPTION 1
| #define HAVE_DECL_F_FULLFSYNC 0
| #define HAVE_INT_TIMEZONE
| #define ACCEPT_TYPE_RETURN int
| #define ACCEPT_TYPE_ARG1 int
| #define ACCEPT_TYPE_ARG2 struct sockaddr *
| #define ACCEPT_TYPE_ARG3 socklen_t
| #define HAVE_CBRT 1
| #define HAVE_DLOPEN 1
| #define HAVE_FCVT 1
| #define HAVE_FDATASYNC 1
| /* end confdefs.h.  */
| /* Define getpeereid to an innocuous variant, in case <limits.h> declares getpeereid.
|    For example, HP-UX 11i <limits.h> declares gettimeofday.  */
| #define getpeereid innocuous_getpeereid
| 
| /* System header to define __stub macros and hopefully few prototypes,
|     which can conflict with char getpeereid (); below.
|     Prefer <limits.h> to <assert.h> if __STDC__ is defined, since
|     <limits.h> exists even on freestanding compilers.  */
| 
| #ifdef __STDC__
| # include <limits.h>
| #else
| # include <assert.h>
| #endif
| 
| #undef getpeereid
| 
| /* Override any gcc2 internal prototype to avoid an error.  */
| #ifdef __cplusplus
| extern "C"
| {
| #endif
| /* We use char because int might match the return type of a gcc2
|    builtin and then its argument prototype would still apply.  */
| char getpeereid ();
| /* The GNU C library defines this for functions which it implements
|     to always fail with ENOSYS.  Some functions are actually named
|     something starting with __ and the normal name is an alias.  */
| #if defined (__stub_getpeereid) || defined (__stub___getpeereid)
| choke me
| #else
| char (*f) () = getpeereid;
| #endif
| #ifdef __cplusplus
| }
| #endif
| 
| int
| main ()
| {
| return f != getpeereid;
|   ;
|   return 0;
| }
configure:13704: result: no
configure:13616: checking for memmove
configure:13673: gcc -o conftest -g -O0 -Wall -Wmissing-prototypes -Wpointer-arith -Winline -Wdeclaration-after-statement -Wendif-labels -fno-strict-aliasing -g -D_GNU_SOURCE    conftest.c -lz -lreadline -lcrypt -lresolv -ldl -lm  >&5
conftest.c:98:6: warning: conflicting types for built-in function 'memmove'; expected 'void *(void *, const void *, long unsigned int)' [-Wbuiltin-declaration-mismatch]
   98 | char memmove ();
      |      ^~~~~~~
conftest.c:85:1: note: 'memmove' is declared in header '<string.h>'
   84 | # include <limits.h>
   85 | #else
configure:13679: $? = 0
configure:13683: test -z 
			 || test ! -s conftest.err
configure:13686: $? = 0
configure:13689: test -s conftest
configure:13692: $? = 0
configure:13704: result: yes
configure:13616: checking for poll
configure:13673: gcc -o conftest -g -O0 -Wall -Wmissing-prototypes -Wpointer-arith -Winline -Wdeclaration-after-statement -Wendif-labels -fno-strict-aliasing -g -D_GNU_SOURCE    conftest.c -lz -lreadline -lcrypt -lresolv -ldl -lm  >&5
configure:13679: $? = 0
configure:13683: test -z 
			 || test ! -s conftest.err
configure:13686: $? = 0
configure:13689: test -s conftest
configure:13692: $? = 0
configure:13704: result: yes
configure:13616: checking for pstat
configure:13673: gcc -o conftest -g -O0 -Wall -Wmissing-prototypes -Wpointer-arith -Winline -Wdeclaration-after-statement -Wendif-labels -fno-strict-aliasing -g -D_GNU_SOURCE    conftest.c -lz -lreadline -lcrypt -lresolv -ldl -lm  >&5
/usr/bin/ld: /tmp/cc8Uo8GG.o: in function `main':
/home/yass_y/postgresql-8.1.4/postgresql-8.1.4/conftest.c:116:(.text+0x12): undefined reference to `pstat'
/usr/bin/ld: /tmp/cc8Uo8GG.o:/home/yass_y/postgresql-8.1.4/postgresql-8.1.4/conftest.c:107:(.data.rel+0x0): undefined reference to `pstat'
collect2: error: ld returned 1 exit status
configure:13679: $? = 1
configure: failed program was:
| /* confdefs.h.  */
| 
| #define PACKAGE_NAME "PostgreSQL"
| #define PACKAGE_TARNAME "postgresql"
| #define PACKAGE_VERSION "8.1.4"
| #define PACKAGE_STRING "PostgreSQL 8.1.4"
| #define PACKAGE_BUGREPORT "pgsql-bugs@postgresql.org"
| #define PG_VERSION "8.1.4"
| #define DEF_PGPORT 5432
| #define DEF_PGPORT_STR "5432"
| #define PG_VERSION_STR "PostgreSQL 8.1.4 on x86_64-unknown-linux-gnu, compiled by GCC gcc (Ubuntu 13.3.0-6ubuntu2~24.04) 13.3.0"
| #define USE_ASSERT_CHECKING 1
| #define PG_KRB_SRVNAM "postgres"
| #define HAVE_LIBM 1
| #define HAVE_LIBDL 1
| #define HAVE_LIBRESOLV 1
| #define HAVE_LIBREADLINE 1
| #define HAVE_LIBZ 1
| #define HAVE_SPINLOCKS 1
| #define STDC_HEADERS 1
| #define HAVE_SYS_TYPES_H 1
| #define HAVE_SYS_STAT_H 1
| #define HAVE_STDLIB_H 1
| #define HAVE_STRING_H 1
| #define HAVE_MEMORY_H 1
| #define HAVE_STRINGS_H 1
| #define HAVE_INTTYPES_H 1
| #define HAVE_STDINT_H 1
| #define HAVE_UNISTD_H 1
| #define HAVE_CRYPT_H 1
| #define HAVE_ENDIAN_H 1
| #define HAVE_GETOPT_H 1
| #define HAVE_LANGINFO_H 1
| #define HAVE_POLL_H 1
| #define HAVE_PWD_H 1
| #define HAVE_SYS_IPC_H 1
| #define HAVE_SYS_POLL_H 1
| #define HAVE_SYS_SELECT_H 1
| #define HAVE_SYS_SEM_H 1
| #define HAVE_SYS_SOCKET_H 1
| #define HAVE_SYS_SHM_H 1
| #define HAVE_SYS_TIME_H 1
| #define HAVE_SYS_UN_H 1
| #define HAVE_TERMIOS_H 1
| #define HAVE_UTIME_H 1
| #define HAVE_WCHAR_H 1
| #define HAVE_WCTYPE_H 1
| #define HAVE_NETINET_IN_H 1
| #define HAVE_NETINET_TCP_H 1
| #define HAVE_READLINE_READLINE_H 1
| #define HAVE_READLINE_HISTORY_H 1
| #define HAVE_STRINGIZE 1
| #define HAVE_FUNCNAME__FUNC 1
| #define HAVE_STRUCT_TM_TM_ZONE 1
| #define HAVE_TM_ZONE 1
| #define HAVE_TZNAME 1
| #define HAVE_STRUCT_SOCKADDR_UN 1
| #define HAVE_UNIX_SOCKETS 1
| #define HAVE_STRUCT_SOCKADDR_STORAGE 1
| #define HAVE_STRUCT_SOCKADDR_STORAGE_SS_FAMILY 1
| #define HAVE_STRUCT_ADDRINFO 1
| #define HAVE_STRUCT_OPTION 1
| #define HAVE_DECL_F_FULLFSYNC 0
| #define HAVE_INT_TIMEZONE
| #define ACCEPT_TYPE_RETURN int
| #define ACCEPT_TYPE_ARG1 int
| #define ACCEPT_TYPE_ARG2 struct sockaddr *
| #define ACCEPT_TYPE_ARG3 socklen_t
| #define HAVE_CBRT 1
| #define HAVE_DLOPEN 1
| #define HAVE_FCVT 1
| #define HAVE_FDATASYNC 1
| #define HAVE_MEMMOVE 1
| #define HAVE_POLL 1
| /* end confdefs.h.  */
| /* Define pstat to an innocuous variant, in case <limits.h> declares pstat.
|    For example, HP-UX 11i <limits.h> declares gettimeofday.  */
| #define pstat innocuous_pstat
| 
| /* System header to define __stub macros and hopefully few prototypes,
|     which can conflict with char pstat (); below.
|     Prefer <limits.h> to <assert.h> if __STDC__ is defined, since
|     <limits.h> exists even on freestanding compilers.  */
| 
| #ifdef __STDC__
| # include <limits.h>
| #else
| # include <assert.h>
| #endif
| 
| #undef pstat
| 
| /* Override any gcc2 internal prototype to avoid an error.  */
| #ifdef __cplusplus
| extern "C"
| {
| #endif
| /* We use char because int might match the return type of a gcc2
|    builtin and then its argument prototype would still apply.  */
| char pstat ();
| /* The GNU C library defines this for functions which it implements
|     to always fail with ENOSYS.  Some functions are actually named
|     something starting with __ and the normal name is an alias.  */
| #if defined (__stub_pstat) || defined (__stub___pstat)
| choke me
| #else
| char (*f) () = pstat;
| #endif
| #ifdef __cplusplus
| }
| #endif
| 
| int
| main ()
| {
| return f != pstat;
|   ;
|   return 0;
| }
configure:13704: result: no
configure:13616: checking for readlink
configure:13673: gcc -o conftest -g -O0 -Wall -Wmissing-prototypes -Wpointer-arith -Winline -Wdeclaration-after-statement -Wendif-labels -fno-strict-aliasing -g -D_GNU_SOURCE    conftest.c -lz -lreadline -lcrypt -lresolv -ldl -lm  >&5
configure:13679: $? = 0
configure:13683: test -z 
			 || test ! -s conftest.err
configure:13686: $? = 0
configure:13689: test -s conftest
configure:13692: $? = 0
configure:13704: result: yes
configure:13616: checking for setproctitle
configure:13673: gcc -o conftest -g -O0 -Wall -Wmissing-prototypes -Wpointer-arith -Winline -Wdeclaration-after-statement -Wendif-labels -fno-strict-aliasing -g -D_GNU_SOURCE    conftest.c -lz -lreadline -lcrypt -lresolv -ldl -lm  >&5
/usr/bin/ld: /tmp/ccHFtosG.o: in function `main':
/home/yass_y/postgresql-8.1.4/postgresql-8.1.4/conftest.c:117:(.text+0x12): undefined reference to `setproctitle'
/usr/bin/ld: /tmp/ccHFtosG.o:/home/yass_y/postgresql-8.1.4/postgresql-8.1.4/conftest.c:108:(.data.rel+0x0): undefined reference to `setproctitle'
collect2: error: ld returned 1 exit status
configure:13679: $? = 1
configure: failed program was:
| /* confdefs.h.  */
| 
| #define PACKAGE_NAME "PostgreSQL"
| #define PACKAGE_TARNAME "postgresql"
| #define PACKAGE_VERSION "8.1.4"
| #define PACKAGE_STRING "PostgreSQL 8.1.4"
| #define PACKAGE_BUGREPORT "pgsql-bugs@postgresql.org"
| #define PG_VERSION "8.1.4"
| #define DEF_PGPORT 5432
| #define DEF_PGPORT_STR "5432"
| #define PG_VERSION_STR "PostgreSQL 8.1.4 on x86_64-unknown-linux-gnu, compiled by GCC gcc (Ubuntu 13.3.0-6ubuntu2~24.04) 13.3.0"
| #define USE_ASSERT_CHECKING 1
| #define PG_KRB_SRVNAM "postgres"
| #define HAVE_LIBM 1
| #define HAVE_LIBDL 1
| #define HAVE_LIBRESOLV 1
| #define HAVE_LIBREADLINE 1
| #define HAVE_LIBZ 1
| #define HAVE_SPINLOCKS 1
| #define STDC_HEADERS 1
| #define HAVE_SYS_TYPES_H 1
| #define HAVE_SYS_STAT_H 1
| #define HAVE_STDLIB_H 1
| #define HAVE_STRING_H 1
| #define HAVE_MEMORY_H 1
| #define HAVE_STRINGS_H 1
| #define HAVE_INTTYPES_H 1
| #define HAVE_STDINT_H 1
| #define HAVE_UNISTD_H 1
| #define HAVE_CRYPT_H 1
| #define HAVE_ENDIAN_H 1
| #define HAVE_GETOPT_H 1
| #define HAVE_LANGINFO_H 1
| #define HAVE_POLL_H 1
| #define HAVE_PWD_H 1
| #define HAVE_SYS_IPC_H 1
| #define HAVE_SYS_POLL_H 1
| #define HAVE_SYS_SELECT_H 1
| #define HAVE_SYS_SEM_H 1
| #define HAVE_SYS_SOCKET_H 1
| #define HAVE_SYS_SHM_H 1
| #define HAVE_SYS_TIME_H 1
| #define HAVE_SYS_UN_H 1
| #define HAVE_TERMIOS_H 1
| #define HAVE_UTIME_H 1
| #define HAVE_WCHAR_H 1
| #define HAVE_WCTYPE_H 1
| #define HAVE_NETINET_IN_H 1
| #define HAVE_NETINET_TCP_H 1
| #define HAVE_READLINE_READLINE_H 1
| #define HAVE_READLINE_HISTORY_H 1
| #define HAVE_STRINGIZE 1
| #define HAVE_FUNCNAME__FUNC 1
| #define HAVE_STRUCT_TM_TM_ZONE 1
| #define HAVE_TM_ZONE 1
| #define HAVE_TZNAME 1
| #define HAVE_STRUCT_SOCKADDR_UN 1
| #define HAVE_UNIX_SOCKETS 1
| #define HAVE_STRUCT_SOCKADDR_STORAGE 1
| #define HAVE_STRUCT_SOCKADDR_STORAGE_SS_FAMILY 1
| #define HAVE_STRUCT_ADDRINFO 1
| #define HAVE_STRUCT_OPTION 1
| #define HAVE_DECL_F_FULLFSYNC 0
| #define HAVE_INT_TIMEZONE
| #define ACCEPT_TYPE_RETURN int
| #define ACCEPT_TYPE_ARG1 int
| #define ACCEPT_TYPE_ARG2 struct sockaddr *
| #define ACCEPT_TYPE_ARG3 socklen_t
| #define HAVE_CBRT 1
| #define HAVE_DLOPEN 1
| #define HAVE_FCVT 1
| #define HAVE_FDATASYNC 1
| #define HAVE_MEMMOVE 1
| #define HAVE_POLL 1
| #define HAVE_READLINK 1
| /* end confdefs.h.  */
| /* Define setproctitle to an innocuous variant, in case <limits.h> declares setproctitle.
|    For example, HP-UX 11i <limits.h> declares gettimeofday.  */
| #define setproctitle innocuous_setproctitle
| 
| /* System header to define __stub macros and hopefully few prototypes,
|     which can conflict with char setproctitle (); below.
|     Prefer <limits.h> to <assert.h> if __STDC__ is defined, since
|     <limits.h> exists even on freestanding compilers.  */
| 
| #ifdef __STDC__
| # include <limits.h>
| #else
| # include <assert.h>
| #endif
| 
| #undef setproctitle
| 
| /* Override any gcc2 internal prototype to avoid an error.  */
| #ifdef __cplusplus
| extern "C"
| {
| #endif
| /* We use char because int might match the return type of a gcc2
|    builtin and then its argument prototype would still apply.  */
| char setproctitle ();
| /* The GNU C library defines this for functions which it implements
|     to always fail with ENOSYS.  Some functions are actually named
|     something starting with __ and the normal name is an alias.  */
| #if defined (__stub_setproctitle) || defined (__stub___setproctitle)
| choke me
| #else
| char (*f) () = setproctitle;
| #endif
| #ifdef __cplusplus
| }
| #endif
| 
| int
| main ()
| {
| return f != setproctitle;
|   ;
|   return 0;
| }
configure:13704: result: no
configure:13616: checking for setsid
configure:13673: gcc -o conftest -g -O0 -Wall -Wmissing-prototypes -Wpointer-arith -Winline -Wdeclaration-after-statement -Wendif-labels -fno-strict-aliasing -g -D_GNU_SOURCE    conftest.c -lz -lreadline -lcrypt -lresolv -ldl -lm  >&5
configure:13679: $? = 0
configure:13683: test -z 
			 || test ! -s conftest.err
configure:13686: $? = 0
configure:13689: test -s conftest
configure:13692: $? = 0
configure:13704: result: yes
configure:13616: checking for sigprocmask
configure:13673: gcc -o conftest -g -O0 -Wall -Wmissing-prototypes -Wpointer-arith -Winline -Wdeclaration-after-statement -Wendif-labels -fno-strict-aliasing -g -D_GNU_SOURCE    conftest.c -lz -lreadline -lcrypt -lresolv -ldl -lm  >&5
configure:13679: $? = 0
configure:13683: test -z 
			 || test ! -s conftest.err
configure:13686: $? = 0
configure:13689: test -s conftest
configure:13692: $? = 0
configure:13704: result: yes
configure:13616: checking for symlink
configure:13673: gcc -o conftest -g -O0 -Wall -Wmissing-prototypes -Wpointer-arith -Winline -Wdeclaration-after-statement -Wendif-labels -fno-strict-aliasing -g -D_GNU_SOURCE    conftest.c -lz -lreadline -lcrypt -lresolv -ldl -lm  >&5
configure:13679: $? = 0
configure:13683: test -z 
			 || test ! -s conftest.err
configure:13686: $? = 0
configure:13689: test -s conftest
configure:13692: $? = 0
configure:13704: result: yes
configure:13616: checking for sysconf
configure:13673: gcc -o conftest -g -O0 -Wall -Wmissing-prototypes -Wpointer-arith -Winline -Wdeclaration-after-statement -Wendif-labels -fno-strict-aliasing -g -D_GNU_SOURCE    conftest.c -lz -lreadline -lcrypt -lresolv -ldl -lm  >&5
configure:13679: $? = 0
configure:13683: test -z 
			 || test ! -s conftest.err
configure:13686: $? = 0
configure:13689: test -s conftest
configure:13692: $? = 0
configure:13704: result: yes
configure:13616: checking for towlower
configure:13673: gcc -o conftest -g -O0 -Wall -Wmissing-prototypes -Wpointer-arith -Winline -Wdeclaration-after-statement -Wendif-labels -fno-strict-aliasing -g -D_GNU_SOURCE    conftest.c -lz -lreadline -lcrypt -lresolv -ldl -lm  >&5
conftest.c:105:6: warning: conflicting types for built-in function 'towlower'; expected 'unsigned int(unsigned int)' [-Wbuiltin-declaration-mismatch]
  105 | char towlower ();
      |      ^~~~~~~~
conftest.c:92:1: note: 'towlower' is declared in header '<wctype.h>'
   91 | # include <limits.h>
   92 | #else
configure:13679: $? = 0
configure:13683: test -z 
			 || test ! -s conftest.err
configure:13686: $? = 0
configure:13689: test -s conftest
configure:13692: $? = 0
configure:13704: result: yes
configure:13616: checking for utime
configure:13673: gcc -o conftest -g -O0 -Wall -Wmissing-prototypes -Wpointer-arith -Winline -Wdeclaration-after-statement -Wendif-labels -fno-strict-aliasing -g -D_GNU_SOURCE    conftest.c -lz -lreadline -lcrypt -lresolv -ldl -lm  >&5
configure:13679: $? = 0
configure:13683: test -z 
			 || test ! -s conftest.err
configure:13686: $? = 0
configure:13689: test -s conftest
configure:13692: $? = 0
configure:13704: result: yes
configure:13616: checking for utimes
configure:13673: gcc -o conftest -g -O0 -Wall -Wmissing-prototypes -Wpointer-arith -Winline -Wdeclaration-after-statement -Wendif-labels -fno-strict-aliasing -g -D_GNU_SOURCE    conftest.c -lz -lreadline -lcrypt -lresolv -ldl -lm  >&5
configure:13679: $? = 0
configure:13683: test -z 
			 || test ! -s conftest.err
configure:13686: $? = 0
configure:13689: test -s conftest
configure:13692: $? = 0
configure:13704: result: yes
configure:13616: checking for waitpid
configure:13673: gcc -o conftest -g -O0 -Wall -Wmissing-prototypes -Wpointer-arith -Winline -Wdeclaration-after-statement -Wendif-labels -fno-strict-aliasing -g -D_GNU_SOURCE    conftest.c -lz -lreadline -lcrypt -lresolv -ldl -lm  >&5
configure:13679: $? = 0
configure:13683: test -z 
			 || test ! -s conftest.err
configure:13686: $? = 0
configure:13689: test -s conftest
configure:13692: $? = 0
configure:13704: result: yes
configure:13616: checking for wcstombs
configure:13673: gcc -o conftest -g -O0 -Wall -Wmissing-prototypes -Wpointer-arith -Winline -Wdeclaration-after-statement -Wendif-labels -fno-strict-aliasing -g -D_GNU_SOURCE    conftest.c -lz -lreadline -lcrypt -lresolv -ldl -lm  >&5
configure:13679: $? = 0
configure:13683: test -z 
			 || test ! -s conftest.err
configure:13686: $? = 0
configure:13689: test -s conftest
configure:13692: $? = 0
configure:13704: result: yes
configure:13715: checking whether fdatasync is declared
configure:13740: gcc -c -g -O0 -Wall -Wmissing-prototypes -Wpointer-arith -Winline -Wdeclaration-after-statement -Wendif-labels -fno-strict-aliasing -g -D_GNU_SOURCE  conftest.c >&5
conftest.c: In function 'main':
conftest.c:92:9: warning: unused variable 'p' [-Wunused-variable]
   92 |   char *p = (char *) fdatasync;
      |         ^
configure:13746: $? = 0
configure:13750: test -z 
			 || test ! -s conftest.err
configure:13753: $? = 0
configure:13756: test -s conftest.o
configure:13759: $? = 0
configure:13770: result: yes
configure:13790: checking for struct sockaddr_in6
configure:13816: gcc -c -g -O0 -Wall -Wmissing-prototypes -Wpointer-arith -Winline -Wdeclaration-after-statement -Wendif-labels -fno-strict-aliasing -g -D_GNU_SOURCE  conftest.c >&5
configure:13822: $? = 0
configure:13826: test -z 
			 || test ! -s conftest.err
configure:13829: $? = 0
configure:13832: test -s conftest.o
configure:13835: $? = 0
configure:13846: result: yes
configure:13859: checking for PS_STRINGS
configure:13883: gcc -o conftest -g -O0 -Wall -Wmissing-prototypes -Wpointer-arith -Winline -Wdeclaration-after-statement -Wendif-labels -fno-strict-aliasing -g -D_GNU_SOURCE    conftest.c -lz -lreadline -lcrypt -lresolv -ldl -lm  >&5
conftest.c:88:10: fatal error: machine/vmparam.h: No such file or directory
   88 | #include <machine/vmparam.h>
      |          ^~~~~~~~~~~~~~~~~~~
compilation terminated.
configure:13889: $? = 1
configure: failed program was:
| /* confdefs.h.  */
| 
| #define PACKAGE_NAME "PostgreSQL"
| #define PACKAGE_TARNAME "postgresql"
| #define PACKAGE_VERSION "8.1.4"
| #define PACKAGE_STRING "PostgreSQL 8.1.4"
| #define PACKAGE_BUGREPORT "pgsql-bugs@postgresql.org"
| #define PG_VERSION "8.1.4"
| #define DEF_PGPORT 5432
| #define DEF_PGPORT_STR "5432"
| #define PG_VERSION_STR "PostgreSQL 8.1.4 on x86_64-unknown-linux-gnu, compiled by GCC gcc (Ubuntu 13.3.0-6ubuntu2~24.04) 13.3.0"
| #define USE_ASSERT_CHECKING 1
| #define PG_KRB_SRVNAM "postgres"
| #define HAVE_LIBM 1
| #define HAVE_LIBDL 1
| #define HAVE_LIBRESOLV 1
| #define HAVE_LIBREADLINE 1
| #define HAVE_LIBZ 1
| #define HAVE_SPINLOCKS 1
| #define STDC_HEADERS 1
| #define HAVE_SYS_TYPES_H 1
| #define HAVE_SYS_STAT_H 1
| #define HAVE_STDLIB_H 1
| #define HAVE_STRING_H 1
| #define HAVE_MEMORY_H 1
| #define HAVE_STRINGS_H 1
| #define HAVE_INTTYPES_H 1
| #define HAVE_STDINT_H 1
| #define HAVE_UNISTD_H 1
| #define HAVE_CRYPT_H 1
| #define HAVE_ENDIAN_H 1
| #define HAVE_GETOPT_H 1
| #define HAVE_LANGINFO_H 1
| #define HAVE_POLL_H 1
| #define HAVE_PWD_H 1
| #define HAVE_SYS_IPC_H 1
| #define HAVE_SYS_POLL_H 1
| #define HAVE_SYS_SELECT_H 1
| #define HAVE_SYS_SEM_H 1
| #define HAVE_SYS_SOCKET_H 1
| #define HAVE_SYS_SHM_H 1
| #define HAVE_SYS_TIME_H 1
| #define HAVE_SYS_UN_H 1
| #define HAVE_TERMIOS_H 1
| #define HAVE_UTIME_H 1
| #define HAVE_WCHAR_H 1
| #define HAVE_WCTYPE_H 1
| #define HAVE_NETINET_IN_H 1
| #define HAVE_NETINET_TCP_H 1
| #define HAVE_READLINE_READLINE_H 1
| #define HAVE_READLINE_HISTORY_H 1
| #define HAVE_STRINGIZE 1
| #define HAVE_FUNCNAME__FUNC 1
| #define HAVE_STRUCT_TM_TM_ZONE 1
| #define HAVE_TM_ZONE 1
| #define HAVE_TZNAME 1
| #define HAVE_STRUCT_SOCKADDR_UN 1
| #define HAVE_UNIX_SOCKETS 1
| #define HAVE_STRUCT_SOCKADDR_STORAGE 1
| #define HAVE_STRUCT_SOCKADDR_STORAGE_SS_FAMILY 1
| #define HAVE_STRUCT_ADDRINFO 1
| #define HAVE_STRUCT_OPTION 1
| #define HAVE_DECL_F_FULLFSYNC 0
| #define HAVE_INT_TIMEZONE
| #define ACCEPT_TYPE_RETURN int
| #define ACCEPT_TYPE_ARG1 int
| #define ACCEPT_TYPE_ARG2 struct sockaddr *
| #define ACCEPT_TYPE_ARG3 socklen_t
| #define HAVE_CBRT 1
| #define HAVE_DLOPEN 1
| #define HAVE_FCVT 1
| #define HAVE_FDATASYNC 1
| #define HAVE_MEMMOVE 1
| #define HAVE_POLL 1
| #define HAVE_READLINK 1
| #define HAVE_SETSID 1
| #define HAVE_SIGPROCMASK 1
| #define HAVE_SYMLINK 1
| #define HAVE_SYSCONF 1
| #define HAVE_TOWLOWER 1
| #define HAVE_UTIME 1
| #define HAVE_UTIMES 1
| #define HAVE_WAITPID 1
| #define HAVE_WCSTOMBS 1
| #define HAVE_DECL_FDATASYNC 1
| #define HAVE_IPV6 1
| /* end confdefs.h.  */
| #include <machine/vmparam.h>
| #include <sys/exec.h>
| 
| int
| main ()
| {
| PS_STRINGS->ps_nargvstr = 1;
| PS_STRINGS->ps_argvstr = "foo";
|   ;
|   return 0;
| }
configure:13914: result: no
configure:13963: checking for snprintf
configure:14020: gcc -o conftest -g -O0 -Wall -Wmissing-prototypes -Wpointer-arith -Winline -Wdeclaration-after-statement -Wendif-labels -fno-strict-aliasing -g -D_GNU_SOURCE    conftest.c -lz -lreadline -lcrypt -lresolv -ldl -lm  >&5
conftest.c:112:6: warning: conflicting types for built-in function 'snprintf'; expected 'int(char *, long unsigned int,  const char *, ...)' [-Wbuiltin-declaration-mismatch]
  112 | char snprintf ();
      |      ^~~~~~~~
conftest.c:99:1: note: 'snprintf' is declared in header '<stdio.h>'
   98 | # include <limits.h>
   99 | #else
configure:14026: $? = 0
configure:14030: test -z 
			 || test ! -s conftest.err
configure:14033: $? = 0
configure:14036: test -s conftest
configure:14039: $? = 0
configure:14051: result: yes
configure:14067: checking for vsnprintf
configure:14124: gcc -o conftest -g -O0 -Wall -Wmissing-prototypes -Wpointer-arith -Winline -Wdeclaration-after-statement -Wendif-labels -fno-strict-aliasing -g -D_GNU_SOURCE    conftest.c -lz -lreadline -lcrypt -lresolv -ldl -lm  >&5
conftest.c:113:6: warning: conflicting types for built-in function 'vsnprintf'; expected 'int(char *, long unsigned int,  const char *, __va_list_tag *)' [-Wbuiltin-declaration-mismatch]
  113 | char vsnprintf ();
      |      ^~~~~~~~~
conftest.c:100:1: note: 'vsnprintf' is declared in header '<stdio.h>'
   99 | # include <limits.h>
  100 | #else
configure:14130: $? = 0
configure:14134: test -z 
			 || test ! -s conftest.err
configure:14137: $? = 0
configure:14140: test -s conftest
configure:14143: $? = 0
configure:14155: result: yes
configure:14175: checking whether snprintf is declared
configure:14199: gcc -c -g -O0 -Wall -Wmissing-prototypes -Wpointer-arith -Winline -Wdeclaration-after-statement -Wendif-labels -fno-strict-aliasing -g -D_GNU_SOURCE  conftest.c >&5
conftest.c: In function 'main':
conftest.c:128:9: warning: unused variable 'p' [-Wunused-variable]
  128 |   char *p = (char *) snprintf;
      |         ^
configure:14205: $? = 0
configure:14209: test -z 
			 || test ! -s conftest.err
configure:14212: $? = 0
configure:14215: test -s conftest.o
configure:14218: $? = 0
configure:14229: result: yes
configure:14245: checking whether vsnprintf is declared
configure:14269: gcc -c -g -O0 -Wall -Wmissing-prototypes -Wpointer-arith -Winline -Wdeclaration-after-statement -Wendif-labels -fno-strict-aliasing -g -D_GNU_SOURCE  conftest.c >&5
conftest.c: In function 'main':
conftest.c:129:9: warning: unused variable 'p' [-Wunused-variable]
  129 |   char *p = (char *) vsnprintf;
      |         ^
configure:14275: $? = 0
configure:14279: test -z 
			 || test ! -s conftest.err
configure:14282: $? = 0
configure:14285: test -s conftest.o
configure:14288: $? = 0
configure:14299: result: yes
configure:14319: checking for isinf
configure:14343: gcc -o conftest -g -O0 -Wall -Wmissing-prototypes -Wpointer-arith -Winline -Wdeclaration-after-statement -Wendif-labels -fno-strict-aliasing -g -D_GNU_SOURCE    conftest.c -lz -lreadline -lcrypt -lresolv -ldl -lm  >&5
configure:14349: $? = 0
configure:14353: test -z 
			 || test ! -s conftest.err
configure:14356: $? = 0
configure:14359: test -s conftest
configure:14362: $? = 0
configure:14374: result: yes
configure:14516: checking for crypt
configure:14573: gcc -o conftest -g -O0 -Wall -Wmissing-prototypes -Wpointer-arith -Winline -Wdeclaration-after-statement -Wendif-labels -fno-strict-aliasing -g -D_GNU_SOURCE    conftest.c -lz -lreadline -lcrypt -lresolv -ldl -lm  >&5
configure:14579: $? = 0
configure:14583: test -z 
			 || test ! -s conftest.err
configure:14586: $? = 0
configure:14589: test -s conftest
configure:14592: $? = 0
configure:14604: result: yes
configure:14516: checking for fseeko
configure:14573: gcc -o conftest -g -O0 -Wall -Wmissing-prototypes -Wpointer-arith -Winline -Wdeclaration-after-statement -Wendif-labels -fno-strict-aliasing -g -D_GNU_SOURCE    conftest.c -lz -lreadline -lcrypt -lresolv -ldl -lm  >&5
configure:14579: $? = 0
configure:14583: test -z 
			 || test ! -s conftest.err
configure:14586: $? = 0
configure:14589: test -s conftest
configure:14592: $? = 0
configure:14604: result: yes
configure:14516: checking for getopt
configure:14573: gcc -o conftest -g -O0 -Wall -Wmissing-prototypes -Wpointer-arith -Winline -Wdeclaration-after-statement -Wendif-labels -fno-strict-aliasing -g -D_GNU_SOURCE    conftest.c -lz -lreadline -lcrypt -lresolv -ldl -lm  >&5
configure:14579: $? = 0
configure:14583: test -z 
			 || test ! -s conftest.err
configure:14586: $? = 0
configure:14589: test -s conftest
configure:14592: $? = 0
configure:14604: result: yes
configure:14516: checking for getrusage
configure:14573: gcc -o conftest -g -O0 -Wall -Wmissing-prototypes -Wpointer-arith -Winline -Wdeclaration-after-statement -Wendif-labels -fno-strict-aliasing -g -D_GNU_SOURCE    conftest.c -lz -lreadline -lcrypt -lresolv -ldl -lm  >&5
configure:14579: $? = 0
configure:14583: test -z 
			 || test ! -s conftest.err
configure:14586: $? = 0
configure:14589: test -s conftest
configure:14592: $? = 0
configure:14604: result: yes
configure:14516: checking for inet_aton
configure:14573: gcc -o conftest -g -O0 -Wall -Wmissing-prototypes -Wpointer-arith -Winline -Wdeclaration-after-statement -Wendif-labels -fno-strict-aliasing -g -D_GNU_SOURCE    conftest.c -lz -lreadline -lcrypt -lresolv -ldl -lm  >&5
configure:14579: $? = 0
configure:14583: test -z 
			 || test ! -s conftest.err
configure:14586: $? = 0
configure:14589: test -s conftest
configure:14592: $? = 0
configure:14604: result: yes
configure:14516: checking for random
configure:14573: gcc -o conftest -g -O0 -Wall -Wmissing-prototypes -Wpointer-arith -Winline -Wdeclaration-after-statement -Wendif-labels -fno-strict-aliasing -g -D_GNU_SOURCE    conftest.c -lz -lreadline -lcrypt -lresolv -ldl -lm  >&5
configure:14579: $? = 0
configure:14583: test -z 
			 || test ! -s conftest.err
configure:14586: $? = 0
configure:14589: test -s conftest
configure:14592: $? = 0
configure:14604: result: yes
configure:14516: checking for rint
configure:14573: gcc -o conftest -g -O0 -Wall -Wmissing-prototypes -Wpointer-arith -Winline -Wdeclaration-after-statement -Wendif-labels -fno-strict-aliasing -g -D_GNU_SOURCE    conftest.c -lz -lreadline -lcrypt -lresolv -ldl -lm  >&5
conftest.c:123:6: warning: conflicting types for built-in function 'rint'; expected 'double(double)' [-Wbuiltin-declaration-mismatch]
  123 | char rint ();
      |      ^~~~
conftest.c:110:1: note: 'rint' is declared in header '<math.h>'
  109 | # include <limits.h>
  110 | #else
configure:14579: $? = 0
configure:14583: test -z 
			 || test ! -s conftest.err
configure:14586: $? = 0
configure:14589: test -s conftest
configure:14592: $? = 0
configure:14604: result: yes
configure:14516: checking for srandom
configure:14573: gcc -o conftest -g -O0 -Wall -Wmissing-prototypes -Wpointer-arith -Winline -Wdeclaration-after-statement -Wendif-labels -fno-strict-aliasing -g -D_GNU_SOURCE    conftest.c -lz -lreadline -lcrypt -lresolv -ldl -lm  >&5
configure:14579: $? = 0
configure:14583: test -z 
			 || test ! -s conftest.err
configure:14586: $? = 0
configure:14589: test -s conftest
configure:14592: $? = 0
configure:14604: result: yes
configure:14516: checking for strdup
configure:14573: gcc -o conftest -g -O0 -Wall -Wmissing-prototypes -Wpointer-arith -Winline -Wdeclaration-after-statement -Wendif-labels -fno-strict-aliasing -g -D_GNU_SOURCE    conftest.c -lz -lreadline -lcrypt -lresolv -ldl -lm  >&5
conftest.c:125:6: warning: conflicting types for built-in function 'strdup'; expected 'char *(const char *)' [-Wbuiltin-declaration-mismatch]
  125 | char strdup ();
      |      ^~~~~~
configure:14579: $? = 0
configure:14583: test -z 
			 || test ! -s conftest.err
configure:14586: $? = 0
configure:14589: test -s conftest
configure:14592: $? = 0
configure:14604: result: yes
configure:14516: checking for strerror
configure:14573: gcc -o conftest -g -O0 -Wall -Wmissing-prototypes -Wpointer-arith -Winline -Wdeclaration-after-statement -Wendif-labels -fno-strict-aliasing -g -D_GNU_SOURCE    conftest.c -lz -lreadline -lcrypt -lresolv -ldl -lm  >&5
configure:14579: $? = 0
configure:14583: test -z 
			 || test ! -s conftest.err
configure:14586: $? = 0
configure:14589: test -s conftest
configure:14592: $? = 0
configure:14604: result: yes
configure:14516: checking for strtol
configure:14573: gcc -o conftest -g -O0 -Wall -Wmissing-prototypes -Wpointer-arith -Winline -Wdeclaration-after-statement -Wendif-labels -fno-strict-aliasing -g -D_GNU_SOURCE    conftest.c -lz -lreadline -lcrypt -lresolv -ldl -lm  >&5
configure:14579: $? = 0
configure:14583: test -z 
			 || test ! -s conftest.err
configure:14586: $? = 0
configure:14589: test -s conftest
configure:14592: $? = 0
configure:14604: result: yes
configure:14516: checking for strtoul
configure:14573: gcc -o conftest -g -O0 -Wall -Wmissing-prototypes -Wpointer-arith -Winline -Wdeclaration-after-statement -Wendif-labels -fno-strict-aliasing -g -D_GNU_SOURCE    conftest.c -lz -lreadline -lcrypt -lresolv -ldl -lm  >&5
configure:14579: $? = 0
configure:14583: test -z 
			 || test ! -s conftest.err
configure:14586: $? = 0
configure:14589: test -s conftest
configure:14592: $? = 0
configure:14604: result: yes
configure:14516: checking for unsetenv
configure:14573: gcc -o conftest -g -O0 -Wall -Wmissing-prototypes -Wpointer-arith -Winline -Wdeclaration-after-statement -Wendif-labels -fno-strict-aliasing -g -D_GNU_SOURCE    conftest.c -lz -lreadline -lcrypt -lresolv -ldl -lm  >&5
configure:14579: $? = 0
configure:14583: test -z 
			 || test ! -s conftest.err
configure:14586: $? = 0
configure:14589: test -s conftest
configure:14592: $? = 0
configure:14604: result: yes
configure:14635: checking for getaddrinfo
configure:14692: gcc -o conftest -g -O0 -Wall -Wmissing-prototypes -Wpointer-arith -Winline -Wdeclaration-after-statement -Wendif-labels -fno-strict-aliasing -g -D_GNU_SOURCE    conftest.c -lz -lreadline -lcrypt -lresolv -ldl -lm  >&5
configure:14698: $? = 0
configure:14702: test -z 
			 || test ! -s conftest.err
configure:14705: $? = 0
configure:14708: test -s conftest
configure:14711: $? = 0
configure:14723: result: yes
configure:14760: checking for getopt_long
configure:14817: gcc -o conftest -g -O0 -Wall -Wmissing-prototypes -Wpointer-arith -Winline -Wdeclaration-after-statement -Wendif-labels -fno-strict-aliasing -g -D_GNU_SOURCE    conftest.c -lz -lreadline -lcrypt -lresolv -ldl -lm  >&5
configure:14823: $? = 0
configure:14827: test -z 
			 || test ! -s conftest.err
configure:14830: $? = 0
configure:14833: test -s conftest
configure:14836: $? = 0
configure:14848: result: yes
configure:14940: checking for rl_completion_append_character
configure:14964: gcc -o conftest -g -O0 -Wall -Wmissing-prototypes -Wpointer-arith -Winline -Wdeclaration-after-statement -Wendif-labels -fno-strict-aliasing -g -D_GNU_SOURCE    conftest.c -lz -lreadline -lcrypt -lresolv -ldl -lm  >&5
configure:14970: $? = 0
configure:14974: test -z 
			 || test ! -s conftest.err
configure:14977: $? = 0
configure:14980: test -s conftest
configure:14983: $? = 0
configure:14985: result: yes
configure:15006: checking for rl_completion_matches
configure:15063: gcc -o conftest -g -O0 -Wall -Wmissing-prototypes -Wpointer-arith -Winline -Wdeclaration-after-statement -Wendif-labels -fno-strict-aliasing -g -D_GNU_SOURCE    conftest.c -lz -lreadline -lcrypt -lresolv -ldl -lm  >&5
configure:15069: $? = 0
configure:15073: test -z 
			 || test ! -s conftest.err
configure:15076: $? = 0
configure:15079: test -s conftest
configure:15082: $? = 0
configure:15094: result: yes
configure:15006: checking for rl_filename_completion_function
configure:15063: gcc -o conftest -g -O0 -Wall -Wmissing-prototypes -Wpointer-arith -Winline -Wdeclaration-after-statement -Wendif-labels -fno-strict-aliasing -g -D_GNU_SOURCE    conftest.c -lz -lreadline -lcrypt -lresolv -ldl -lm  >&5
configure:15069: $? = 0
configure:15073: test -z 
			 || test ! -s conftest.err
configure:15076: $? = 0
configure:15079: test -s conftest
configure:15082: $? = 0
configure:15094: result: yes
configure:15108: checking for replace_history_entry
configure:15165: gcc -o conftest -g -O0 -Wall -Wmissing-prototypes -Wpointer-arith -Winline -Wdeclaration-after-statement -Wendif-labels -fno-strict-aliasing -g -D_GNU_SOURCE    conftest.c -lz -lreadline -lcrypt -lresolv -ldl -lm  >&5
configure:15171: $? = 0
configure:15175: test -z 
			 || test ! -s conftest.err
configure:15178: $? = 0
configure:15181: test -s conftest
configure:15184: $? = 0
configure:15196: result: yes
configure:15209: checking for finite
configure:15230: gcc -o conftest -g -O0 -Wall -Wmissing-prototypes -Wpointer-arith -Winline -Wdeclaration-after-statement -Wendif-labels -fno-strict-aliasing -g -D_GNU_SOURCE    conftest.c -lz -lreadline -lcrypt -lresolv -ldl -lm  >&5
configure:15236: $? = 0
configure:15240: test -z 
			 || test ! -s conftest.err
configure:15243: $? = 0
configure:15246: test -s conftest
configure:15249: $? = 0
configure:15256: result: yes
configure:15268: checking for sigsetjmp
configure:15286: gcc -o conftest -g -O0 -Wall -Wmissing-prototypes -Wpointer-arith -Winline -Wdeclaration-after-statement -Wendif-labels -fno-strict-aliasing -g -D_GNU_SOURCE    conftest.c -lz -lreadline -lcrypt -lresolv -ldl -lm  >&5
configure:15292: $? = 0
configure:15296: test -z 
			 || test ! -s conftest.err
configure:15299: $? = 0
configure:15302: test -s conftest
configure:15305: $? = 0
configure:15312: result: yes
configure:15324: checking for syslog
configure:15381: gcc -o conftest -g -O0 -Wall -Wmissing-prototypes -Wpointer-arith -Winline -Wdeclaration-after-statement -Wendif-labels -fno-strict-aliasing -g -D_GNU_SOURCE    conftest.c -lz -lreadline -lcrypt -lresolv -ldl -lm  >&5
configure:15387: $? = 0
configure:15391: test -z 
			 || test ! -s conftest.err
configure:15394: $? = 0
configure:15397: test -s conftest
configure:15400: $? = 0
configure:15412: result: yes
configure:15425: checking syslog.h usability
configure:15437: gcc -c -g -O0 -Wall -Wmissing-prototypes -Wpointer-arith -Winline -Wdeclaration-after-statement -Wendif-labels -fno-strict-aliasing -g -D_GNU_SOURCE  conftest.c >&5
configure:15443: $? = 0
configure:15447: test -z 
			 || test ! -s conftest.err
configure:15450: $? = 0
configure:15453: test -s conftest.o
configure:15456: $? = 0
configure:15466: result: yes
configure:15470: checking syslog.h presence
configure:15480: gcc -E -D_GNU_SOURCE  conftest.c
configure:15486: $? = 0
configure:15506: result: yes
configure:15541: checking for syslog.h
configure:15548: result: yes
configure:15564: checking for optreset
configure:15585: gcc -o conftest -g -O0 -Wall -Wmissing-prototypes -Wpointer-arith -Winline -Wdeclaration-after-statement -Wendif-labels -fno-strict-aliasing -g -D_GNU_SOURCE    conftest.c -lz -lreadline -lcrypt -lresolv -ldl -lm  >&5
/usr/bin/ld: /tmp/ccUL6ytF.o: warning: relocation against `optreset' in read-only section `.text'
/usr/bin/ld: /tmp/ccUL6ytF.o: in function `main':
/home/yass_y/postgresql-8.1.4/postgresql-8.1.4/conftest.c:119:(.text+0xa): undefined reference to `optreset'
/usr/bin/ld: warning: creating DT_TEXTREL in a PIE
collect2: error: ld returned 1 exit status
configure:15591: $? = 1
configure: failed program was:
| /* confdefs.h.  */
| 
| #define PACKAGE_NAME "PostgreSQL"
| #define PACKAGE_TARNAME "postgresql"
| #define PACKAGE_VERSION "8.1.4"
| #define PACKAGE_STRING "PostgreSQL 8.1.4"
| #define PACKAGE_BUGREPORT "pgsql-bugs@postgresql.org"
| #define PG_VERSION "8.1.4"
| #define DEF_PGPORT 5432
| #define DEF_PGPORT_STR "5432"
| #define PG_VERSION_STR "PostgreSQL 8.1.4 on x86_64-unknown-linux-gnu, compiled by GCC gcc (Ubuntu 13.3.0-6ubuntu2~24.04) 13.3.0"
| #define USE_ASSERT_CHECKING 1
| #define PG_KRB_SRVNAM "postgres"
| #define HAVE_LIBM 1
| #define HAVE_LIBDL 1
| #define HAVE_LIBRESOLV 1
| #define HAVE_LIBREADLINE 1
| #define HAVE_LIBZ 1
| #define HAVE_SPINLOCKS 1
| #define STDC_HEADERS 1
| #define HAVE_SYS_TYPES_H 1
| #define HAVE_SYS_STAT_H 1
| #define HAVE_STDLIB_H 1
| #define HAVE_STRING_H 1
| #define HAVE_MEMORY_H 1
| #define HAVE_STRINGS_H 1
| #define HAVE_INTTYPES_H 1
| #define HAVE_STDINT_H 1
| #define HAVE_UNISTD_H 1
| #define HAVE_CRYPT_H 1
| #define HAVE_ENDIAN_H 1
| #define HAVE_GETOPT_H 1
| #define HAVE_LANGINFO_H 1
| #define HAVE_POLL_H 1
| #define HAVE_PWD_H 1
| #define HAVE_SYS_IPC_H 1
| #define HAVE_SYS_POLL_H 1
| #define HAVE_SYS_SELECT_H 1
| #define HAVE_SYS_SEM_H 1
| #define HAVE_SYS_SOCKET_H 1
| #define HAVE_SYS_SHM_H 1
| #define HAVE_SYS_TIME_H 1
| #define HAVE_SYS_UN_H 1
| #define HAVE_TERMIOS_H 1
| #define HAVE_UTIME_H 1
| #define HAVE_WCHAR_H 1
| #define HAVE_WCTYPE_H 1
| #define HAVE_NETINET_IN_H 1
| #define HAVE_NETINET_TCP_H 1
| #define HAVE_READLINE_READLINE_H 1
| #define HAVE_READLINE_HISTORY_H 1
| #define HAVE_STRINGIZE 1
| #define HAVE_FUNCNAME__FUNC 1
| #define HAVE_STRUCT_TM_TM_ZONE 1
| #define HAVE_TM_ZONE 1
| #define HAVE_TZNAME 1
| #define HAVE_STRUCT_SOCKADDR_UN 1
| #define HAVE_UNIX_SOCKETS 1
| #define HAVE_STRUCT_SOCKADDR_STORAGE 1
| #define HAVE_STRUCT_SOCKADDR_STORAGE_SS_FAMILY 1
| #define HAVE_STRUCT_ADDRINFO 1
| #define HAVE_STRUCT_OPTION 1
| #define HAVE_DECL_F_FULLFSYNC 0
| #define HAVE_INT_TIMEZONE
| #define ACCEPT_TYPE_RETURN int
| #define ACCEPT_TYPE_ARG1 int
| #define ACCEPT_TYPE_ARG2 struct sockaddr *
| #define ACCEPT_TYPE_ARG3 socklen_t
| #define HAVE_CBRT 1
| #define HAVE_DLOPEN 1
| #define HAVE_FCVT 1
| #define HAVE_FDATASYNC 1
| #define HAVE_MEMMOVE 1
| #define HAVE_POLL 1
| #define HAVE_READLINK 1
| #define HAVE_SETSID 1
| #define HAVE_SIGPROCMASK 1
| #define HAVE_SYMLINK 1
| #define HAVE_SYSCONF 1
| #define HAVE_TOWLOWER 1
| #define HAVE_UTIME 1
| #define HAVE_UTIMES 1
| #define HAVE_WAITPID 1
| #define HAVE_WCSTOMBS 1
| #define HAVE_DECL_FDATASYNC 1
| #define HAVE_IPV6 1
| #define HAVE_SNPRINTF 1
| #define HAVE_VSNPRINTF 1
| #define HAVE_DECL_SNPRINTF 1
| #define HAVE_DECL_VSNPRINTF 1
| #define HAVE_ISINF 1
| #define HAVE_CRYPT 1
| #define HAVE_FSEEKO 1
| #define HAVE_GETOPT 1
| #define HAVE_GETRUSAGE 1
| #define HAVE_INET_ATON 1
| #define HAVE_RANDOM 1
| #define HAVE_RINT 1
| #define HAVE_SRANDOM 1
| #define HAVE_STRDUP 1
| #define HAVE_STRERROR 1
| #define HAVE_STRTOL 1
| #define HAVE_STRTOUL 1
| #define HAVE_UNSETENV 1
| #define HAVE_GETADDRINFO 1
| #define HAVE_GETOPT_LONG 1
| #define HAVE_RL_COMPLETION_APPEND_CHARACTER 1
| #define HAVE_RL_COMPLETION_MATCHES 1
| #define HAVE_RL_FILENAME_COMPLETION_FUNCTION 1
| #define HAVE_REPLACE_HISTORY_ENTRY 1
| #define HAVE_FINITE 1
| #define HAVE_SIGSETJMP 1
| #define HAVE_SYSLOG 1
| /* end confdefs.h.  */
| #include <unistd.h>
| int
| main ()
| {
| extern int optreset; optreset = 1;
|   ;
|   return 0;
| }
configure:15616: result: no
configure:15631: checking for strtoll
configure:15688: gcc -o conftest -g -O0 -Wall -Wmissing-prototypes -Wpointer-arith -Winline -Wdeclaration-after-statement -Wendif-labels -fno-strict-aliasing -g -D_GNU_SOURCE    conftest.c -lz -lreadline -lcrypt -lresolv -ldl -lm  >&5
configure:15694: $? = 0
configure:15698: test -z 
			 || test ! -s conftest.err
configure:15701: $? = 0
configure:15704: test -s conftest
configure:15707: $? = 0
configure:15719: result: yes
configure:15734: checking for strtoull
configure:15791: gcc -o conftest -g -O0 -Wall -Wmissing-prototypes -Wpointer-arith -Winline -Wdeclaration-after-statement -Wendif-labels -fno-strict-aliasing -g -D_GNU_SOURCE    conftest.c -lz -lreadline -lcrypt -lresolv -ldl -lm  >&5
configure:15797: $? = 0
configure:15801: test -z 
			 || test ! -s conftest.err
configure:15804: $? = 0
configure:15807: test -s conftest
configure:15810: $? = 0
configure:15822: result: yes
configure:15838: checking for atexit
configure:15895: gcc -o conftest -g -O0 -Wall -Wmissing-prototypes -Wpointer-arith -Winline -Wdeclaration-after-statement -Wendif-labels -fno-strict-aliasing -g -D_GNU_SOURCE    conftest.c -lz -lreadline -lcrypt -lresolv -ldl -lm  >&5
configure:15901: $? = 0
configure:15905: test -z 
			 || test ! -s conftest.err
configure:15908: $? = 0
configure:15911: test -s conftest
configure:15914: $? = 0
configure:15926: result: yes
configure:16044: checking for _LARGEFILE_SOURCE value needed for large files
configure:16067: gcc -c -g -O0 -Wall -Wmissing-prototypes -Wpointer-arith -Winline -Wdeclaration-after-statement -Wendif-labels -fno-strict-aliasing -g -D_GNU_SOURCE  conftest.c >&5
conftest.c: In function 'main':
conftest.c:122:8: warning: the address of 'fseeko' will always evaluate as 'true' [-Waddress]
  122 | return !fseeko;
      |        ^
configure:16073: $? = 0
configure:16077: test -z 
			 || test ! -s conftest.err
configure:16080: $? = 0
configure:16083: test -s conftest.o
configure:16086: $? = 0
configure:16143: result: no
configure:16157: checking for fseeko
configure:16209: result: yes
configure:17171: checking test program
configure:17186: gcc -o conftest -g -O0 -Wall -Wmissing-prototypes -Wpointer-arith -Winline -Wdeclaration-after-statement -Wendif-labels -fno-strict-aliasing -g -D_GNU_SOURCE    conftest.c -lz -lreadline -lcrypt -lresolv -ldl -lm  >&5
configure:17189: $? = 0
configure:17191: ./conftest
configure:17194: $? = 0
configure:17196: result: ok
configure:17288: checking whether long int is 64 bits
configure:17378: gcc -o conftest -g -O0 -Wall -Wmissing-prototypes -Wpointer-arith -Winline -Wdeclaration-after-statement -Wendif-labels -fno-strict-aliasing -g -D_GNU_SOURCE    conftest.c -lz -lreadline -lcrypt -lresolv -ldl -lm  >&5
conftest.c:128:5: warning: no previous prototype for 'does_int64_work' [-Wmissing-prototypes]
  128 | int does_int64_work()
      |     ^~~~~~~~~~~~~~~
conftest.c:142:1: warning: return type defaults to 'int' [-Wimplicit-int]
  142 | main() {
      | ^~~~
conftest.c: In function 'main':
conftest.c:143:3: warning: implicit declaration of function 'exit' [-Wimplicit-function-declaration]
  143 |   exit(! does_int64_work());
      |   ^~~~
conftest.c:1:1: note: include '<stdlib.h>' or provide a declaration of 'exit'
  +++ |+#include <stdlib.h>
    1 | /* confdefs.h.  */
conftest.c:143:3: warning: incompatible implicit declaration of built-in function 'exit' [-Wbuiltin-declaration-mismatch]
  143 |   exit(! does_int64_work());
      |   ^~~~
conftest.c:143:3: note: include '<stdlib.h>' or provide a declaration of 'exit'
configure:17381: $? = 0
configure:17383: ./conftest
configure:17386: $? = 0
configure:17400: result: yes
configure:17726: checking for unsigned long
configure:17750: gcc -c -g -O0 -Wall -Wmissing-prototypes -Wpointer-arith -Winline -Wdeclaration-after-statement -Wendif-labels -fno-strict-aliasing -g -D_GNU_SOURCE  conftest.c >&5
configure:17756: $? = 0
configure:17760: test -z 
			 || test ! -s conftest.err
configure:17763: $? = 0
configure:17766: test -s conftest.o
configure:17769: $? = 0
configure:17780: result: yes
configure:17783: checking size of unsigned long
configure:18102: gcc -o conftest -g -O0 -Wall -Wmissing-prototypes -Wpointer-arith -Winline -Wdeclaration-after-statement -Wendif-labels -fno-strict-aliasing -g -D_GNU_SOURCE    conftest.c -lz -lreadline -lcrypt -lresolv -ldl -lm  >&5
conftest.c:156:6: warning: no previous prototype for 'longval' [-Wmissing-prototypes]
  156 | long longval () { return (long) (sizeof (unsigned long)); }
      |      ^~~~~~~
conftest.c:157:15: warning: no previous prototype for 'ulongval' [-Wmissing-prototypes]
  157 | unsigned long ulongval () { return (long) (sizeof (unsigned long)); }
      |               ^~~~~~~~
configure:18105: $? = 0
configure:18107: ./conftest
configure:18110: $? = 0
configure:18133: result: 8
configure:18142: checking for size_t
configure:18166: gcc -c -g -O0 -Wall -Wmissing-prototypes -Wpointer-arith -Winline -Wdeclaration-after-statement -Wendif-labels -fno-strict-aliasing -g -D_GNU_SOURCE  conftest.c >&5
configure:18172: $? = 0
configure:18176: test -z 
			 || test ! -s conftest.err
configure:18179: $? = 0
configure:18182: test -s conftest.o
configure:18185: $? = 0
configure:18196: result: yes
configure:18199: checking size of size_t
configure:18518: gcc -o conftest -g -O0 -Wall -Wmissing-prototypes -Wpointer-arith -Winline -Wdeclaration-after-statement -Wendif-labels -fno-strict-aliasing -g -D_GNU_SOURCE    conftest.c -lz -lreadline -lcrypt -lresolv -ldl -lm  >&5
conftest.c:157:6: warning: no previous prototype for 'longval' [-Wmissing-prototypes]
  157 | long longval () { return (long) (sizeof (size_t)); }
      |      ^~~~~~~
conftest.c:158:15: warning: no previous prototype for 'ulongval' [-Wmissing-prototypes]
  158 | unsigned long ulongval () { return (long) (sizeof (size_t)); }
      |               ^~~~~~~~
configure:18521: $? = 0
configure:18523: ./conftest
configure:18526: $? = 0
configure:18549: result: 8
configure:18559: checking for short
configure:18583: gcc -c -g -O0 -Wall -Wmissing-prototypes -Wpointer-arith -Winline -Wdeclaration-after-statement -Wendif-labels -fno-strict-aliasing -g -D_GNU_SOURCE  conftest.c >&5
configure:18589: $? = 0
configure:18593: test -z 
			 || test ! -s conftest.err
configure:18596: $? = 0
configure:18599: test -s conftest.o
configure:18602: $? = 0
configure:18613: result: yes
configure:18616: checking alignment of short
configure:18935: gcc -o conftest -g -O0 -Wall -Wmissing-prototypes -Wpointer-arith -Winline -Wdeclaration-after-statement -Wendif-labels -fno-strict-aliasing -g -D_GNU_SOURCE    conftest.c -lz -lreadline -lcrypt -lresolv -ldl -lm  >&5
conftest.c:159:6: warning: no previous prototype for 'longval' [-Wmissing-prototypes]
  159 | long longval () { return ((char*) & pgac_struct.field) - ((char*) & pgac_struct); }
      |      ^~~~~~~
conftest.c:160:15: warning: no previous prototype for 'ulongval' [-Wmissing-prototypes]
  160 | unsigned long ulongval () { return ((char*) & pgac_struct.field) - ((char*) & pgac_struct); }
      |               ^~~~~~~~
configure:18938: $? = 0
configure:18940: ./conftest
configure:18943: $? = 0
configure:18964: result: 2
configure:18971: checking for int
configure:18995: gcc -c -g -O0 -Wall -Wmissing-prototypes -Wpointer-arith -Winline -Wdeclaration-after-statement -Wendif-labels -fno-strict-aliasing -g -D_GNU_SOURCE  conftest.c >&5
configure:19001: $? = 0
configure:19005: test -z 
			 || test ! -s conftest.err
configure:19008: $? = 0
configure:19011: test -s conftest.o
configure:19014: $? = 0
configure:19025: result: yes
configure:19028: checking alignment of int
configure:19347: gcc -o conftest -g -O0 -Wall -Wmissing-prototypes -Wpointer-arith -Winline -Wdeclaration-after-statement -Wendif-labels -fno-strict-aliasing -g -D_GNU_SOURCE    conftest.c -lz -lreadline -lcrypt -lresolv -ldl -lm  >&5
conftest.c:160:6: warning: no previous prototype for 'longval' [-Wmissing-prototypes]
  160 | long longval () { return ((char*) & pgac_struct.field) - ((char*) & pgac_struct); }
      |      ^~~~~~~
conftest.c:161:15: warning: no previous prototype for 'ulongval' [-Wmissing-prototypes]
  161 | unsigned long ulongval () { return ((char*) & pgac_struct.field) - ((char*) & pgac_struct); }
      |               ^~~~~~~~
configure:19350: $? = 0
configure:19352: ./conftest
configure:19355: $? = 0
configure:19376: result: 4
configure:19383: checking for long
configure:19407: gcc -c -g -O0 -Wall -Wmissing-prototypes -Wpointer-arith -Winline -Wdeclaration-after-statement -Wendif-labels -fno-strict-aliasing -g -D_GNU_SOURCE  conftest.c >&5
configure:19413: $? = 0
configure:19417: test -z 
			 || test ! -s conftest.err
configure:19420: $? = 0
configure:19423: test -s conftest.o
configure:19426: $? = 0
configure:19437: result: yes
configure:19440: checking alignment of long
configure:19759: gcc -o conftest -g -O0 -Wall -Wmissing-prototypes -Wpointer-arith -Winline -Wdeclaration-after-statement -Wendif-labels -fno-strict-aliasing -g -D_GNU_SOURCE    conftest.c -lz -lreadline -lcrypt -lresolv -ldl -lm  >&5
conftest.c:161:6: warning: no previous prototype for 'longval' [-Wmissing-prototypes]
  161 | long longval () { return ((char*) & pgac_struct.field) - ((char*) & pgac_struct); }
      |      ^~~~~~~
conftest.c:162:15: warning: no previous prototype for 'ulongval' [-Wmissing-prototypes]
  162 | unsigned long ulongval () { return ((char*) & pgac_struct.field) - ((char*) & pgac_struct); }
      |               ^~~~~~~~
configure:19762: $? = 0
configure:19764: ./conftest
configure:19767: $? = 0
configure:19788: result: 8
configure:20209: checking for double
configure:20233: gcc -c -g -O0 -Wall -Wmissing-prototypes -Wpointer-arith -Winline -Wdeclaration-after-statement -Wendif-labels -fno-strict-aliasing -g -D_GNU_SOURCE  conftest.c >&5
configure:20239: $? = 0
configure:20243: test -z 
			 || test ! -s conftest.err
configure:20246: $? = 0
configure:20249: test -s conftest.o
configure:20252: $? = 0
configure:20263: result: yes
configure:20266: checking alignment of double
configure:20585: gcc -o conftest -g -O0 -Wall -Wmissing-prototypes -Wpointer-arith -Winline -Wdeclaration-after-statement -Wendif-labels -fno-strict-aliasing -g -D_GNU_SOURCE    conftest.c -lz -lreadline -lcrypt -lresolv -ldl -lm  >&5
conftest.c:162:6: warning: no previous prototype for 'longval' [-Wmissing-prototypes]
  162 | long longval () { return ((char*) & pgac_struct.field) - ((char*) & pgac_struct); }
      |      ^~~~~~~
conftest.c:163:15: warning: no previous prototype for 'ulongval' [-Wmissing-prototypes]
  163 | unsigned long ulongval () { return ((char*) & pgac_struct.field) - ((char*) & pgac_struct); }
      |               ^~~~~~~~
configure:20588: $? = 0
configure:20590: ./conftest
configure:20593: $? = 0
configure:20614: result: 8
configure:20642: checking for int8
configure:20670: gcc -c -g -O0 -Wall -Wmissing-prototypes -Wpointer-arith -Winline -Wdeclaration-after-statement -Wendif-labels -fno-strict-aliasing -g -D_GNU_SOURCE  conftest.c >&5
conftest.c: In function 'main':
conftest.c:137:6: error: 'int8' undeclared (first use in this function); did you mean 'int'?
  137 | if ((int8 *) 0)
      |      ^~~~
      |      int
conftest.c:137:6: note: each undeclared identifier is reported only once for each function it appears in
conftest.c:137:12: error: expected expression before ')' token
  137 | if ((int8 *) 0)
      |            ^
configure:20676: $? = 1
configure: failed program was:
| /* confdefs.h.  */
| 
| #define PACKAGE_NAME "PostgreSQL"
| #define PACKAGE_TARNAME "postgresql"
| #define PACKAGE_VERSION "8.1.4"
| #define PACKAGE_STRING "PostgreSQL 8.1.4"
| #define PACKAGE_BUGREPORT "pgsql-bugs@postgresql.org"
| #define PG_VERSION "8.1.4"
| #define DEF_PGPORT 5432
| #define DEF_PGPORT_STR "5432"
| #define PG_VERSION_STR "PostgreSQL 8.1.4 on x86_64-unknown-linux-gnu, compiled by GCC gcc (Ubuntu 13.3.0-6ubuntu2~24.04) 13.3.0"
| #define USE_ASSERT_CHECKING 1
| #define PG_KRB_SRVNAM "postgres"
| #define HAVE_LIBM 1
| #define HAVE_LIBDL 1
| #define HAVE_LIBRESOLV 1
| #define HAVE_LIBREADLINE 1
| #define HAVE_LIBZ 1
| #define HAVE_SPINLOCKS 1
| #define STDC_HEADERS 1
| #define HAVE_SYS_TYPES_H 1
| #define HAVE_SYS_STAT_H 1
| #define HAVE_STDLIB_H 1
| #define HAVE_STRING_H 1
| #define HAVE_MEMORY_H 1
| #define HAVE_STRINGS_H 1
| #define HAVE_INTTYPES_H 1
| #define HAVE_STDINT_H 1
| #define HAVE_UNISTD_H 1
| #define HAVE_CRYPT_H 1
| #define HAVE_ENDIAN_H 1
| #define HAVE_GETOPT_H 1
| #define HAVE_LANGINFO_H 1
| #define HAVE_POLL_H 1
| #define HAVE_PWD_H 1
| #define HAVE_SYS_IPC_H 1
| #define HAVE_SYS_POLL_H 1
| #define HAVE_SYS_SELECT_H 1
| #define HAVE_SYS_SEM_H 1
| #define HAVE_SYS_SOCKET_H 1
| #define HAVE_SYS_SHM_H 1
| #define HAVE_SYS_TIME_H 1
| #define HAVE_SYS_UN_H 1
| #define HAVE_TERMIOS_H 1
| #define HAVE_UTIME_H 1
| #define HAVE_WCHAR_H 1
| #define HAVE_WCTYPE_H 1
| #define HAVE_NETINET_IN_H 1
| #define HAVE_NETINET_TCP_H 1
| #define HAVE_READLINE_READLINE_H 1
| #define HAVE_READLINE_HISTORY_H 1
| #define HAVE_STRINGIZE 1
| #define HAVE_FUNCNAME__FUNC 1
| #define HAVE_STRUCT_TM_TM_ZONE 1
| #define HAVE_TM_ZONE 1
| #define HAVE_TZNAME 1
| #define HAVE_STRUCT_SOCKADDR_UN 1
| #define HAVE_UNIX_SOCKETS 1
| #define HAVE_STRUCT_SOCKADDR_STORAGE 1
| #define HAVE_STRUCT_SOCKADDR_STORAGE_SS_FAMILY 1
| #define HAVE_STRUCT_ADDRINFO 1
| #define HAVE_STRUCT_OPTION 1
| #define HAVE_DECL_F_FULLFSYNC 0
| #define HAVE_INT_TIMEZONE
| #define ACCEPT_TYPE_RETURN int
| #define ACCEPT_TYPE_ARG1 int
| #define ACCEPT_TYPE_ARG2 struct sockaddr *
| #define ACCEPT_TYPE_ARG3 socklen_t
| #define HAVE_CBRT 1
| #define HAVE_DLOPEN 1
| #define HAVE_FCVT 1
| #define HAVE_FDATASYNC 1
| #define HAVE_MEMMOVE 1
| #define HAVE_POLL 1
| #define HAVE_READLINK 1
| #define HAVE_SETSID 1
| #define HAVE_SIGPROCMASK 1
| #define HAVE_SYMLINK 1
| #define HAVE_SYSCONF 1
| #define HAVE_TOWLOWER 1
| #define HAVE_UTIME 1
| #define HAVE_UTIMES 1
| #define HAVE_WAITPID 1
| #define HAVE_WCSTOMBS 1
| #define HAVE_DECL_FDATASYNC 1
| #define HAVE_IPV6 1
| #define HAVE_SNPRINTF 1
| #define HAVE_VSNPRINTF 1
| #define HAVE_DECL_SNPRINTF 1
| #define HAVE_DECL_VSNPRINTF 1
| #define HAVE_ISINF 1
| #define HAVE_CRYPT 1
| #define HAVE_FSEEKO 1
| #define HAVE_GETOPT 1
| #define HAVE_GETRUSAGE 1
| #define HAVE_INET_ATON 1
| #define HAVE_RANDOM 1
| #define HAVE_RINT 1
| #define HAVE_SRANDOM 1
| #define HAVE_STRDUP 1
| #define HAVE_STRERROR 1
| #define HAVE_STRTOL 1
| #define HAVE_STRTOUL 1
| #define HAVE_UNSETENV 1
| #define HAVE_GETADDRINFO 1
| #define HAVE_GETOPT_LONG 1
| #define HAVE_RL_COMPLETION_APPEND_CHARACTER 1
| #define HAVE_RL_COMPLETION_MATCHES 1
| #define HAVE_RL_FILENAME_COMPLETION_FUNCTION 1
| #define HAVE_REPLACE_HISTORY_ENTRY 1
| #define HAVE_FINITE 1
| #define HAVE_SIGSETJMP 1
| #define HAVE_SYSLOG 1
| #define HAVE_STRTOLL 1
| #define HAVE_STRTOULL 1
| #define HAVE_ATEXIT 1
| #define HAVE_FSEEKO 1
| #define HAVE_LONG_INT_64
| #define INT64_FORMAT "%ld"
| #define UINT64_FORMAT "%lu"
| #define SIZEOF_UNSIGNED_LONG 8
| #define SIZEOF_SIZE_T 8
| #define ALIGNOF_SHORT 2
| #define ALIGNOF_INT 4
| #define ALIGNOF_LONG 8
| #define ALIGNOF_DOUBLE 8
| #define MAXIMUM_ALIGNOF 8
| /* end confdefs.h.  */
| #include <stdio.h>
| #ifdef HAVE_SUPPORTDEFS_H
| #include <SupportDefs.h>
| #endif
| 
| int
| main ()
| {
| if ((int8 *) 0)
|   return 0;
| if (sizeof (int8))
|   return 0;
|   ;
|   return 0;
| }
configure:20700: result: no
configure:20710: checking for uint8
configure:20738: gcc -c -g -O0 -Wall -Wmissing-prototypes -Wpointer-arith -Winline -Wdeclaration-after-statement -Wendif-labels -fno-strict-aliasing -g -D_GNU_SOURCE  conftest.c >&5
conftest.c: In function 'main':
conftest.c:137:6: error: 'uint8' undeclared (first use in this function); did you mean 'int'?
  137 | if ((uint8 *) 0)
      |      ^~~~~
      |      int
conftest.c:137:6: note: each undeclared identifier is reported only once for each function it appears in
conftest.c:137:13: error: expected expression before ')' token
  137 | if ((uint8 *) 0)
      |             ^
configure:20744: $? = 1
configure: failed program was:
| /* confdefs.h.  */
| 
| #define PACKAGE_NAME "PostgreSQL"
| #define PACKAGE_TARNAME "postgresql"
| #define PACKAGE_VERSION "8.1.4"
| #define PACKAGE_STRING "PostgreSQL 8.1.4"
| #define PACKAGE_BUGREPORT "pgsql-bugs@postgresql.org"
| #define PG_VERSION "8.1.4"
| #define DEF_PGPORT 5432
| #define DEF_PGPORT_STR "5432"
| #define PG_VERSION_STR "PostgreSQL 8.1.4 on x86_64-unknown-linux-gnu, compiled by GCC gcc (Ubuntu 13.3.0-6ubuntu2~24.04) 13.3.0"
| #define USE_ASSERT_CHECKING 1
| #define PG_KRB_SRVNAM "postgres"
| #define HAVE_LIBM 1
| #define HAVE_LIBDL 1
| #define HAVE_LIBRESOLV 1
| #define HAVE_LIBREADLINE 1
| #define HAVE_LIBZ 1
| #define HAVE_SPINLOCKS 1
| #define STDC_HEADERS 1
| #define HAVE_SYS_TYPES_H 1
| #define HAVE_SYS_STAT_H 1
| #define HAVE_STDLIB_H 1
| #define HAVE_STRING_H 1
| #define HAVE_MEMORY_H 1
| #define HAVE_STRINGS_H 1
| #define HAVE_INTTYPES_H 1
| #define HAVE_STDINT_H 1
| #define HAVE_UNISTD_H 1
| #define HAVE_CRYPT_H 1
| #define HAVE_ENDIAN_H 1
| #define HAVE_GETOPT_H 1
| #define HAVE_LANGINFO_H 1
| #define HAVE_POLL_H 1
| #define HAVE_PWD_H 1
| #define HAVE_SYS_IPC_H 1
| #define HAVE_SYS_POLL_H 1
| #define HAVE_SYS_SELECT_H 1
| #define HAVE_SYS_SEM_H 1
| #define HAVE_SYS_SOCKET_H 1
| #define HAVE_SYS_SHM_H 1
| #define HAVE_SYS_TIME_H 1
| #define HAVE_SYS_UN_H 1
| #define HAVE_TERMIOS_H 1
| #define HAVE_UTIME_H 1
| #define HAVE_WCHAR_H 1
| #define HAVE_WCTYPE_H 1
| #define HAVE_NETINET_IN_H 1
| #define HAVE_NETINET_TCP_H 1
| #define HAVE_READLINE_READLINE_H 1
| #define HAVE_READLINE_HISTORY_H 1
| #define HAVE_STRINGIZE 1
| #define HAVE_FUNCNAME__FUNC 1
| #define HAVE_STRUCT_TM_TM_ZONE 1
| #define HAVE_TM_ZONE 1
| #define HAVE_TZNAME 1
| #define HAVE_STRUCT_SOCKADDR_UN 1
| #define HAVE_UNIX_SOCKETS 1
| #define HAVE_STRUCT_SOCKADDR_STORAGE 1
| #define HAVE_STRUCT_SOCKADDR_STORAGE_SS_FAMILY 1
| #define HAVE_STRUCT_ADDRINFO 1
| #define HAVE_STRUCT_OPTION 1
| #define HAVE_DECL_F_FULLFSYNC 0
| #define HAVE_INT_TIMEZONE
| #define ACCEPT_TYPE_RETURN int
| #define ACCEPT_TYPE_ARG1 int
| #define ACCEPT_TYPE_ARG2 struct sockaddr *
| #define ACCEPT_TYPE_ARG3 socklen_t
| #define HAVE_CBRT 1
| #define HAVE_DLOPEN 1
| #define HAVE_FCVT 1
| #define HAVE_FDATASYNC 1
| #define HAVE_MEMMOVE 1
| #define HAVE_POLL 1
| #define HAVE_READLINK 1
| #define HAVE_SETSID 1
| #define HAVE_SIGPROCMASK 1
| #define HAVE_SYMLINK 1
| #define HAVE_SYSCONF 1
| #define HAVE_TOWLOWER 1
| #define HAVE_UTIME 1
| #define HAVE_UTIMES 1
| #define HAVE_WAITPID 1
| #define HAVE_WCSTOMBS 1
| #define HAVE_DECL_FDATASYNC 1
| #define HAVE_IPV6 1
| #define HAVE_SNPRINTF 1
| #define HAVE_VSNPRINTF 1
| #define HAVE_DECL_SNPRINTF 1
| #define HAVE_DECL_VSNPRINTF 1
| #define HAVE_ISINF 1
| #define HAVE_CRYPT 1
| #define HAVE_FSEEKO 1
| #define HAVE_GETOPT 1
| #define HAVE_GETRUSAGE 1
| #define HAVE_INET_ATON 1
| #define HAVE_RANDOM 1
| #define HAVE_RINT 1
| #define HAVE_SRANDOM 1
| #define HAVE_STRDUP 1
| #define HAVE_STRERROR 1
| #define HAVE_STRTOL 1
| #define HAVE_STRTOUL 1
| #define HAVE_UNSETENV 1
| #define HAVE_GETADDRINFO 1
| #define HAVE_GETOPT_LONG 1
| #define HAVE_RL_COMPLETION_APPEND_CHARACTER 1
| #define HAVE_RL_COMPLETION_MATCHES 1
| #define HAVE_RL_FILENAME_COMPLETION_FUNCTION 1
| #define HAVE_REPLACE_HISTORY_ENTRY 1
| #define HAVE_FINITE 1
| #define HAVE_SIGSETJMP 1
| #define HAVE_SYSLOG 1
| #define HAVE_STRTOLL 1
| #define HAVE_STRTOULL 1
| #define HAVE_ATEXIT 1
| #define HAVE_FSEEKO 1
| #define HAVE_LONG_INT_64
| #define INT64_FORMAT "%ld"
| #define UINT64_FORMAT "%lu"
| #define SIZEOF_UNSIGNED_LONG 8
| #define SIZEOF_SIZE_T 8
| #define ALIGNOF_SHORT 2
| #define ALIGNOF_INT 4
| #define ALIGNOF_LONG 8
| #define ALIGNOF_DOUBLE 8
| #define MAXIMUM_ALIGNOF 8
| /* end confdefs.h.  */
| #include <stdio.h>
| #ifdef HAVE_SUPPORTDEFS_H
| #include <SupportDefs.h>
| #endif
| 
| int
| main ()
| {
| if ((uint8 *) 0)
|   return 0;
| if (sizeof (uint8))
|   return 0;
|   ;
|   return 0;
| }
configure:20768: result: no
configure:20778: checking for int64
configure:20806: gcc -c -g -O0 -Wall -Wmissing-prototypes -Wpointer-arith -Winline -Wdeclaration-after-statement -Wendif-labels -fno-strict-aliasing -g -D_GNU_SOURCE  conftest.c >&5
conftest.c: In function 'main':
conftest.c:137:6: error: 'int64' undeclared (first use in this function); did you mean 'int'?
  137 | if ((int64 *) 0)
      |      ^~~~~
      |      int
conftest.c:137:6: note: each undeclared identifier is reported only once for each function it appears in
conftest.c:137:13: error: expected expression before ')' token
  137 | if ((int64 *) 0)
      |             ^
configure:20812: $? = 1
configure: failed program was:
| /* confdefs.h.  */
| 
| #define PACKAGE_NAME "PostgreSQL"
| #define PACKAGE_TARNAME "postgresql"
| #define PACKAGE_VERSION "8.1.4"
| #define PACKAGE_STRING "PostgreSQL 8.1.4"
| #define PACKAGE_BUGREPORT "pgsql-bugs@postgresql.org"
| #define PG_VERSION "8.1.4"
| #define DEF_PGPORT 5432
| #define DEF_PGPORT_STR "5432"
| #define PG_VERSION_STR "PostgreSQL 8.1.4 on x86_64-unknown-linux-gnu, compiled by GCC gcc (Ubuntu 13.3.0-6ubuntu2~24.04) 13.3.0"
| #define USE_ASSERT_CHECKING 1
| #define PG_KRB_SRVNAM "postgres"
| #define HAVE_LIBM 1
| #define HAVE_LIBDL 1
| #define HAVE_LIBRESOLV 1
| #define HAVE_LIBREADLINE 1
| #define HAVE_LIBZ 1
| #define HAVE_SPINLOCKS 1
| #define STDC_HEADERS 1
| #define HAVE_SYS_TYPES_H 1
| #define HAVE_SYS_STAT_H 1
| #define HAVE_STDLIB_H 1
| #define HAVE_STRING_H 1
| #define HAVE_MEMORY_H 1
| #define HAVE_STRINGS_H 1
| #define HAVE_INTTYPES_H 1
| #define HAVE_STDINT_H 1
| #define HAVE_UNISTD_H 1
| #define HAVE_CRYPT_H 1
| #define HAVE_ENDIAN_H 1
| #define HAVE_GETOPT_H 1
| #define HAVE_LANGINFO_H 1
| #define HAVE_POLL_H 1
| #define HAVE_PWD_H 1
| #define HAVE_SYS_IPC_H 1
| #define HAVE_SYS_POLL_H 1
| #define HAVE_SYS_SELECT_H 1
| #define HAVE_SYS_SEM_H 1
| #define HAVE_SYS_SOCKET_H 1
| #define HAVE_SYS_SHM_H 1
| #define HAVE_SYS_TIME_H 1
| #define HAVE_SYS_UN_H 1
| #define HAVE_TERMIOS_H 1
| #define HAVE_UTIME_H 1
| #define HAVE_WCHAR_H 1
| #define HAVE_WCTYPE_H 1
| #define HAVE_NETINET_IN_H 1
| #define HAVE_NETINET_TCP_H 1
| #define HAVE_READLINE_READLINE_H 1
| #define HAVE_READLINE_HISTORY_H 1
| #define HAVE_STRINGIZE 1
| #define HAVE_FUNCNAME__FUNC 1
| #define HAVE_STRUCT_TM_TM_ZONE 1
| #define HAVE_TM_ZONE 1
| #define HAVE_TZNAME 1
| #define HAVE_STRUCT_SOCKADDR_UN 1
| #define HAVE_UNIX_SOCKETS 1
| #define HAVE_STRUCT_SOCKADDR_STORAGE 1
| #define HAVE_STRUCT_SOCKADDR_STORAGE_SS_FAMILY 1
| #define HAVE_STRUCT_ADDRINFO 1
| #define HAVE_STRUCT_OPTION 1
| #define HAVE_DECL_F_FULLFSYNC 0
| #define HAVE_INT_TIMEZONE
| #define ACCEPT_TYPE_RETURN int
| #define ACCEPT_TYPE_ARG1 int
| #define ACCEPT_TYPE_ARG2 struct sockaddr *
| #define ACCEPT_TYPE_ARG3 socklen_t
| #define HAVE_CBRT 1
| #define HAVE_DLOPEN 1
| #define HAVE_FCVT 1
| #define HAVE_FDATASYNC 1
| #define HAVE_MEMMOVE 1
| #define HAVE_POLL 1
| #define HAVE_READLINK 1
| #define HAVE_SETSID 1
| #define HAVE_SIGPROCMASK 1
| #define HAVE_SYMLINK 1
| #define HAVE_SYSCONF 1
| #define HAVE_TOWLOWER 1
| #define HAVE_UTIME 1
| #define HAVE_UTIMES 1
| #define HAVE_WAITPID 1
| #define HAVE_WCSTOMBS 1
| #define HAVE_DECL_FDATASYNC 1
| #define HAVE_IPV6 1
| #define HAVE_SNPRINTF 1
| #define HAVE_VSNPRINTF 1
| #define HAVE_DECL_SNPRINTF 1
| #define HAVE_DECL_VSNPRINTF 1
| #define HAVE_ISINF 1
| #define HAVE_CRYPT 1
| #define HAVE_FSEEKO 1
| #define HAVE_GETOPT 1
| #define HAVE_GETRUSAGE 1
| #define HAVE_INET_ATON 1
| #define HAVE_RANDOM 1
| #define HAVE_RINT 1
| #define HAVE_SRANDOM 1
| #define HAVE_STRDUP 1
| #define HAVE_STRERROR 1
| #define HAVE_STRTOL 1
| #define HAVE_STRTOUL 1
| #define HAVE_UNSETENV 1
| #define HAVE_GETADDRINFO 1
| #define HAVE_GETOPT_LONG 1
| #define HAVE_RL_COMPLETION_APPEND_CHARACTER 1
| #define HAVE_RL_COMPLETION_MATCHES 1
| #define HAVE_RL_FILENAME_COMPLETION_FUNCTION 1
| #define HAVE_REPLACE_HISTORY_ENTRY 1
| #define HAVE_FINITE 1
| #define HAVE_SIGSETJMP 1
| #define HAVE_SYSLOG 1
| #define HAVE_STRTOLL 1
| #define HAVE_STRTOULL 1
| #define HAVE_ATEXIT 1
| #define HAVE_FSEEKO 1
| #define HAVE_LONG_INT_64
| #define INT64_FORMAT "%ld"
| #define UINT64_FORMAT "%lu"
| #define SIZEOF_UNSIGNED_LONG 8
| #define SIZEOF_SIZE_T 8
| #define ALIGNOF_SHORT 2
| #define ALIGNOF_INT 4
| #define ALIGNOF_LONG 8
| #define ALIGNOF_DOUBLE 8
| #define MAXIMUM_ALIGNOF 8
| /* end confdefs.h.  */
| #include <stdio.h>
| #ifdef HAVE_SUPPORTDEFS_H
| #include <SupportDefs.h>
| #endif
| 
| int
| main ()
| {
| if ((int64 *) 0)
|   return 0;
| if (sizeof (int64))
|   return 0;
|   ;
|   return 0;
| }
configure:20836: result: no
configure:20846: checking for uint64
configure:20874: gcc -c -g -O0 -Wall -Wmissing-prototypes -Wpointer-arith -Winline -Wdeclaration-after-statement -Wendif-labels -fno-strict-aliasing -g -D_GNU_SOURCE  conftest.c >&5
conftest.c: In function 'main':
conftest.c:137:6: error: 'uint64' undeclared (first use in this function)
  137 | if ((uint64 *) 0)
      |      ^~~~~~
conftest.c:137:6: note: each undeclared identifier is reported only once for each function it appears in
conftest.c:137:14: error: expected expression before ')' token
  137 | if ((uint64 *) 0)
      |              ^
configure:20880: $? = 1
configure: failed program was:
| /* confdefs.h.  */
| 
| #define PACKAGE_NAME "PostgreSQL"
| #define PACKAGE_TARNAME "postgresql"
| #define PACKAGE_VERSION "8.1.4"
| #define PACKAGE_STRING "PostgreSQL 8.1.4"
| #define PACKAGE_BUGREPORT "pgsql-bugs@postgresql.org"
| #define PG_VERSION "8.1.4"
| #define DEF_PGPORT 5432
| #define DEF_PGPORT_STR "5432"
| #define PG_VERSION_STR "PostgreSQL 8.1.4 on x86_64-unknown-linux-gnu, compiled by GCC gcc (Ubuntu 13.3.0-6ubuntu2~24.04) 13.3.0"
| #define USE_ASSERT_CHECKING 1
| #define PG_KRB_SRVNAM "postgres"
| #define HAVE_LIBM 1
| #define HAVE_LIBDL 1
| #define HAVE_LIBRESOLV 1
| #define HAVE_LIBREADLINE 1
| #define HAVE_LIBZ 1
| #define HAVE_SPINLOCKS 1
| #define STDC_HEADERS 1
| #define HAVE_SYS_TYPES_H 1
| #define HAVE_SYS_STAT_H 1
| #define HAVE_STDLIB_H 1
| #define HAVE_STRING_H 1
| #define HAVE_MEMORY_H 1
| #define HAVE_STRINGS_H 1
| #define HAVE_INTTYPES_H 1
| #define HAVE_STDINT_H 1
| #define HAVE_UNISTD_H 1
| #define HAVE_CRYPT_H 1
| #define HAVE_ENDIAN_H 1
| #define HAVE_GETOPT_H 1
| #define HAVE_LANGINFO_H 1
| #define HAVE_POLL_H 1
| #define HAVE_PWD_H 1
| #define HAVE_SYS_IPC_H 1
| #define HAVE_SYS_POLL_H 1
| #define HAVE_SYS_SELECT_H 1
| #define HAVE_SYS_SEM_H 1
| #define HAVE_SYS_SOCKET_H 1
| #define HAVE_SYS_SHM_H 1
| #define HAVE_SYS_TIME_H 1
| #define HAVE_SYS_UN_H 1
| #define HAVE_TERMIOS_H 1
| #define HAVE_UTIME_H 1
| #define HAVE_WCHAR_H 1
| #define HAVE_WCTYPE_H 1
| #define HAVE_NETINET_IN_H 1
| #define HAVE_NETINET_TCP_H 1
| #define HAVE_READLINE_READLINE_H 1
| #define HAVE_READLINE_HISTORY_H 1
| #define HAVE_STRINGIZE 1
| #define HAVE_FUNCNAME__FUNC 1
| #define HAVE_STRUCT_TM_TM_ZONE 1
| #define HAVE_TM_ZONE 1
| #define HAVE_TZNAME 1
| #define HAVE_STRUCT_SOCKADDR_UN 1
| #define HAVE_UNIX_SOCKETS 1
| #define HAVE_STRUCT_SOCKADDR_STORAGE 1
| #define HAVE_STRUCT_SOCKADDR_STORAGE_SS_FAMILY 1
| #define HAVE_STRUCT_ADDRINFO 1
| #define HAVE_STRUCT_OPTION 1
| #define HAVE_DECL_F_FULLFSYNC 0
| #define HAVE_INT_TIMEZONE
| #define ACCEPT_TYPE_RETURN int
| #define ACCEPT_TYPE_ARG1 int
| #define ACCEPT_TYPE_ARG2 struct sockaddr *
| #define ACCEPT_TYPE_ARG3 socklen_t
| #define HAVE_CBRT 1
| #define HAVE_DLOPEN 1
| #define HAVE_FCVT 1
| #define HAVE_FDATASYNC 1
| #define HAVE_MEMMOVE 1
| #define HAVE_POLL 1
| #define HAVE_READLINK 1
| #define HAVE_SETSID 1
| #define HAVE_SIGPROCMASK 1
| #define HAVE_SYMLINK 1
| #define HAVE_SYSCONF 1
| #define HAVE_TOWLOWER 1
| #define HAVE_UTIME 1
| #define HAVE_UTIMES 1
| #define HAVE_WAITPID 1
| #define HAVE_WCSTOMBS 1
| #define HAVE_DECL_FDATASYNC 1
| #define HAVE_IPV6 1
| #define HAVE_SNPRINTF 1
| #define HAVE_VSNPRINTF 1
| #define HAVE_DECL_SNPRINTF 1
| #define HAVE_DECL_VSNPRINTF 1
| #define HAVE_ISINF 1
| #define HAVE_CRYPT 1
| #define HAVE_FSEEKO 1
| #define HAVE_GETOPT 1
| #define HAVE_GETRUSAGE 1
| #define HAVE_INET_ATON 1
| #define HAVE_RANDOM 1
| #define HAVE_RINT 1
| #define HAVE_SRANDOM 1
| #define HAVE_STRDUP 1
| #define HAVE_STRERROR 1
| #define HAVE_STRTOL 1
| #define HAVE_STRTOUL 1
| #define HAVE_UNSETENV 1
| #define HAVE_GETADDRINFO 1
| #define HAVE_GETOPT_LONG 1
| #define HAVE_RL_COMPLETION_APPEND_CHARACTER 1
| #define HAVE_RL_COMPLETION_MATCHES 1
| #define HAVE_RL_FILENAME_COMPLETION_FUNCTION 1
| #define HAVE_REPLACE_HISTORY_ENTRY 1
| #define HAVE_FINITE 1
| #define HAVE_SIGSETJMP 1
| #define HAVE_SYSLOG 1
| #define HAVE_STRTOLL 1
| #define HAVE_STRTOULL 1
| #define HAVE_ATEXIT 1
| #define HAVE_FSEEKO 1
| #define HAVE_LONG_INT_64
| #define INT64_FORMAT "%ld"
| #define UINT64_FORMAT "%lu"
| #define SIZEOF_UNSIGNED_LONG 8
| #define SIZEOF_SIZE_T 8
| #define ALIGNOF_SHORT 2
| #define ALIGNOF_INT 4
| #define ALIGNOF_LONG 8
| #define ALIGNOF_DOUBLE 8
| #define MAXIMUM_ALIGNOF 8
| /* end confdefs.h.  */
| #include <stdio.h>
| #ifdef HAVE_SUPPORTDEFS_H
| #include <SupportDefs.h>
| #endif
| 
| int
| main ()
| {
| if ((uint64 *) 0)
|   return 0;
| if (sizeof (uint64))
|   return 0;
|   ;
|   return 0;
| }
configure:20904: result: no
configure:20918: checking for sig_atomic_t
configure:20943: gcc -c -g -O0 -Wall -Wmissing-prototypes -Wpointer-arith -Winline -Wdeclaration-after-statement -Wendif-labels -fno-strict-aliasing -g -D_GNU_SOURCE  conftest.c >&5
configure:20949: $? = 0
configure:20953: test -z 
			 || test ! -s conftest.err
configure:20956: $? = 0
configure:20959: test -s conftest.o
configure:20962: $? = 0
configure:20973: result: yes
configure:20988: checking for POSIX signal interface
configure:21013: gcc -o conftest -g -O0 -Wall -Wmissing-prototypes -Wpointer-arith -Winline -Wdeclaration-after-statement -Wendif-labels -fno-strict-aliasing -g -D_GNU_SOURCE    conftest.c -lz -lreadline -lcrypt -lresolv -ldl -lm  >&5
configure:21019: $? = 0
configure:21023: test -z 
			 || test ! -s conftest.err
configure:21026: $? = 0
configure:21029: test -s conftest
configure:21032: $? = 0
configure:21044: result: yes
configure:21076: checking for special C compiler options needed for large files
configure:21175: result: no
configure:21181: checking for _FILE_OFFSET_BITS value needed for large files
configure:21212: gcc -c -g -O0 -Wall -Wmissing-prototypes -Wpointer-arith -Winline -Wdeclaration-after-statement -Wendif-labels -fno-strict-aliasing -g -D_GNU_SOURCE  conftest.c >&5
configure:21218: $? = 0
configure:21222: test -z 
			 || test ! -s conftest.err
configure:21225: $? = 0
configure:21228: test -s conftest.o
configure:21231: $? = 0
configure:21296: result: no
configure:21306: checking for _LARGE_FILES value needed for large files
configure:21337: gcc -c -g -O0 -Wall -Wmissing-prototypes -Wpointer-arith -Winline -Wdeclaration-after-statement -Wendif-labels -fno-strict-aliasing -g -D_GNU_SOURCE  conftest.c >&5
configure:21343: $? = 0
configure:21347: test -z 
			 || test ! -s conftest.err
configure:21350: $? = 0
configure:21353: test -s conftest.o
configure:21356: $? = 0
configure:21421: result: no
configure:21436: checking for working memcmp
configure:21484: gcc -o conftest -g -O0 -Wall -Wmissing-prototypes -Wpointer-arith -Winline -Wdeclaration-after-statement -Wendif-labels -fno-strict-aliasing -g -D_GNU_SOURCE    conftest.c -lz -lreadline -lcrypt -lresolv -ldl -lm  >&5
configure:21487: $? = 0
configure:21489: ./conftest
configure:21492: $? = 0
configure:21506: result: yes
configure:22223: checking for onsgmls
configure:22252: result: no
configure:22223: checking for nsgmls
configure:22252: result: no
configure:22263: checking for openjade
configure:22292: result: no
configure:22263: checking for jade
configure:22292: result: no
configure:22300: checking for DocBook V4.2
configure:22329: result: no
configure:22335: checking for DocBook stylesheets
configure:22372: result: no
configure:22425: checking for collateindex.pl
configure:22458: result: no
configure:22470: checking for sgmlspl
configure:22499: result: no
configure:22743: creating ./config.status

## ---------------------- ##
## Running config.status. ##
## ---------------------- ##

This file was extended by PostgreSQL config.status 8.1.4, which was
generated by GNU Autoconf 2.59.  Invocation command line was

  CONFIG_FILES    = 
  CONFIG_HEADERS  = 
  CONFIG_LINKS    = 
  CONFIG_COMMANDS = 
  $ ./config.status 

on YacineDell

config.status:746: creating GNUmakefile
config.status:746: creating src/Makefile.global
config.status:849: creating src/include/pg_config.h
config.status:1297: linking ./src/backend/port/tas/dummy.s to src/backend/port/tas.s
config.status:1297: linking ./src/backend/port/dynloader/linux.c to src/backend/port/dynloader.c
config.status:1297: linking ./src/backend/port/sysv_sema.c to src/backend/port/pg_sema.c
config.status:1297: linking ./src/backend/port/sysv_shmem.c to src/backend/port/pg_shmem.c
config.status:1297: linking ./src/backend/port/dynloader/linux.h to src/include/dynloader.h
config.status:1297: linking ./src/include/port/linux.h to src/include/pg_config_os.h
config.status:1297: linking ./src/makefiles/Makefile.linux to src/Makefile.port

## ---------------- ##
## Cache variables. ##
## ---------------- ##

ac_cv_build=x86_64-unknown-linux-gnu
ac_cv_build_alias=x86_64-unknown-linux-gnu
ac_cv_c_compiler_gnu=yes
ac_cv_c_const=yes
ac_cv_c_inline=inline
ac_cv_c_stringize=yes
ac_cv_c_volatile=yes
ac_cv_env_CC_set=
ac_cv_env_CC_value=
ac_cv_env_CFLAGS_set=set
ac_cv_env_CFLAGS_value='-g -O0'
ac_cv_env_CPPFLAGS_set=
ac_cv_env_CPPFLAGS_value=
ac_cv_env_CPP_set=
ac_cv_env_CPP_value=
ac_cv_env_DOCBOOKSTYLE_set=
ac_cv_env_DOCBOOKSTYLE_value=
ac_cv_env_LDFLAGS_SL_set=
ac_cv_env_LDFLAGS_SL_value=
ac_cv_env_LDFLAGS_set=
ac_cv_env_LDFLAGS_value=
ac_cv_env_build_alias_set=
ac_cv_env_build_alias_value=
ac_cv_env_host_alias_set=
ac_cv_env_host_alias_value=
ac_cv_env_target_alias_set=
ac_cv_env_target_alias_value=
ac_cv_exeext=
ac_cv_func_accept_arg1=int
ac_cv_func_accept_arg2='struct sockaddr *'
ac_cv_func_accept_arg3=socklen_t
ac_cv_func_accept_return=int
ac_cv_func_atexit=yes
ac_cv_func_cbrt=yes
ac_cv_func_crypt=yes
ac_cv_func_dlopen=yes
ac_cv_func_fcvt=yes
ac_cv_func_fdatasync=yes
ac_cv_func_fseeko=yes
ac_cv_func_getaddrinfo=yes
ac_cv_func_getopt=yes
ac_cv_func_getopt_long=yes
ac_cv_func_getpeereid=no
ac_cv_func_getrusage=yes
ac_cv_func_inet_aton=yes
ac_cv_func_isinf=yes
ac_cv_func_memcmp_working=yes
ac_cv_func_memmove=yes
ac_cv_func_poll=yes
ac_cv_func_pstat=no
ac_cv_func_random=yes
ac_cv_func_readlink=yes
ac_cv_func_replace_history_entry=yes
ac_cv_func_rint=yes
ac_cv_func_rl_completion_matches=yes
ac_cv_func_rl_filename_completion_function=yes
ac_cv_func_setproctitle=no
ac_cv_func_setsid=yes
ac_cv_func_sigprocmask=yes
ac_cv_func_snprintf=yes
ac_cv_func_srandom=yes
ac_cv_func_strdup=yes
ac_cv_func_strerror=yes
ac_cv_func_strtol=yes
ac_cv_func_strtoll=yes
ac_cv_func_strtoul=yes
ac_cv_func_strtoull=yes
ac_cv_func_symlink=yes
ac_cv_func_sysconf=yes
ac_cv_func_syslog=yes
ac_cv_func_towlower=yes
ac_cv_func_unsetenv=yes
ac_cv_func_utime=yes
ac_cv_func_utimes=yes
ac_cv_func_vsnprintf=yes
ac_cv_func_waitpid=yes
ac_cv_func_wcstombs=yes
ac_cv_have_decl_F_FULLFSYNC=no
ac_cv_have_decl_fdatasync=yes
ac_cv_have_decl_snprintf=yes
ac_cv_have_decl_vsnprintf=yes
ac_cv_header_SupportDefs_h=no
ac_cv_header_crypt_h=yes
ac_cv_header_dld_h=no
ac_cv_header_endian_h=yes
ac_cv_header_fp_class_h=no
ac_cv_header_getopt_h=yes
ac_cv_header_ieeefp_h=no
ac_cv_header_inttypes_h=yes
ac_cv_header_kernel_OS_h=no
ac_cv_header_kernel_image_h=no
ac_cv_header_langinfo_h=yes
ac_cv_header_memory_h=yes
ac_cv_header_netinet_in_h=yes
ac_cv_header_netinet_tcp_h=yes
ac_cv_header_poll_h=yes
ac_cv_header_pwd_h=yes
ac_cv_header_readline_history_h=yes
ac_cv_header_readline_readline_h=yes
ac_cv_header_stdc=yes
ac_cv_header_stdint_h=yes
ac_cv_header_stdlib_h=yes
ac_cv_header_string_h=yes
ac_cv_header_strings_h=yes
ac_cv_header_sys_ipc_h=yes
ac_cv_header_sys_poll_h=yes
ac_cv_header_sys_pstat_h=no
ac_cv_header_sys_select_h=yes
ac_cv_header_sys_sem_h=yes
ac_cv_header_sys_shm_h=yes
ac_cv_header_sys_socket_h=yes
ac_cv_header_sys_stat_h=yes
ac_cv_header_sys_time_h=yes
ac_cv_header_sys_types_h=yes
ac_cv_header_sys_un_h=yes
ac_cv_header_syslog_h=yes
ac_cv_header_termios_h=yes
ac_cv_header_unistd_h=yes
ac_cv_header_utime_h=yes
ac_cv_header_wchar_h=yes
ac_cv_header_wctype_h=yes
ac_cv_header_zlib_h=yes
ac_cv_host=x86_64-unknown-linux-gnu
ac_cv_host_alias=x86_64-unknown-linux-gnu
ac_cv_lib_BSD_main=no
ac_cv_lib_IPC_main=no
ac_cv_lib_PW_main=no
ac_cv_lib_bsd_main=no
ac_cv_lib_compat_main=no
ac_cv_lib_cygipc_shmget=no
ac_cv_lib_dl_main=yes
ac_cv_lib_dld_main=no
ac_cv_lib_gen_main=no
ac_cv_lib_ipc_main=no
ac_cv_lib_lc_main=no
ac_cv_lib_ld_main=no
ac_cv_lib_m_main=yes
ac_cv_lib_nsl_main=no
ac_cv_lib_resolv_main=yes
ac_cv_lib_socket_main=no
ac_cv_lib_unix_main=no
ac_cv_lib_util_setproctitle=no
ac_cv_lib_z_inflate=yes
ac_cv_member_struct_sockaddr_sa_len=no
ac_cv_member_struct_sockaddr_storage___ss_family=no
ac_cv_member_struct_sockaddr_storage___ss_len=no
ac_cv_member_struct_sockaddr_storage_ss_family=yes
ac_cv_member_struct_sockaddr_storage_ss_len=no
ac_cv_member_struct_tm_tm_zone=yes
ac_cv_objext=o
ac_cv_path_LD=/usr/bin/ld
ac_cv_path_PERL=/usr/bin/perl
ac_cv_path_TAR=/usr/bin/tar
ac_cv_prog_AWK=gawk
ac_cv_prog_CPP='gcc -E'
ac_cv_prog_YACC='bison -y'
ac_cv_prog_ac_ct_CC=gcc
ac_cv_prog_ac_ct_RANLIB=ranlib
ac_cv_prog_ac_ct_STRIP=strip
ac_cv_prog_cc_g=yes
ac_cv_prog_cc_stdc=
ac_cv_prog_egrep='grep -E'
ac_cv_prog_gnu_ld=yes
ac_cv_search_crypt=-lcrypt
ac_cv_search_fdatasync='none required'
ac_cv_search_getopt_long='none required'
ac_cv_sizeof_size_t=8
ac_cv_sizeof_unsigned_long=8
ac_cv_struct_tm=time.h
ac_cv_sys_file_offset_bits=no
ac_cv_sys_large_files=no
ac_cv_sys_largefile_CC=no
ac_cv_sys_largefile_source=no
ac_cv_type_double=yes
ac_cv_type_int=yes
ac_cv_type_int64=no
ac_cv_type_int8=no
ac_cv_type_long=yes
ac_cv_type_short=yes
ac_cv_type_sig_atomic_t=yes
ac_cv_type_size_t=yes
ac_cv_type_struct_addrinfo=yes
ac_cv_type_struct_cmsgcred=no
ac_cv_type_struct_fcred=no
ac_cv_type_struct_option=yes
ac_cv_type_struct_sockaddr_in6=yes
ac_cv_type_struct_sockaddr_storage=yes
ac_cv_type_struct_sockaddr_un=yes
ac_cv_type_struct_sockcred=no
ac_cv_type_uint64=no
ac_cv_type_uint8=no
ac_cv_type_union_semun=no
ac_cv_type_unsigned_long=yes
ac_cv_type_z_streamp=yes
ac_cv_var_tzname=yes
pgac_cv_alignof_double=8
pgac_cv_alignof_int=4
pgac_cv_alignof_long=8
pgac_cv_alignof_short=2
pgac_cv_c_signed=yes
pgac_cv_check_docbook=no
pgac_cv_check_readline=-lreadline
pgac_cv_func_gettimeofday_1arg=no
pgac_cv_func_posix_signals=yes
pgac_cv_funcname_func_support=yes
pgac_cv_path_flex=/usr/bin/flex
pgac_cv_type_long_int_64=yes
pgac_cv_var_PS_STRINGS=no
pgac_cv_var_int_optreset=no
pgac_cv_var_int_timezone=yes

## ----------------- ##
## Output variables. ##
## ----------------- ##

AWK='gawk'
CC='gcc'
CFLAGS='-g -O0 -Wall -Wmissing-prototypes -Wpointer-arith -Winline -Wdeclaration-after-statement -Wendif-labels -fno-strict-aliasing -g'
COLLATEINDEX=''
CPP='gcc -E'
CPPFLAGS='-D_GNU_SOURCE '
DEFS='-DHAVE_CONFIG_H'
DOCBOOKSTYLE=''
ECHO_C=''
ECHO_N='-n'
ECHO_T=''
EGREP='grep -E'
ELF_SYS='true'
EXEEXT=''
FLEX='/usr/bin/flex'
FLEXFLAGS=''
GCC='yes'
HAVE_IPV6='yes'
HAVE_POSIX_SIGNALS='yes'
INCLUDES=''
JADE=''
LD='/usr/bin/ld'
LDFLAGS=' '
LDFLAGS_SL=''
LIBOBJS=''
LIBS='-lz -lreadline -lcrypt -lresolv -ldl -lm '
LN_S='ln -s'
LORDER=''
LTLIBOBJS=''
MSGFMT=''
MSGMERGE=''
NSGMLS=''
OBJEXT='o'
PACKAGE_BUGREPORT='pgsql-bugs@postgresql.org'
PACKAGE_NAME='PostgreSQL'
PACKAGE_STRING='PostgreSQL 8.1.4'
PACKAGE_TARNAME='postgresql'
PACKAGE_VERSION='8.1.4'
PATH_SEPARATOR=':'
PERL='/usr/bin/perl'
PORTNAME='linux'
PTHREAD_CC=''
PTHREAD_CFLAGS=''
PTHREAD_LIBS=''
PYTHON=''
RANLIB='ranlib'
SGMLSPL=''
SHELL='/bin/bash'
STRIP='strip'
STRIP_SHARED_LIB='strip --strip-unneeded'
STRIP_STATIC_LIB='strip -x'
TAR='/usr/bin/tar'
TAS=''
TCLSH=''
TCL_CONFIG_SH=''
TCL_INCLUDE_SPEC=''
TCL_LIBS=''
TCL_LIB_FILE=''
TCL_LIB_SPEC=''
TCL_SHARED_BUILD=''
TCL_SHLIB_LD_LIBS=''
WANTED_LANGUAGES=''
XGETTEXT=''
YACC='bison -y'
YFLAGS=''
ac_ct_CC='gcc'
ac_ct_RANLIB='ranlib'
ac_ct_STRIP='strip'
acx_pthread_config=''
autodepend=''
bindir='${exec_prefix}/bin'
build='x86_64-unknown-linux-gnu'
build_alias=''
build_cpu='x86_64'
build_os='linux-gnu'
build_vendor='unknown'
configure_args=''--prefix=/usr/local/pgsql' 'CFLAGS=-g -O0' '--enable-debug' '--enable-cassert''
datadir='${prefix}/share'
default_port='5432'
docdir='${prefix}/doc'
enable_debug='yes'
enable_nls='no'
enable_rpath='yes'
enable_shared='yes'
enable_thread_safety='no'
exec_prefix='${prefix}'
have_docbook='no'
host='x86_64-unknown-linux-gnu'
host_alias=''
host_cpu='x86_64'
host_os='linux-gnu'
host_vendor='unknown'
includedir='${prefix}/include'
infodir='${prefix}/info'
krb_srvtab=''
ld_R_works=''
libdir='${exec_prefix}/lib'
libexecdir='${exec_prefix}/libexec'
localedir=''
localstatedir='${prefix}/var'
mandir='${prefix}/man'
oldincludedir='/usr/include'
perl_archlibexp=''
perl_embed_ldflags=''
perl_privlibexp=''
perl_useshrplib=''
prefix='/usr/local/pgsql'
program_transform_name='s,x,x,'
python_additional_libs=''
python_configdir=''
python_includespec=''
python_libdir=''
python_libspec=''
python_version=''
sbindir='${exec_prefix}/sbin'
sharedstatedir='${prefix}/com'
sysconfdir='${prefix}/etc'
target_alias=''
vpath_build='no'
with_bonjour='no'
with_gnu_ld='yes'
with_krb5='no'
with_openssl='no'
with_pam='no'
with_perl='no'
with_python='no'
with_tcl='no'
with_zlib='yes'

## ----------- ##
## confdefs.h. ##
## ----------- ##

#define ACCEPT_TYPE_ARG1 int
#define ACCEPT_TYPE_ARG2 struct sockaddr *
#define ACCEPT_TYPE_ARG3 socklen_t
#define ACCEPT_TYPE_RETURN int
#define ALIGNOF_DOUBLE 8
#define ALIGNOF_INT 4
#define ALIGNOF_LONG 8
#define ALIGNOF_SHORT 2
#define DEF_PGPORT 5432
#define DEF_PGPORT_STR "5432"
#define HAVE_ATEXIT 1
#define HAVE_CBRT 1
#define HAVE_CRYPT 1
#define HAVE_CRYPT_H 1
#define HAVE_DECL_FDATASYNC 1
#define HAVE_DECL_F_FULLFSYNC 0
#define HAVE_DECL_SNPRINTF 1
#define HAVE_DECL_VSNPRINTF 1
#define HAVE_DLOPEN 1
#define HAVE_ENDIAN_H 1
#define HAVE_FCVT 1
#define HAVE_FDATASYNC 1
#define HAVE_FINITE 1
#define HAVE_FSEEKO 1
#define HAVE_FSEEKO 1
#define HAVE_FUNCNAME__FUNC 1
#define HAVE_GETADDRINFO 1
#define HAVE_GETOPT 1
#define HAVE_GETOPT_H 1
#define HAVE_GETOPT_LONG 1
#define HAVE_GETRUSAGE 1
#define HAVE_INET_ATON 1
#define HAVE_INTTYPES_H 1
#define HAVE_INT_TIMEZONE
#define HAVE_IPV6 1
#define HAVE_ISINF 1
#define HAVE_LANGINFO_H 1
#define HAVE_LIBDL 1
#define HAVE_LIBM 1
#define HAVE_LIBREADLINE 1
#define HAVE_LIBRESOLV 1
#define HAVE_LIBZ 1
#define HAVE_LONG_INT_64
#define HAVE_MEMMOVE 1
#define HAVE_MEMORY_H 1
#define HAVE_NETINET_IN_H 1
#define HAVE_NETINET_TCP_H 1
#define HAVE_POLL 1
#define HAVE_POLL_H 1
#define HAVE_POSIX_SIGNALS
#define HAVE_PWD_H 1
#define HAVE_RANDOM 1
#define HAVE_READLINE_HISTORY_H 1
#define HAVE_READLINE_READLINE_H 1
#define HAVE_READLINK 1
#define HAVE_REPLACE_HISTORY_ENTRY 1
#define HAVE_RINT 1
#define HAVE_RL_COMPLETION_APPEND_CHARACTER 1
#define HAVE_RL_COMPLETION_MATCHES 1
#define HAVE_RL_FILENAME_COMPLETION_FUNCTION 1
#define HAVE_SETSID 1
#define HAVE_SIGPROCMASK 1
#define HAVE_SIGSETJMP 1
#define HAVE_SIG_ATOMIC_T 1
#define HAVE_SNPRINTF 1
#define HAVE_SPINLOCKS 1
#define HAVE_SRANDOM 1
#define HAVE_STDINT_H 1
#define HAVE_STDLIB_H 1
#define HAVE_STRDUP 1
#define HAVE_STRERROR 1
#define HAVE_STRINGIZE 1
#define HAVE_STRINGS_H 1
#define HAVE_STRING_H 1
#define HAVE_STRTOL 1
#define HAVE_STRTOLL 1
#define HAVE_STRTOUL 1
#define HAVE_STRTOULL 1
#define HAVE_STRUCT_ADDRINFO 1
#define HAVE_STRUCT_OPTION 1
#define HAVE_STRUCT_SOCKADDR_STORAGE 1
#define HAVE_STRUCT_SOCKADDR_STORAGE_SS_FAMILY 1
#define HAVE_STRUCT_SOCKADDR_UN 1
#define HAVE_STRUCT_TM_TM_ZONE 1
#define HAVE_SYMLINK 1
#define HAVE_SYSCONF 1
#define HAVE_SYSLOG 1
#define HAVE_SYS_IPC_H 1
#define HAVE_SYS_POLL_H 1
#define HAVE_SYS_SELECT_H 1
#define HAVE_SYS_SEM_H 1
#define HAVE_SYS_SHM_H 1
#define HAVE_SYS_SOCKET_H 1
#define HAVE_SYS_STAT_H 1
#define HAVE_SYS_TIME_H 1
#define HAVE_SYS_TYPES_H 1
#define HAVE_SYS_UN_H 1
#define HAVE_TERMIOS_H 1
#define HAVE_TM_ZONE 1
#define HAVE_TOWLOWER 1
#define HAVE_TZNAME 1
#define HAVE_UNISTD_H 1
#define HAVE_UNIX_SOCKETS 1
#define HAVE_UNSETENV 1
#define HAVE_UTIME 1
#define HAVE_UTIMES 1
#define HAVE_UTIME_H 1
#define HAVE_VSNPRINTF 1
#define HAVE_WAITPID 1
#define HAVE_WCHAR_H 1
#define HAVE_WCSTOMBS 1
#define HAVE_WCTYPE_H 1
#define INT64_FORMAT "%ld"
#define MAXIMUM_ALIGNOF 8
#define PACKAGE_BUGREPORT "pgsql-bugs@postgresql.org"
#define PACKAGE_NAME "PostgreSQL"
#define PACKAGE_STRING "PostgreSQL 8.1.4"
#define PACKAGE_TARNAME "postgresql"
#define PACKAGE_VERSION "8.1.4"
#define PG_KRB_SRVNAM "postgres"
#define PG_VERSION "8.1.4"
#define PG_VERSION_STR "PostgreSQL 8.1.4 on x86_64-unknown-linux-gnu, compiled by GCC gcc (Ubuntu 13.3.0-6ubuntu2~24.04) 13.3.0"
#define SIZEOF_SIZE_T 8
#define SIZEOF_UNSIGNED_LONG 8
#define STDC_HEADERS 1
#define UINT64_FORMAT "%lu"
#define USE_ASSERT_CHECKING 1
#define USE_SYSV_SEMAPHORES 1
#define USE_SYSV_SHARED_MEMORY 1

configure: exit 0
